[0.000000] (-) TimerEvent: {}
[0.000394] (bcr_bot) JobQueued: {'identifier': 'bcr_bot', 'dependencies': OrderedDict()}
[0.000666] (bcr_bot) JobStarted: {'identifier': 'bcr_bot'}
[0.012124] (bcr_bot) JobProgress: {'identifier': 'bcr_bot', 'progress': 'cmake'}
[0.013818] (bcr_bot) JobProgress: {'identifier': 'bcr_bot', 'progress': 'build'}
[0.014574] (bcr_bot) Command: {'cmd': ['/usr/bin/cmake', '--build', '/root/ros2_ws/build/bcr_bot', '--', '-j4', '-l4'], 'cwd': '/root/ros2_ws/build/bcr_bot', 'env': OrderedDict([('HOSTNAME', 'kira9k-IdeaPad-3-15ARE05'), ('SHLVL', '1'), ('LD_LIBRARY_PATH', '/usr/lib/x86_64-linux-gnu/gazebo-11/plugins:/opt/ros/humble/opt/rviz_ogre_vendor/lib:/opt/ros/humble/lib/x86_64-linux-gnu:/opt/ros/humble/lib'), ('HOME', '/root'), ('ROS_PYTHON_VERSION', '3'), ('WORKSPACE', '/root/ros2_ws'), ('COLCON_PREFIX_PATH', '/root/ros2_ws/install'), ('ROS_DISTRO', 'humble'), ('_', '/usr/bin/colcon'), ('ROS_VERSION', '2'), ('TERM', 'xterm'), ('ROS_LOCALHOST_ONLY', '0'), ('PATH', '/opt/ros/humble/bin:/usr/local/sbin:/usr/local/bin:/usr/sbin:/usr/bin:/sbin:/bin'), ('XDG_RUNTIME_DIR', '/tmp/runtime-root'), ('DISPLAY', ':0'), ('LANG', 'C.UTF-8'), ('AMENT_PREFIX_PATH', '/root/ros2_ws/install/bcr_bot:/opt/ros/humble'), ('PWD', '/root/ros2_ws/build/bcr_bot'), ('LC_ALL', 'C.UTF-8'), ('PYTHONPATH', '/opt/ros/humble/lib/python3.10/site-packages:/opt/ros/humble/local/lib/python3.10/dist-packages'), ('COLCON', '1'), ('CMAKE_PREFIX_PATH', '/root/ros2_ws/install/bcr_bot:/opt/ros/humble')]), 'shell': False}
[0.055492] (bcr_bot) CommandEnded: {'returncode': 0}
[0.057379] (bcr_bot) JobProgress: {'identifier': 'bcr_bot', 'progress': 'install'}
[0.065631] (bcr_bot) Command: {'cmd': ['/usr/bin/cmake', '--install', '/root/ros2_ws/build/bcr_bot'], 'cwd': '/root/ros2_ws/build/bcr_bot', 'env': OrderedDict([('HOSTNAME', 'kira9k-IdeaPad-3-15ARE05'), ('SHLVL', '1'), ('LD_LIBRARY_PATH', '/usr/lib/x86_64-linux-gnu/gazebo-11/plugins:/opt/ros/humble/opt/rviz_ogre_vendor/lib:/opt/ros/humble/lib/x86_64-linux-gnu:/opt/ros/humble/lib'), ('HOME', '/root'), ('ROS_PYTHON_VERSION', '3'), ('WORKSPACE', '/root/ros2_ws'), ('COLCON_PREFIX_PATH', '/root/ros2_ws/install'), ('ROS_DISTRO', 'humble'), ('_', '/usr/bin/colcon'), ('ROS_VERSION', '2'), ('TERM', 'xterm'), ('ROS_LOCALHOST_ONLY', '0'), ('PATH', '/opt/ros/humble/bin:/usr/local/sbin:/usr/local/bin:/usr/sbin:/usr/bin:/sbin:/bin'), ('XDG_RUNTIME_DIR', '/tmp/runtime-root'), ('DISPLAY', ':0'), ('LANG', 'C.UTF-8'), ('AMENT_PREFIX_PATH', '/root/ros2_ws/install/bcr_bot:/opt/ros/humble'), ('PWD', '/root/ros2_ws/build/bcr_bot'), ('LC_ALL', 'C.UTF-8'), ('PYTHONPATH', '/opt/ros/humble/lib/python3.10/site-packages:/opt/ros/humble/local/lib/python3.10/dist-packages'), ('COLCON', '1'), ('CMAKE_PREFIX_PATH', '/root/ros2_ws/install/bcr_bot:/opt/ros/humble')]), 'shell': False}
[0.072760] (bcr_bot) StdoutLine: {'line': b'-- Install configuration: ""\n'}
[0.073246] (bcr_bot) StdoutLine: {'line': b'-- Up-to-date: /root/ros2_ws/install/bcr_bot/share/bcr_bot//launch\n'}
[0.074643] (bcr_bot) StdoutLine: {'line': b'-- Up-to-date: /root/ros2_ws/install/bcr_bot/share/bcr_bot//launch/bcr_bot_gazebo_spawn.launch.py\n'}
[0.075643] (bcr_bot) StdoutLine: {'line': b'-- Up-to-date: /root/ros2_ws/install/bcr_bot/share/bcr_bot//launch/bcr_bot_gz_spawn.launch.py\n'}
[0.076607] (bcr_bot) StdoutLine: {'line': b'-- Up-to-date: /root/ros2_ws/install/bcr_bot/share/bcr_bot//launch/bcr_bot_ign_spawn.launch.py\n'}
[0.077522] (bcr_bot) StdoutLine: {'line': b'-- Up-to-date: /root/ros2_ws/install/bcr_bot/share/bcr_bot//launch/gazebo.launch.py\n'}
[0.078417] (bcr_bot) StdoutLine: {'line': b'-- Up-to-date: /root/ros2_ws/install/bcr_bot/share/bcr_bot//launch/gz.launch.py\n'}
[0.079320] (bcr_bot) StdoutLine: {'line': b'-- Up-to-date: /root/ros2_ws/install/bcr_bot/share/bcr_bot//launch/ign.launch.py\n'}
[0.080236] (bcr_bot) StdoutLine: {'line': b'-- Up-to-date: /root/ros2_ws/install/bcr_bot/share/bcr_bot//launch/mapping.launch.py\n'}
[0.081193] (bcr_bot) StdoutLine: {'line': b'-- Up-to-date: /root/ros2_ws/install/bcr_bot/share/bcr_bot//launch/nav2.launch.py\n'}
[0.082125] (bcr_bot) StdoutLine: {'line': b'-- Up-to-date: /root/ros2_ws/install/bcr_bot/share/bcr_bot//launch/rviz.launch.py\n'}
[0.082974] (bcr_bot) StdoutLine: {'line': b'-- Up-to-date: /root/ros2_ws/install/bcr_bot/share/bcr_bot//meshes\n'}
[0.084016] (bcr_bot) StdoutLine: {'line': b'-- Up-to-date: /root/ros2_ws/install/bcr_bot/share/bcr_bot//meshes/bcr_bot_mesh.dae\n'}
[0.084626] (bcr_bot) StdoutLine: {'line': b'-- Up-to-date: /root/ros2_ws/install/bcr_bot/share/bcr_bot//meshes/kinect\n'}
[0.085757] (bcr_bot) StdoutLine: {'line': b'-- Up-to-date: /root/ros2_ws/install/bcr_bot/share/bcr_bot//meshes/kinect/d415.dae\n'}
[0.086545] (bcr_bot) StdoutLine: {'line': b'-- Up-to-date: /root/ros2_ws/install/bcr_bot/share/bcr_bot//meshes/kinect/kinect.dae\n'}
[0.087314] (bcr_bot) StdoutLine: {'line': b'-- Up-to-date: /root/ros2_ws/install/bcr_bot/share/bcr_bot//meshes/kinect/kinect.jpg\n'}
[0.088090] (bcr_bot) StdoutLine: {'line': b'-- Up-to-date: /root/ros2_ws/install/bcr_bot/share/bcr_bot//meshes/kinect/kinect.tga\n'}
[0.088789] (bcr_bot) StdoutLine: {'line': b'-- Up-to-date: /root/ros2_ws/install/bcr_bot/share/bcr_bot//meshes/logo.png\n'}
[0.089491] (bcr_bot) StdoutLine: {'line': b'-- Up-to-date: /root/ros2_ws/install/bcr_bot/share/bcr_bot//meshes/realsense_texture.png\n'}
[0.089997] (bcr_bot) StdoutLine: {'line': b'-- Up-to-date: /root/ros2_ws/install/bcr_bot/share/bcr_bot//models\n'}
[0.090853] (bcr_bot) StdoutLine: {'line': b'-- Up-to-date: /root/ros2_ws/install/bcr_bot/share/bcr_bot//models/aws_robomaker_warehouse_Bucket_01\n'}
[0.092088] (bcr_bot) StdoutLine: {'line': b'-- Up-to-date: /root/ros2_ws/install/bcr_bot/share/bcr_bot//models/aws_robomaker_warehouse_Bucket_01/.DS_Store\n'}
[0.093048] (bcr_bot) StdoutLine: {'line': b'-- Up-to-date: /root/ros2_ws/install/bcr_bot/share/bcr_bot//models/aws_robomaker_warehouse_Bucket_01/materials\n'}
[0.094260] (bcr_bot) StdoutLine: {'line': b'-- Up-to-date: /root/ros2_ws/install/bcr_bot/share/bcr_bot//models/aws_robomaker_warehouse_Bucket_01/materials/.DS_Store\n'}
[0.094955] (bcr_bot) StdoutLine: {'line': b'-- Up-to-date: /root/ros2_ws/install/bcr_bot/share/bcr_bot//models/aws_robomaker_warehouse_Bucket_01/materials/textures\n'}
[0.096233] (bcr_bot) StdoutLine: {'line': b'-- Up-to-date: /root/ros2_ws/install/bcr_bot/share/bcr_bot//models/aws_robomaker_warehouse_Bucket_01/materials/textures/aws_robomaker_warehouse_Bucket_01.png\n'}
[0.096912] (bcr_bot) StdoutLine: {'line': b'-- Up-to-date: /root/ros2_ws/install/bcr_bot/share/bcr_bot//models/aws_robomaker_warehouse_Bucket_01/meshes\n'}
[0.098229] (bcr_bot) StdoutLine: {'line': b'-- Up-to-date: /root/ros2_ws/install/bcr_bot/share/bcr_bot//models/aws_robomaker_warehouse_Bucket_01/meshes/aws_robomaker_warehouse_Bucket_01_collision.DAE\n'}
[0.099153] (bcr_bot) StdoutLine: {'line': b'-- Up-to-date: /root/ros2_ws/install/bcr_bot/share/bcr_bot//models/aws_robomaker_warehouse_Bucket_01/meshes/aws_robomaker_warehouse_Bucket_01_visual.DAE\n'}
[0.099365] (-) TimerEvent: {}
[0.100128] (bcr_bot) StdoutLine: {'line': b'-- Up-to-date: /root/ros2_ws/install/bcr_bot/share/bcr_bot//models/aws_robomaker_warehouse_Bucket_01/model.config\n'}
[0.100917] (bcr_bot) StdoutLine: {'line': b'-- Up-to-date: /root/ros2_ws/install/bcr_bot/share/bcr_bot//models/aws_robomaker_warehouse_Bucket_01/model.sdf\n'}
[0.101568] (bcr_bot) StdoutLine: {'line': b'-- Up-to-date: /root/ros2_ws/install/bcr_bot/share/bcr_bot//models/aws_robomaker_warehouse_ClutteringA_01\n'}
[0.102708] (bcr_bot) StdoutLine: {'line': b'-- Up-to-date: /root/ros2_ws/install/bcr_bot/share/bcr_bot//models/aws_robomaker_warehouse_ClutteringA_01/.DS_Store\n'}
[0.103426] (bcr_bot) StdoutLine: {'line': b'-- Up-to-date: /root/ros2_ws/install/bcr_bot/share/bcr_bot//models/aws_robomaker_warehouse_ClutteringA_01/materials\n'}
[0.104640] (bcr_bot) StdoutLine: {'line': b'-- Up-to-date: /root/ros2_ws/install/bcr_bot/share/bcr_bot//models/aws_robomaker_warehouse_ClutteringA_01/materials/.DS_Store\n'}
[0.105364] (bcr_bot) StdoutLine: {'line': b'-- Up-to-date: /root/ros2_ws/install/bcr_bot/share/bcr_bot//models/aws_robomaker_warehouse_ClutteringA_01/materials/textures\n'}
[0.106763] (bcr_bot) StdoutLine: {'line': b'-- Up-to-date: /root/ros2_ws/install/bcr_bot/share/bcr_bot//models/aws_robomaker_warehouse_ClutteringA_01/materials/textures/.DS_Store\n'}
[0.107756] (bcr_bot) StdoutLine: {'line': b'-- Up-to-date: /root/ros2_ws/install/bcr_bot/share/bcr_bot//models/aws_robomaker_warehouse_ClutteringA_01/materials/textures/aws_robomaker_warehouse_ClutteringA_01.png\n'}
[0.108788] (bcr_bot) StdoutLine: {'line': b'-- Up-to-date: /root/ros2_ws/install/bcr_bot/share/bcr_bot//models/aws_robomaker_warehouse_ClutteringA_01/materials/textures/aws_robomaker_warehouse_ClutteringA_02.png\n'}
[0.109843] (bcr_bot) StdoutLine: {'line': b'-- Up-to-date: /root/ros2_ws/install/bcr_bot/share/bcr_bot//models/aws_robomaker_warehouse_ClutteringA_01/materials/textures/aws_robomaker_warehouse_ClutteringA_03.png\n'}
[0.110801] (bcr_bot) StdoutLine: {'line': b'-- Up-to-date: /root/ros2_ws/install/bcr_bot/share/bcr_bot//models/aws_robomaker_warehouse_ClutteringA_01/meshes\n'}
[0.112601] (bcr_bot) StdoutLine: {'line': b'-- Up-to-date: /root/ros2_ws/install/bcr_bot/share/bcr_bot//models/aws_robomaker_warehouse_ClutteringA_01/meshes/aws_robomaker_warehouse_ClutteringA_01_collision.DAE\n'}
[0.113531] (bcr_bot) StdoutLine: {'line': b'-- Up-to-date: /root/ros2_ws/install/bcr_bot/share/bcr_bot//models/aws_robomaker_warehouse_ClutteringA_01/meshes/aws_robomaker_warehouse_ClutteringA_01_visual.DAE\n'}
[0.114384] (bcr_bot) StdoutLine: {'line': b'-- Up-to-date: /root/ros2_ws/install/bcr_bot/share/bcr_bot//models/aws_robomaker_warehouse_ClutteringA_01/model.config\n'}
[0.115255] (bcr_bot) StdoutLine: {'line': b'-- Up-to-date: /root/ros2_ws/install/bcr_bot/share/bcr_bot//models/aws_robomaker_warehouse_ClutteringA_01/model.sdf\n'}
[0.115850] (bcr_bot) StdoutLine: {'line': b'-- Up-to-date: /root/ros2_ws/install/bcr_bot/share/bcr_bot//models/aws_robomaker_warehouse_ClutteringC_01\n'}
[0.116785] (bcr_bot) StdoutLine: {'line': b'-- Up-to-date: /root/ros2_ws/install/bcr_bot/share/bcr_bot//models/aws_robomaker_warehouse_ClutteringC_01/materials\n'}
[0.117863] (bcr_bot) StdoutLine: {'line': b'-- Up-to-date: /root/ros2_ws/install/bcr_bot/share/bcr_bot//models/aws_robomaker_warehouse_ClutteringC_01/materials/textures\n'}
[0.119248] (bcr_bot) StdoutLine: {'line': b'-- Up-to-date: /root/ros2_ws/install/bcr_bot/share/bcr_bot//models/aws_robomaker_warehouse_ClutteringC_01/materials/textures/aws_robomaker_warehouse_ClutteringC_01.png\n'}
[0.120313] (bcr_bot) StdoutLine: {'line': b'-- Up-to-date: /root/ros2_ws/install/bcr_bot/share/bcr_bot//models/aws_robomaker_warehouse_ClutteringC_01/materials/textures/aws_robomaker_warehouse_ClutteringC_02.png\n'}
[0.121725] (bcr_bot) StdoutLine: {'line': b'-- Up-to-date: /root/ros2_ws/install/bcr_bot/share/bcr_bot//models/aws_robomaker_warehouse_ClutteringC_01/meshes\n'}
[0.125549] (bcr_bot) StdoutLine: {'line': b'-- Up-to-date: /root/ros2_ws/install/bcr_bot/share/bcr_bot//models/aws_robomaker_warehouse_ClutteringC_01/meshes/aws_robomaker_warehouse_ClutteringC_01_collision.DAE\n'}
[0.126770] (bcr_bot) StdoutLine: {'line': b'-- Up-to-date: /root/ros2_ws/install/bcr_bot/share/bcr_bot//models/aws_robomaker_warehouse_ClutteringC_01/meshes/aws_robomaker_warehouse_ClutteringC_01_visual.DAE\n'}
[0.128387] (bcr_bot) StdoutLine: {'line': b'-- Up-to-date: /root/ros2_ws/install/bcr_bot/share/bcr_bot//models/aws_robomaker_warehouse_ClutteringC_01/model.config\n'}
[0.129111] (bcr_bot) StdoutLine: {'line': b'-- Up-to-date: /root/ros2_ws/install/bcr_bot/share/bcr_bot//models/aws_robomaker_warehouse_ClutteringC_01/model.sdf\n'}
[0.129686] (bcr_bot) StdoutLine: {'line': b'-- Up-to-date: /root/ros2_ws/install/bcr_bot/share/bcr_bot//models/aws_robomaker_warehouse_ClutteringD_01\n'}
[0.130666] (bcr_bot) StdoutLine: {'line': b'-- Up-to-date: /root/ros2_ws/install/bcr_bot/share/bcr_bot//models/aws_robomaker_warehouse_ClutteringD_01/materials\n'}
[0.131730] (bcr_bot) StdoutLine: {'line': b'-- Up-to-date: /root/ros2_ws/install/bcr_bot/share/bcr_bot//models/aws_robomaker_warehouse_ClutteringD_01/materials/textures\n'}
[0.133106] (bcr_bot) StdoutLine: {'line': b'-- Up-to-date: /root/ros2_ws/install/bcr_bot/share/bcr_bot//models/aws_robomaker_warehouse_ClutteringD_01/materials/textures/aws_robomaker_warehouse_ClutteringD_01.png\n'}
[0.134105] (bcr_bot) StdoutLine: {'line': b'-- Up-to-date: /root/ros2_ws/install/bcr_bot/share/bcr_bot//models/aws_robomaker_warehouse_ClutteringD_01/materials/textures/aws_robomaker_warehouse_ClutteringD_02.png\n'}
[0.134990] (bcr_bot) StdoutLine: {'line': b'-- Up-to-date: /root/ros2_ws/install/bcr_bot/share/bcr_bot//models/aws_robomaker_warehouse_ClutteringD_01/meshes\n'}
[0.136338] (bcr_bot) StdoutLine: {'line': b'-- Up-to-date: /root/ros2_ws/install/bcr_bot/share/bcr_bot//models/aws_robomaker_warehouse_ClutteringD_01/meshes/aws_robomaker_warehouse_ClutteringD_01_collision.DAE\n'}
[0.137265] (bcr_bot) StdoutLine: {'line': b'-- Up-to-date: /root/ros2_ws/install/bcr_bot/share/bcr_bot//models/aws_robomaker_warehouse_ClutteringD_01/meshes/aws_robomaker_warehouse_ClutteringD_01_visual.DAE\n'}
[0.138084] (bcr_bot) StdoutLine: {'line': b'-- Up-to-date: /root/ros2_ws/install/bcr_bot/share/bcr_bot//models/aws_robomaker_warehouse_ClutteringD_01/model.config\n'}
[0.138885] (bcr_bot) StdoutLine: {'line': b'-- Up-to-date: /root/ros2_ws/install/bcr_bot/share/bcr_bot//models/aws_robomaker_warehouse_ClutteringD_01/model.sdf\n'}
[0.139490] (bcr_bot) StdoutLine: {'line': b'-- Up-to-date: /root/ros2_ws/install/bcr_bot/share/bcr_bot//models/aws_robomaker_warehouse_DeskC_01\n'}
[0.140409] (bcr_bot) StdoutLine: {'line': b'-- Up-to-date: /root/ros2_ws/install/bcr_bot/share/bcr_bot//models/aws_robomaker_warehouse_DeskC_01/materials\n'}
[0.141624] (bcr_bot) StdoutLine: {'line': b'-- Up-to-date: /root/ros2_ws/install/bcr_bot/share/bcr_bot//models/aws_robomaker_warehouse_DeskC_01/materials/.DS_Store\n'}
[0.142348] (bcr_bot) StdoutLine: {'line': b'-- Up-to-date: /root/ros2_ws/install/bcr_bot/share/bcr_bot//models/aws_robomaker_warehouse_DeskC_01/materials/textures\n'}
[0.144075] (bcr_bot) StdoutLine: {'line': b'-- Up-to-date: /root/ros2_ws/install/bcr_bot/share/bcr_bot//models/aws_robomaker_warehouse_DeskC_01/materials/textures/aws_robomaker_warehouse_DeskC_01.png\n'}
[0.145036] (bcr_bot) StdoutLine: {'line': b'-- Up-to-date: /root/ros2_ws/install/bcr_bot/share/bcr_bot//models/aws_robomaker_warehouse_DeskC_01/materials/textures/aws_robomaker_warehouse_DeskC_02.png\n'}
[0.145998] (bcr_bot) StdoutLine: {'line': b'-- Up-to-date: /root/ros2_ws/install/bcr_bot/share/bcr_bot//models/aws_robomaker_warehouse_DeskC_01/materials/textures/aws_robomaker_warehouse_DeskC_03.png\n'}
[0.147006] (bcr_bot) StdoutLine: {'line': b'-- Up-to-date: /root/ros2_ws/install/bcr_bot/share/bcr_bot//models/aws_robomaker_warehouse_DeskC_01/materials/textures/aws_robomaker_warehouse_DeskC_03.psd\n'}
[0.148044] (bcr_bot) StdoutLine: {'line': b'-- Up-to-date: /root/ros2_ws/install/bcr_bot/share/bcr_bot//models/aws_robomaker_warehouse_DeskC_01/materials/textures/aws_robomaker_warehouse_DeskC_04.png\n'}
[0.148741] (bcr_bot) StdoutLine: {'line': b'-- Up-to-date: /root/ros2_ws/install/bcr_bot/share/bcr_bot//models/aws_robomaker_warehouse_DeskC_01/meshes\n'}
[0.149968] (bcr_bot) StdoutLine: {'line': b'-- Up-to-date: /root/ros2_ws/install/bcr_bot/share/bcr_bot//models/aws_robomaker_warehouse_DeskC_01/meshes/aws_robomaker_warehouse_DeskC_01_collision.DAE\n'}
[0.150860] (bcr_bot) StdoutLine: {'line': b'-- Up-to-date: /root/ros2_ws/install/bcr_bot/share/bcr_bot//models/aws_robomaker_warehouse_DeskC_01/meshes/aws_robomaker_warehouse_DeskC_01_visual.DAE\n'}
[0.151664] (bcr_bot) StdoutLine: {'line': b'-- Up-to-date: /root/ros2_ws/install/bcr_bot/share/bcr_bot//models/aws_robomaker_warehouse_DeskC_01/model.config\n'}
[0.152441] (bcr_bot) StdoutLine: {'line': b'-- Up-to-date: /root/ros2_ws/install/bcr_bot/share/bcr_bot//models/aws_robomaker_warehouse_DeskC_01/model.sdf\n'}
[0.153026] (bcr_bot) StdoutLine: {'line': b'-- Up-to-date: /root/ros2_ws/install/bcr_bot/share/bcr_bot//models/aws_robomaker_warehouse_GroundB_01\n'}
[0.153967] (bcr_bot) StdoutLine: {'line': b'-- Up-to-date: /root/ros2_ws/install/bcr_bot/share/bcr_bot//models/aws_robomaker_warehouse_GroundB_01/materials\n'}
[0.155020] (bcr_bot) StdoutLine: {'line': b'-- Up-to-date: /root/ros2_ws/install/bcr_bot/share/bcr_bot//models/aws_robomaker_warehouse_GroundB_01/materials/textures\n'}
[0.156404] (bcr_bot) StdoutLine: {'line': b'-- Up-to-date: /root/ros2_ws/install/bcr_bot/share/bcr_bot//models/aws_robomaker_warehouse_GroundB_01/materials/textures/aws_robomaker_warehouse_GroundB_01.png\n'}
[0.157428] (bcr_bot) StdoutLine: {'line': b'-- Up-to-date: /root/ros2_ws/install/bcr_bot/share/bcr_bot//models/aws_robomaker_warehouse_GroundB_01/materials/textures/aws_robomaker_warehouse_GroundB_02.png\n'}
[0.158122] (bcr_bot) StdoutLine: {'line': b'-- Up-to-date: /root/ros2_ws/install/bcr_bot/share/bcr_bot//models/aws_robomaker_warehouse_GroundB_01/meshes\n'}
[0.159367] (bcr_bot) StdoutLine: {'line': b'-- Up-to-date: /root/ros2_ws/install/bcr_bot/share/bcr_bot//models/aws_robomaker_warehouse_GroundB_01/meshes/aws_robomaker_warehouse_GroundB_01_collision.DAE\n'}
[0.160266] (bcr_bot) StdoutLine: {'line': b'-- Up-to-date: /root/ros2_ws/install/bcr_bot/share/bcr_bot//models/aws_robomaker_warehouse_GroundB_01/meshes/aws_robomaker_warehouse_GroundB_01_visual.DAE\n'}
[0.161072] (bcr_bot) StdoutLine: {'line': b'-- Up-to-date: /root/ros2_ws/install/bcr_bot/share/bcr_bot//models/aws_robomaker_warehouse_GroundB_01/model.config\n'}
[0.161836] (bcr_bot) StdoutLine: {'line': b'-- Up-to-date: /root/ros2_ws/install/bcr_bot/share/bcr_bot//models/aws_robomaker_warehouse_GroundB_01/model.sdf\n'}
[0.162425] (bcr_bot) StdoutLine: {'line': b'-- Up-to-date: /root/ros2_ws/install/bcr_bot/share/bcr_bot//models/aws_robomaker_warehouse_Lamp_01\n'}
[0.163368] (bcr_bot) StdoutLine: {'line': b'-- Up-to-date: /root/ros2_ws/install/bcr_bot/share/bcr_bot//models/aws_robomaker_warehouse_Lamp_01/materials\n'}
[0.164459] (bcr_bot) StdoutLine: {'line': b'-- Up-to-date: /root/ros2_ws/install/bcr_bot/share/bcr_bot//models/aws_robomaker_warehouse_Lamp_01/materials/textures\n'}
[0.165816] (bcr_bot) StdoutLine: {'line': b'-- Up-to-date: /root/ros2_ws/install/bcr_bot/share/bcr_bot//models/aws_robomaker_warehouse_Lamp_01/materials/textures/aws_robomaker_warehouse_Lamp_01.png\n'}
[0.166516] (bcr_bot) StdoutLine: {'line': b'-- Up-to-date: /root/ros2_ws/install/bcr_bot/share/bcr_bot//models/aws_robomaker_warehouse_Lamp_01/meshes\n'}
[0.167739] (bcr_bot) StdoutLine: {'line': b'-- Up-to-date: /root/ros2_ws/install/bcr_bot/share/bcr_bot//models/aws_robomaker_warehouse_Lamp_01/meshes/aws_robomaker_warehouse_Lamp_01_collision.DAE\n'}
[0.168645] (bcr_bot) StdoutLine: {'line': b'-- Up-to-date: /root/ros2_ws/install/bcr_bot/share/bcr_bot//models/aws_robomaker_warehouse_Lamp_01/meshes/aws_robomaker_warehouse_Lamp_01_visual.DAE\n'}
[0.169429] (bcr_bot) StdoutLine: {'line': b'-- Up-to-date: /root/ros2_ws/install/bcr_bot/share/bcr_bot//models/aws_robomaker_warehouse_Lamp_01/model.config\n'}
[0.170215] (bcr_bot) StdoutLine: {'line': b'-- Up-to-date: /root/ros2_ws/install/bcr_bot/share/bcr_bot//models/aws_robomaker_warehouse_Lamp_01/model.sdf\n'}
[0.170801] (bcr_bot) StdoutLine: {'line': b'-- Up-to-date: /root/ros2_ws/install/bcr_bot/share/bcr_bot//models/aws_robomaker_warehouse_PalletJackB_01\n'}
[0.171900] (bcr_bot) StdoutLine: {'line': b'-- Up-to-date: /root/ros2_ws/install/bcr_bot/share/bcr_bot//models/aws_robomaker_warehouse_PalletJackB_01/.DS_Store\n'}
[0.172552] (bcr_bot) StdoutLine: {'line': b'-- Up-to-date: /root/ros2_ws/install/bcr_bot/share/bcr_bot//models/aws_robomaker_warehouse_PalletJackB_01/materials\n'}
[0.173759] (bcr_bot) StdoutLine: {'line': b'-- Up-to-date: /root/ros2_ws/install/bcr_bot/share/bcr_bot//models/aws_robomaker_warehouse_PalletJackB_01/materials/.DS_Store\n'}
[0.174523] (bcr_bot) StdoutLine: {'line': b'-- Up-to-date: /root/ros2_ws/install/bcr_bot/share/bcr_bot//models/aws_robomaker_warehouse_PalletJackB_01/materials/textures\n'}
[0.175888] (bcr_bot) StdoutLine: {'line': b'-- Up-to-date: /root/ros2_ws/install/bcr_bot/share/bcr_bot//models/aws_robomaker_warehouse_PalletJackB_01/materials/textures/aws_robomaker_warehouse_PalletJackB_01.png\n'}
[0.176876] (bcr_bot) StdoutLine: {'line': b'-- Up-to-date: /root/ros2_ws/install/bcr_bot/share/bcr_bot//models/aws_robomaker_warehouse_PalletJackB_01/materials/textures/aws_robomaker_warehouse_PalletJackB_02.png\n'}
[0.177570] (bcr_bot) StdoutLine: {'line': b'-- Up-to-date: /root/ros2_ws/install/bcr_bot/share/bcr_bot//models/aws_robomaker_warehouse_PalletJackB_01/meshes\n'}
[0.178799] (bcr_bot) StdoutLine: {'line': b'-- Up-to-date: /root/ros2_ws/install/bcr_bot/share/bcr_bot//models/aws_robomaker_warehouse_PalletJackB_01/meshes/aws_robomaker_warehouse_PalletJackB_01_collision.DAE\n'}
[0.179691] (bcr_bot) StdoutLine: {'line': b'-- Up-to-date: /root/ros2_ws/install/bcr_bot/share/bcr_bot//models/aws_robomaker_warehouse_PalletJackB_01/meshes/aws_robomaker_warehouse_PalletJackB_01_visual.DAE\n'}
[0.180530] (bcr_bot) StdoutLine: {'line': b'-- Up-to-date: /root/ros2_ws/install/bcr_bot/share/bcr_bot//models/aws_robomaker_warehouse_PalletJackB_01/model.config\n'}
[0.181307] (bcr_bot) StdoutLine: {'line': b'-- Up-to-date: /root/ros2_ws/install/bcr_bot/share/bcr_bot//models/aws_robomaker_warehouse_PalletJackB_01/model.sdf\n'}
[0.181893] (bcr_bot) StdoutLine: {'line': b'-- Up-to-date: /root/ros2_ws/install/bcr_bot/share/bcr_bot//models/aws_robomaker_warehouse_RoofB_01\n'}
[0.182822] (bcr_bot) StdoutLine: {'line': b'-- Up-to-date: /root/ros2_ws/install/bcr_bot/share/bcr_bot//models/aws_robomaker_warehouse_RoofB_01/materials\n'}
[0.183868] (bcr_bot) StdoutLine: {'line': b'-- Up-to-date: /root/ros2_ws/install/bcr_bot/share/bcr_bot//models/aws_robomaker_warehouse_RoofB_01/materials/textures\n'}
[0.185214] (bcr_bot) StdoutLine: {'line': b'-- Up-to-date: /root/ros2_ws/install/bcr_bot/share/bcr_bot//models/aws_robomaker_warehouse_RoofB_01/materials/textures/aws_robomaker_warehouse_RoofB_01.png\n'}
[0.185896] (bcr_bot) StdoutLine: {'line': b'-- Up-to-date: /root/ros2_ws/install/bcr_bot/share/bcr_bot//models/aws_robomaker_warehouse_RoofB_01/meshes\n'}
[0.187132] (bcr_bot) StdoutLine: {'line': b'-- Up-to-date: /root/ros2_ws/install/bcr_bot/share/bcr_bot//models/aws_robomaker_warehouse_RoofB_01/meshes/aws_robomaker_warehouse_RoofB_01_collision.DAE\n'}
[0.188002] (bcr_bot) StdoutLine: {'line': b'-- Up-to-date: /root/ros2_ws/install/bcr_bot/share/bcr_bot//models/aws_robomaker_warehouse_RoofB_01/meshes/aws_robomaker_warehouse_RoofB_01_visual.DAE\n'}
[0.188835] (bcr_bot) StdoutLine: {'line': b'-- Up-to-date: /root/ros2_ws/install/bcr_bot/share/bcr_bot//models/aws_robomaker_warehouse_RoofB_01/model.config\n'}
[0.189605] (bcr_bot) StdoutLine: {'line': b'-- Up-to-date: /root/ros2_ws/install/bcr_bot/share/bcr_bot//models/aws_robomaker_warehouse_RoofB_01/model.sdf\n'}
[0.190189] (bcr_bot) StdoutLine: {'line': b'-- Up-to-date: /root/ros2_ws/install/bcr_bot/share/bcr_bot//models/aws_robomaker_warehouse_ShelfD_01\n'}
[0.191135] (bcr_bot) StdoutLine: {'line': b'-- Up-to-date: /root/ros2_ws/install/bcr_bot/share/bcr_bot//models/aws_robomaker_warehouse_ShelfD_01/materials\n'}
[0.192179] (bcr_bot) StdoutLine: {'line': b'-- Up-to-date: /root/ros2_ws/install/bcr_bot/share/bcr_bot//models/aws_robomaker_warehouse_ShelfD_01/materials/textures\n'}
[0.193532] (bcr_bot) StdoutLine: {'line': b'-- Up-to-date: /root/ros2_ws/install/bcr_bot/share/bcr_bot//models/aws_robomaker_warehouse_ShelfD_01/materials/textures/aws_robomaker_warehouse_ShelfD_01.png\n'}
[0.194658] (bcr_bot) StdoutLine: {'line': b'-- Up-to-date: /root/ros2_ws/install/bcr_bot/share/bcr_bot//models/aws_robomaker_warehouse_ShelfD_01/materials/textures/aws_robomaker_warehouse_ShelfD_02.png\n'}
[0.195908] (bcr_bot) StdoutLine: {'line': b'-- Up-to-date: /root/ros2_ws/install/bcr_bot/share/bcr_bot//models/aws_robomaker_warehouse_ShelfD_01/materials/textures/aws_robomaker_warehouse_ShelfD_03.png\n'}
[0.197202] (bcr_bot) StdoutLine: {'line': b'-- Up-to-date: /root/ros2_ws/install/bcr_bot/share/bcr_bot//models/aws_robomaker_warehouse_ShelfD_01/materials/textures/aws_robomaker_warehouse_ShelfD_04.png\n'}
[0.198134] (bcr_bot) StdoutLine: {'line': b'-- Up-to-date: /root/ros2_ws/install/bcr_bot/share/bcr_bot//models/aws_robomaker_warehouse_ShelfD_01/meshes\n'}
[0.199436] (-) TimerEvent: {}
[0.199840] (bcr_bot) StdoutLine: {'line': b'-- Up-to-date: /root/ros2_ws/install/bcr_bot/share/bcr_bot//models/aws_robomaker_warehouse_ShelfD_01/meshes/aws_robomaker_warehouse_ShelfD_01_collision.DAE\n'}
[0.201020] (bcr_bot) StdoutLine: {'line': b'-- Up-to-date: /root/ros2_ws/install/bcr_bot/share/bcr_bot//models/aws_robomaker_warehouse_ShelfD_01/meshes/aws_robomaker_warehouse_ShelfD_01_visual.DAE\n'}
[0.202178] (bcr_bot) StdoutLine: {'line': b'-- Up-to-date: /root/ros2_ws/install/bcr_bot/share/bcr_bot//models/aws_robomaker_warehouse_ShelfD_01/model.config\n'}
[0.203193] (bcr_bot) StdoutLine: {'line': b'-- Up-to-date: /root/ros2_ws/install/bcr_bot/share/bcr_bot//models/aws_robomaker_warehouse_ShelfD_01/model.sdf\n'}
[0.203851] (bcr_bot) StdoutLine: {'line': b'-- Up-to-date: /root/ros2_ws/install/bcr_bot/share/bcr_bot//models/aws_robomaker_warehouse_ShelfE_01\n'}
[0.204997] (bcr_bot) StdoutLine: {'line': b'-- Up-to-date: /root/ros2_ws/install/bcr_bot/share/bcr_bot//models/aws_robomaker_warehouse_ShelfE_01/.DS_Store\n'}
[0.205718] (bcr_bot) StdoutLine: {'line': b'-- Up-to-date: /root/ros2_ws/install/bcr_bot/share/bcr_bot//models/aws_robomaker_warehouse_ShelfE_01/materials\n'}
[0.206955] (bcr_bot) StdoutLine: {'line': b'-- Up-to-date: /root/ros2_ws/install/bcr_bot/share/bcr_bot//models/aws_robomaker_warehouse_ShelfE_01/materials/.DS_Store\n'}
[0.207676] (bcr_bot) StdoutLine: {'line': b'-- Up-to-date: /root/ros2_ws/install/bcr_bot/share/bcr_bot//models/aws_robomaker_warehouse_ShelfE_01/materials/textures\n'}
[0.209038] (bcr_bot) StdoutLine: {'line': b'-- Up-to-date: /root/ros2_ws/install/bcr_bot/share/bcr_bot//models/aws_robomaker_warehouse_ShelfE_01/materials/textures/aws_robomaker_warehouse_ShelfE_01.png\n'}
[0.210056] (bcr_bot) StdoutLine: {'line': b'-- Up-to-date: /root/ros2_ws/install/bcr_bot/share/bcr_bot//models/aws_robomaker_warehouse_ShelfE_01/materials/textures/aws_robomaker_warehouse_ShelfE_02.png\n'}
[0.211050] (bcr_bot) StdoutLine: {'line': b'-- Up-to-date: /root/ros2_ws/install/bcr_bot/share/bcr_bot//models/aws_robomaker_warehouse_ShelfE_01/materials/textures/aws_robomaker_warehouse_ShelfE_03.png\n'}
[0.212074] (bcr_bot) StdoutLine: {'line': b'-- Up-to-date: /root/ros2_ws/install/bcr_bot/share/bcr_bot//models/aws_robomaker_warehouse_ShelfE_01/materials/textures/aws_robomaker_warehouse_ShelfE_04.png\n'}
[0.212806] (bcr_bot) StdoutLine: {'line': b'-- Up-to-date: /root/ros2_ws/install/bcr_bot/share/bcr_bot//models/aws_robomaker_warehouse_ShelfE_01/meshes\n'}
[0.214023] (bcr_bot) StdoutLine: {'line': b'-- Up-to-date: /root/ros2_ws/install/bcr_bot/share/bcr_bot//models/aws_robomaker_warehouse_ShelfE_01/meshes/aws_robomaker_warehouse_ShelfE_01_collision.DAE\n'}
[0.214944] (bcr_bot) StdoutLine: {'line': b'-- Up-to-date: /root/ros2_ws/install/bcr_bot/share/bcr_bot//models/aws_robomaker_warehouse_ShelfE_01/meshes/aws_robomaker_warehouse_ShelfE_01_visual.DAE\n'}
[0.215783] (bcr_bot) StdoutLine: {'line': b'-- Up-to-date: /root/ros2_ws/install/bcr_bot/share/bcr_bot//models/aws_robomaker_warehouse_ShelfE_01/model.config\n'}
[0.216610] (bcr_bot) StdoutLine: {'line': b'-- Up-to-date: /root/ros2_ws/install/bcr_bot/share/bcr_bot//models/aws_robomaker_warehouse_ShelfE_01/model.sdf\n'}
[0.217210] (bcr_bot) StdoutLine: {'line': b'-- Up-to-date: /root/ros2_ws/install/bcr_bot/share/bcr_bot//models/aws_robomaker_warehouse_ShelfF_01\n'}
[0.218157] (bcr_bot) StdoutLine: {'line': b'-- Up-to-date: /root/ros2_ws/install/bcr_bot/share/bcr_bot//models/aws_robomaker_warehouse_ShelfF_01/materials\n'}
[0.219225] (bcr_bot) StdoutLine: {'line': b'-- Up-to-date: /root/ros2_ws/install/bcr_bot/share/bcr_bot//models/aws_robomaker_warehouse_ShelfF_01/materials/textures\n'}
[0.220623] (bcr_bot) StdoutLine: {'line': b'-- Up-to-date: /root/ros2_ws/install/bcr_bot/share/bcr_bot//models/aws_robomaker_warehouse_ShelfF_01/materials/textures/aws_robomaker_warehouse_ShelfF_01.png\n'}
[0.221631] (bcr_bot) StdoutLine: {'line': b'-- Up-to-date: /root/ros2_ws/install/bcr_bot/share/bcr_bot//models/aws_robomaker_warehouse_ShelfF_01/materials/textures/aws_robomaker_warehouse_ShelfF_02.png\n'}
[0.222641] (bcr_bot) StdoutLine: {'line': b'-- Up-to-date: /root/ros2_ws/install/bcr_bot/share/bcr_bot//models/aws_robomaker_warehouse_ShelfF_01/materials/textures/aws_robomaker_warehouse_ShelfF_03.png\n'}
[0.224074] (bcr_bot) StdoutLine: {'line': b'-- Up-to-date: /root/ros2_ws/install/bcr_bot/share/bcr_bot//models/aws_robomaker_warehouse_ShelfF_01/meshes\n'}
[0.225341] (bcr_bot) StdoutLine: {'line': b'-- Up-to-date: /root/ros2_ws/install/bcr_bot/share/bcr_bot//models/aws_robomaker_warehouse_ShelfF_01/meshes/aws_robomaker_warehouse_ShelfF_01_collision.DAE\n'}
[0.226911] (bcr_bot) StdoutLine: {'line': b'-- Up-to-date: /root/ros2_ws/install/bcr_bot/share/bcr_bot//models/aws_robomaker_warehouse_ShelfF_01/meshes/aws_robomaker_warehouse_ShelfF_01_visual.DAE\n'}
[0.227754] (bcr_bot) StdoutLine: {'line': b'-- Up-to-date: /root/ros2_ws/install/bcr_bot/share/bcr_bot//models/aws_robomaker_warehouse_ShelfF_01/model.config\n'}
[0.228534] (bcr_bot) StdoutLine: {'line': b'-- Up-to-date: /root/ros2_ws/install/bcr_bot/share/bcr_bot//models/aws_robomaker_warehouse_ShelfF_01/model.sdf\n'}
[0.229114] (bcr_bot) StdoutLine: {'line': b'-- Up-to-date: /root/ros2_ws/install/bcr_bot/share/bcr_bot//models/aws_robomaker_warehouse_TrashCanC_01\n'}
[0.230089] (bcr_bot) StdoutLine: {'line': b'-- Up-to-date: /root/ros2_ws/install/bcr_bot/share/bcr_bot//models/aws_robomaker_warehouse_TrashCanC_01/materials\n'}
[0.231154] (bcr_bot) StdoutLine: {'line': b'-- Up-to-date: /root/ros2_ws/install/bcr_bot/share/bcr_bot//models/aws_robomaker_warehouse_TrashCanC_01/materials/textures\n'}
[0.232504] (bcr_bot) StdoutLine: {'line': b'-- Up-to-date: /root/ros2_ws/install/bcr_bot/share/bcr_bot//models/aws_robomaker_warehouse_TrashCanC_01/materials/textures/aws_robomaker_warehouse_TrashCanC_01.png\n'}
[0.233179] (bcr_bot) StdoutLine: {'line': b'-- Up-to-date: /root/ros2_ws/install/bcr_bot/share/bcr_bot//models/aws_robomaker_warehouse_TrashCanC_01/meshes\n'}
[0.234410] (bcr_bot) StdoutLine: {'line': b'-- Up-to-date: /root/ros2_ws/install/bcr_bot/share/bcr_bot//models/aws_robomaker_warehouse_TrashCanC_01/meshes/aws_robomaker_warehouse_TrashCanC_01_collision.DAE\n'}
[0.235310] (bcr_bot) StdoutLine: {'line': b'-- Up-to-date: /root/ros2_ws/install/bcr_bot/share/bcr_bot//models/aws_robomaker_warehouse_TrashCanC_01/meshes/aws_robomaker_warehouse_TrashCanC_01_visual.DAE\n'}
[0.236149] (bcr_bot) StdoutLine: {'line': b'-- Up-to-date: /root/ros2_ws/install/bcr_bot/share/bcr_bot//models/aws_robomaker_warehouse_TrashCanC_01/model.config\n'}
[0.236902] (bcr_bot) StdoutLine: {'line': b'-- Up-to-date: /root/ros2_ws/install/bcr_bot/share/bcr_bot//models/aws_robomaker_warehouse_TrashCanC_01/model.sdf\n'}
[0.237501] (bcr_bot) StdoutLine: {'line': b'-- Up-to-date: /root/ros2_ws/install/bcr_bot/share/bcr_bot//models/aws_robomaker_warehouse_WallB_01\n'}
[0.238446] (bcr_bot) StdoutLine: {'line': b'-- Up-to-date: /root/ros2_ws/install/bcr_bot/share/bcr_bot//models/aws_robomaker_warehouse_WallB_01/materials\n'}
[0.239498] (bcr_bot) StdoutLine: {'line': b'-- Up-to-date: /root/ros2_ws/install/bcr_bot/share/bcr_bot//models/aws_robomaker_warehouse_WallB_01/materials/textures\n'}
[0.240860] (bcr_bot) StdoutLine: {'line': b'-- Up-to-date: /root/ros2_ws/install/bcr_bot/share/bcr_bot//models/aws_robomaker_warehouse_WallB_01/materials/textures/aws_robomaker_warehouse_WallB_01.png\n'}
[0.241585] (bcr_bot) StdoutLine: {'line': b'-- Up-to-date: /root/ros2_ws/install/bcr_bot/share/bcr_bot//models/aws_robomaker_warehouse_WallB_01/meshes\n'}
[0.242994] (bcr_bot) StdoutLine: {'line': b'-- Up-to-date: /root/ros2_ws/install/bcr_bot/share/bcr_bot//models/aws_robomaker_warehouse_WallB_01/meshes/aws_robomaker_warehouse_WallB_01_collision.DAE\n'}
[0.244375] (bcr_bot) StdoutLine: {'line': b'-- Up-to-date: /root/ros2_ws/install/bcr_bot/share/bcr_bot//models/aws_robomaker_warehouse_WallB_01/meshes/aws_robomaker_warehouse_WallB_01_visual.DAE\n'}
[0.245334] (bcr_bot) StdoutLine: {'line': b'-- Up-to-date: /root/ros2_ws/install/bcr_bot/share/bcr_bot//models/aws_robomaker_warehouse_WallB_01/model.config\n'}
[0.246187] (bcr_bot) StdoutLine: {'line': b'-- Up-to-date: /root/ros2_ws/install/bcr_bot/share/bcr_bot//models/aws_robomaker_warehouse_WallB_01/model.sdf\n'}
[0.246739] (bcr_bot) StdoutLine: {'line': b'-- Up-to-date: /root/ros2_ws/install/bcr_bot/share/bcr_bot//urdf\n'}
[0.247831] (bcr_bot) StdoutLine: {'line': b'-- Up-to-date: /root/ros2_ws/install/bcr_bot/share/bcr_bot//urdf/bcr_bot.xacro\n'}
[0.248502] (bcr_bot) StdoutLine: {'line': b'-- Up-to-date: /root/ros2_ws/install/bcr_bot/share/bcr_bot//urdf/gazebo.xacro\n'}
[0.249217] (bcr_bot) StdoutLine: {'line': b'-- Up-to-date: /root/ros2_ws/install/bcr_bot/share/bcr_bot//urdf/gz.xacro\n'}
[0.249899] (bcr_bot) StdoutLine: {'line': b'-- Up-to-date: /root/ros2_ws/install/bcr_bot/share/bcr_bot//urdf/ign.xacro\n'}
[0.250593] (bcr_bot) StdoutLine: {'line': b'-- Up-to-date: /root/ros2_ws/install/bcr_bot/share/bcr_bot//urdf/macros.xacro\n'}
[0.251264] (bcr_bot) StdoutLine: {'line': b'-- Up-to-date: /root/ros2_ws/install/bcr_bot/share/bcr_bot//urdf/materials.xacro\n'}
[0.251765] (bcr_bot) StdoutLine: {'line': b'-- Up-to-date: /root/ros2_ws/install/bcr_bot/share/bcr_bot//worlds\n'}
[0.252741] (bcr_bot) StdoutLine: {'line': b'-- Up-to-date: /root/ros2_ws/install/bcr_bot/share/bcr_bot//worlds/empty.sdf\n'}
[0.253425] (bcr_bot) StdoutLine: {'line': b'-- Up-to-date: /root/ros2_ws/install/bcr_bot/share/bcr_bot//worlds/small_warehouse.sdf\n'}
[0.253928] (bcr_bot) StdoutLine: {'line': b'-- Up-to-date: /root/ros2_ws/install/bcr_bot/share/bcr_bot//rviz\n'}
[0.254848] (bcr_bot) StdoutLine: {'line': b'-- Up-to-date: /root/ros2_ws/install/bcr_bot/share/bcr_bot//rviz/entire_setup.rviz\n'}
[0.255543] (bcr_bot) StdoutLine: {'line': b'-- Up-to-date: /root/ros2_ws/install/bcr_bot/share/bcr_bot//rviz/map.rviz\n'}
[0.256122] (bcr_bot) StdoutLine: {'line': b'-- Up-to-date: /root/ros2_ws/install/bcr_bot/share/bcr_bot/config\n'}
[0.257089] (bcr_bot) StdoutLine: {'line': b'-- Up-to-date: /root/ros2_ws/install/bcr_bot/share/bcr_bot/config/bcr_map.pgm\n'}
[0.257895] (bcr_bot) StdoutLine: {'line': b'-- Up-to-date: /root/ros2_ws/install/bcr_bot/share/bcr_bot/config/bcr_map.yaml\n'}
[0.258588] (bcr_bot) StdoutLine: {'line': b'-- Up-to-date: /root/ros2_ws/install/bcr_bot/share/bcr_bot/config/mapper_params_online_async.yaml\n'}
[0.259261] (bcr_bot) StdoutLine: {'line': b'-- Up-to-date: /root/ros2_ws/install/bcr_bot/share/bcr_bot/config/nav2_params.yaml\n'}
[0.260113] (bcr_bot) StdoutLine: {'line': b'-- Up-to-date: /root/ros2_ws/install/bcr_bot/lib/bcr_bot/remapper.py\n'}
[0.261275] (bcr_bot) StdoutLine: {'line': b'-- Up-to-date: /root/ros2_ws/install/bcr_bot/share/ament_index/resource_index/package_run_dependencies/bcr_bot\n'}
[0.262439] (bcr_bot) StdoutLine: {'line': b'-- Up-to-date: /root/ros2_ws/install/bcr_bot/share/ament_index/resource_index/parent_prefix_path/bcr_bot\n'}
[0.263013] (bcr_bot) StdoutLine: {'line': b'-- Up-to-date: /root/ros2_ws/install/bcr_bot/share/bcr_bot/environment/ament_prefix_path.sh\n'}
[0.264135] (bcr_bot) StdoutLine: {'line': b'-- Up-to-date: /root/ros2_ws/install/bcr_bot/share/bcr_bot/environment/ament_prefix_path.dsv\n'}
[0.264827] (bcr_bot) StdoutLine: {'line': b'-- Up-to-date: /root/ros2_ws/install/bcr_bot/share/bcr_bot/environment/path.sh\n'}
[0.265853] (bcr_bot) StdoutLine: {'line': b'-- Up-to-date: /root/ros2_ws/install/bcr_bot/share/bcr_bot/environment/path.dsv\n'}
[0.266762] (bcr_bot) StdoutLine: {'line': b'-- Up-to-date: /root/ros2_ws/install/bcr_bot/share/bcr_bot/local_setup.bash\n'}
[0.267517] (bcr_bot) StdoutLine: {'line': b'-- Up-to-date: /root/ros2_ws/install/bcr_bot/share/bcr_bot/local_setup.sh\n'}
[0.268276] (bcr_bot) StdoutLine: {'line': b'-- Up-to-date: /root/ros2_ws/install/bcr_bot/share/bcr_bot/local_setup.zsh\n'}
[0.269036] (bcr_bot) StdoutLine: {'line': b'-- Up-to-date: /root/ros2_ws/install/bcr_bot/share/bcr_bot/local_setup.dsv\n'}
[0.269799] (bcr_bot) StdoutLine: {'line': b'-- Installing: /root/ros2_ws/install/bcr_bot/share/bcr_bot/package.dsv\n'}
[0.272913] (bcr_bot) StdoutLine: {'line': b'-- Up-to-date: /root/ros2_ws/install/bcr_bot/share/ament_index/resource_index/packages/bcr_bot\n'}
[0.273989] (bcr_bot) StdoutLine: {'line': b'-- Up-to-date: /root/ros2_ws/install/bcr_bot/share/bcr_bot/cmake/bcr_botConfig.cmake\n'}
[0.274946] (bcr_bot) StdoutLine: {'line': b'-- Up-to-date: /root/ros2_ws/install/bcr_bot/share/bcr_bot/cmake/bcr_botConfig-version.cmake\n'}
[0.275819] (bcr_bot) StdoutLine: {'line': b'-- Up-to-date: /root/ros2_ws/install/bcr_bot/share/bcr_bot/package.xml\n'}
[0.279051] (bcr_bot) CommandEnded: {'returncode': 0}
[0.299843] (-) TimerEvent: {}
[0.320809] (bcr_bot) JobEnded: {'identifier': 'bcr_bot', 'rc': 0}
[0.321985] (-) EventReactorShutdown: {}
