[0.000000] (-) TimerEvent: {}
[0.000488] (bcr_bot) JobQueued: {'identifier': 'bcr_bot', 'dependencies': OrderedDict()}
[0.000585] (bcr_bot) JobStarted: {'identifier': 'bcr_bot'}
[0.012511] (bcr_bot) JobProgress: {'identifier': 'bcr_bot', 'progress': 'cmake'}
[0.013789] (bcr_bot) JobProgress: {'identifier': 'bcr_bot', 'progress': 'build'}
[0.014515] (bcr_bot) Command: {'cmd': ['/usr/bin/cmake', '--build', '/root/ros2_ws/build/bcr_bot', '--', '-j4', '-l4'], 'cwd': '/root/ros2_ws/build/bcr_bot', 'env': OrderedDict([('HOSTNAME', 'kira9k-IdeaPad-3-15ARE05'), ('SHLVL', '1'), ('LD_LIBRARY_PATH', '/usr/lib/x86_64-linux-gnu/gazebo-11/plugins:/opt/ros/humble/opt/rviz_ogre_vendor/lib:/opt/ros/humble/lib/x86_64-linux-gnu:/opt/ros/humble/lib'), ('HOME', '/root'), ('ROS_PYTHON_VERSION', '3'), ('WORKSPACE', '/root/ros2_ws'), ('ROS_DISTRO', 'humble'), ('_', '/usr/bin/colcon'), ('ROS_VERSION', '2'), ('TERM', 'xterm'), ('ROS_LOCALHOST_ONLY', '0'), ('PATH', '/opt/ros/humble/bin:/usr/local/sbin:/usr/local/bin:/usr/sbin:/usr/bin:/sbin:/bin'), ('XDG_RUNTIME_DIR', '/tmp/runtime-root'), ('DISPLAY', ':0'), ('LANG', 'C.UTF-8'), ('AMENT_PREFIX_PATH', '/opt/ros/humble'), ('PWD', '/root/ros2_ws/build/bcr_bot'), ('LC_ALL', 'C.UTF-8'), ('PYTHONPATH', '/opt/ros/humble/lib/python3.10/site-packages:/opt/ros/humble/local/lib/python3.10/dist-packages'), ('COLCON', '1'), ('CMAKE_PREFIX_PATH', '/opt/ros/humble')]), 'shell': False}
[0.058235] (bcr_bot) CommandEnded: {'returncode': 0}
[0.059686] (bcr_bot) JobProgress: {'identifier': 'bcr_bot', 'progress': 'install'}
[0.067854] (bcr_bot) Command: {'cmd': ['/usr/bin/cmake', '--install', '/root/ros2_ws/build/bcr_bot'], 'cwd': '/root/ros2_ws/build/bcr_bot', 'env': OrderedDict([('HOSTNAME', 'kira9k-IdeaPad-3-15ARE05'), ('SHLVL', '1'), ('LD_LIBRARY_PATH', '/usr/lib/x86_64-linux-gnu/gazebo-11/plugins:/opt/ros/humble/opt/rviz_ogre_vendor/lib:/opt/ros/humble/lib/x86_64-linux-gnu:/opt/ros/humble/lib'), ('HOME', '/root'), ('ROS_PYTHON_VERSION', '3'), ('WORKSPACE', '/root/ros2_ws'), ('ROS_DISTRO', 'humble'), ('_', '/usr/bin/colcon'), ('ROS_VERSION', '2'), ('TERM', 'xterm'), ('ROS_LOCALHOST_ONLY', '0'), ('PATH', '/opt/ros/humble/bin:/usr/local/sbin:/usr/local/bin:/usr/sbin:/usr/bin:/sbin:/bin'), ('XDG_RUNTIME_DIR', '/tmp/runtime-root'), ('DISPLAY', ':0'), ('LANG', 'C.UTF-8'), ('AMENT_PREFIX_PATH', '/opt/ros/humble'), ('PWD', '/root/ros2_ws/build/bcr_bot'), ('LC_ALL', 'C.UTF-8'), ('PYTHONPATH', '/opt/ros/humble/lib/python3.10/site-packages:/opt/ros/humble/local/lib/python3.10/dist-packages'), ('COLCON', '1'), ('CMAKE_PREFIX_PATH', '/opt/ros/humble')]), 'shell': False}
[0.074492] (bcr_bot) StdoutLine: {'line': b'-- Install configuration: ""\n'}
[0.074975] (bcr_bot) StdoutLine: {'line': b'-- Up-to-date: /root/ros2_ws/install/bcr_bot/share/bcr_bot//launch\n'}
[0.076108] (bcr_bot) StdoutLine: {'line': b'-- Up-to-date: /root/ros2_ws/install/bcr_bot/share/bcr_bot//launch/bcr_bot_gazebo_spawn.launch.py\n'}
[0.076868] (bcr_bot) StdoutLine: {'line': b'-- Up-to-date: /root/ros2_ws/install/bcr_bot/share/bcr_bot//launch/bcr_bot_gz_spawn.launch.py\n'}
[0.077538] (bcr_bot) StdoutLine: {'line': b'-- Up-to-date: /root/ros2_ws/install/bcr_bot/share/bcr_bot//launch/bcr_bot_ign_spawn.launch.py\n'}
[0.078247] (bcr_bot) StdoutLine: {'line': b'-- Up-to-date: /root/ros2_ws/install/bcr_bot/share/bcr_bot//launch/gazebo.launch.py\n'}
[0.078955] (bcr_bot) StdoutLine: {'line': b'-- Up-to-date: /root/ros2_ws/install/bcr_bot/share/bcr_bot//launch/gz.launch.py\n'}
[0.079658] (bcr_bot) StdoutLine: {'line': b'-- Up-to-date: /root/ros2_ws/install/bcr_bot/share/bcr_bot//launch/ign.launch.py\n'}
[0.080351] (bcr_bot) StdoutLine: {'line': b'-- Up-to-date: /root/ros2_ws/install/bcr_bot/share/bcr_bot//launch/mapping.launch.py\n'}
[0.081092] (bcr_bot) StdoutLine: {'line': b'-- Up-to-date: /root/ros2_ws/install/bcr_bot/share/bcr_bot//launch/nav2.launch.py\n'}
[0.081749] (bcr_bot) StdoutLine: {'line': b'-- Up-to-date: /root/ros2_ws/install/bcr_bot/share/bcr_bot//launch/rviz.launch.py\n'}
[0.082271] (bcr_bot) StdoutLine: {'line': b'-- Up-to-date: /root/ros2_ws/install/bcr_bot/share/bcr_bot//meshes\n'}
[0.083265] (bcr_bot) StdoutLine: {'line': b'-- Up-to-date: /root/ros2_ws/install/bcr_bot/share/bcr_bot//meshes/bcr_bot_mesh.dae\n'}
[0.083878] (bcr_bot) StdoutLine: {'line': b'-- Up-to-date: /root/ros2_ws/install/bcr_bot/share/bcr_bot//meshes/kinect\n'}
[0.084987] (bcr_bot) StdoutLine: {'line': b'-- Up-to-date: /root/ros2_ws/install/bcr_bot/share/bcr_bot//meshes/kinect/d415.dae\n'}
[0.085782] (bcr_bot) StdoutLine: {'line': b'-- Up-to-date: /root/ros2_ws/install/bcr_bot/share/bcr_bot//meshes/kinect/kinect.dae\n'}
[0.086554] (bcr_bot) StdoutLine: {'line': b'-- Up-to-date: /root/ros2_ws/install/bcr_bot/share/bcr_bot//meshes/kinect/kinect.jpg\n'}
[0.087332] (bcr_bot) StdoutLine: {'line': b'-- Up-to-date: /root/ros2_ws/install/bcr_bot/share/bcr_bot//meshes/kinect/kinect.tga\n'}
[0.088024] (bcr_bot) StdoutLine: {'line': b'-- Up-to-date: /root/ros2_ws/install/bcr_bot/share/bcr_bot//meshes/logo.png\n'}
[0.088733] (bcr_bot) StdoutLine: {'line': b'-- Up-to-date: /root/ros2_ws/install/bcr_bot/share/bcr_bot//meshes/realsense_texture.png\n'}
[0.089248] (bcr_bot) StdoutLine: {'line': b'-- Up-to-date: /root/ros2_ws/install/bcr_bot/share/bcr_bot//models\n'}
[0.090070] (bcr_bot) StdoutLine: {'line': b'-- Up-to-date: /root/ros2_ws/install/bcr_bot/share/bcr_bot//models/aws_robomaker_warehouse_Bucket_01\n'}
[0.091137] (bcr_bot) StdoutLine: {'line': b'-- Up-to-date: /root/ros2_ws/install/bcr_bot/share/bcr_bot//models/aws_robomaker_warehouse_Bucket_01/.DS_Store\n'}
[0.091777] (bcr_bot) StdoutLine: {'line': b'-- Up-to-date: /root/ros2_ws/install/bcr_bot/share/bcr_bot//models/aws_robomaker_warehouse_Bucket_01/materials\n'}
[0.093035] (bcr_bot) StdoutLine: {'line': b'-- Up-to-date: /root/ros2_ws/install/bcr_bot/share/bcr_bot//models/aws_robomaker_warehouse_Bucket_01/materials/.DS_Store\n'}
[0.093987] (bcr_bot) StdoutLine: {'line': b'-- Up-to-date: /root/ros2_ws/install/bcr_bot/share/bcr_bot//models/aws_robomaker_warehouse_Bucket_01/materials/textures\n'}
[0.095321] (bcr_bot) StdoutLine: {'line': b'-- Up-to-date: /root/ros2_ws/install/bcr_bot/share/bcr_bot//models/aws_robomaker_warehouse_Bucket_01/materials/textures/aws_robomaker_warehouse_Bucket_01.png\n'}
[0.096042] (bcr_bot) StdoutLine: {'line': b'-- Up-to-date: /root/ros2_ws/install/bcr_bot/share/bcr_bot//models/aws_robomaker_warehouse_Bucket_01/meshes\n'}
[0.097287] (bcr_bot) StdoutLine: {'line': b'-- Up-to-date: /root/ros2_ws/install/bcr_bot/share/bcr_bot//models/aws_robomaker_warehouse_Bucket_01/meshes/aws_robomaker_warehouse_Bucket_01_collision.DAE\n'}
[0.098188] (bcr_bot) StdoutLine: {'line': b'-- Up-to-date: /root/ros2_ws/install/bcr_bot/share/bcr_bot//models/aws_robomaker_warehouse_Bucket_01/meshes/aws_robomaker_warehouse_Bucket_01_visual.DAE\n'}
[0.099032] (bcr_bot) StdoutLine: {'line': b'-- Up-to-date: /root/ros2_ws/install/bcr_bot/share/bcr_bot//models/aws_robomaker_warehouse_Bucket_01/model.config\n'}
[0.099238] (-) TimerEvent: {}
[0.100029] (bcr_bot) StdoutLine: {'line': b'-- Up-to-date: /root/ros2_ws/install/bcr_bot/share/bcr_bot//models/aws_robomaker_warehouse_Bucket_01/model.sdf\n'}
[0.100636] (bcr_bot) StdoutLine: {'line': b'-- Up-to-date: /root/ros2_ws/install/bcr_bot/share/bcr_bot//models/aws_robomaker_warehouse_ClutteringA_01\n'}
[0.101712] (bcr_bot) StdoutLine: {'line': b'-- Up-to-date: /root/ros2_ws/install/bcr_bot/share/bcr_bot//models/aws_robomaker_warehouse_ClutteringA_01/.DS_Store\n'}
[0.102367] (bcr_bot) StdoutLine: {'line': b'-- Up-to-date: /root/ros2_ws/install/bcr_bot/share/bcr_bot//models/aws_robomaker_warehouse_ClutteringA_01/materials\n'}
[0.103864] (bcr_bot) StdoutLine: {'line': b'-- Up-to-date: /root/ros2_ws/install/bcr_bot/share/bcr_bot//models/aws_robomaker_warehouse_ClutteringA_01/materials/.DS_Store\n'}
[0.104608] (bcr_bot) StdoutLine: {'line': b'-- Up-to-date: /root/ros2_ws/install/bcr_bot/share/bcr_bot//models/aws_robomaker_warehouse_ClutteringA_01/materials/textures\n'}
[0.105983] (bcr_bot) StdoutLine: {'line': b'-- Up-to-date: /root/ros2_ws/install/bcr_bot/share/bcr_bot//models/aws_robomaker_warehouse_ClutteringA_01/materials/textures/.DS_Store\n'}
[0.107092] (bcr_bot) StdoutLine: {'line': b'-- Up-to-date: /root/ros2_ws/install/bcr_bot/share/bcr_bot//models/aws_robomaker_warehouse_ClutteringA_01/materials/textures/aws_robomaker_warehouse_ClutteringA_01.png\n'}
[0.108462] (bcr_bot) StdoutLine: {'line': b'-- Up-to-date: /root/ros2_ws/install/bcr_bot/share/bcr_bot//models/aws_robomaker_warehouse_ClutteringA_01/materials/textures/aws_robomaker_warehouse_ClutteringA_02.png\n'}
[0.109539] (bcr_bot) StdoutLine: {'line': b'-- Up-to-date: /root/ros2_ws/install/bcr_bot/share/bcr_bot//models/aws_robomaker_warehouse_ClutteringA_01/materials/textures/aws_robomaker_warehouse_ClutteringA_03.png\n'}
[0.111671] (bcr_bot) StdoutLine: {'line': b'-- Up-to-date: /root/ros2_ws/install/bcr_bot/share/bcr_bot//models/aws_robomaker_warehouse_ClutteringA_01/meshes\n'}
[0.113633] (bcr_bot) StdoutLine: {'line': b'-- Up-to-date: /root/ros2_ws/install/bcr_bot/share/bcr_bot//models/aws_robomaker_warehouse_ClutteringA_01/meshes/aws_robomaker_warehouse_ClutteringA_01_collision.DAE\n'}
[0.114727] (bcr_bot) StdoutLine: {'line': b'-- Up-to-date: /root/ros2_ws/install/bcr_bot/share/bcr_bot//models/aws_robomaker_warehouse_ClutteringA_01/meshes/aws_robomaker_warehouse_ClutteringA_01_visual.DAE\n'}
[0.115987] (bcr_bot) StdoutLine: {'line': b'-- Up-to-date: /root/ros2_ws/install/bcr_bot/share/bcr_bot//models/aws_robomaker_warehouse_ClutteringA_01/model.config\n'}
[0.116831] (bcr_bot) StdoutLine: {'line': b'-- Up-to-date: /root/ros2_ws/install/bcr_bot/share/bcr_bot//models/aws_robomaker_warehouse_ClutteringA_01/model.sdf\n'}
[0.117395] (bcr_bot) StdoutLine: {'line': b'-- Up-to-date: /root/ros2_ws/install/bcr_bot/share/bcr_bot//models/aws_robomaker_warehouse_ClutteringC_01\n'}
[0.118264] (bcr_bot) StdoutLine: {'line': b'-- Up-to-date: /root/ros2_ws/install/bcr_bot/share/bcr_bot//models/aws_robomaker_warehouse_ClutteringC_01/materials\n'}
[0.119313] (bcr_bot) StdoutLine: {'line': b'-- Up-to-date: /root/ros2_ws/install/bcr_bot/share/bcr_bot//models/aws_robomaker_warehouse_ClutteringC_01/materials/textures\n'}
[0.120917] (bcr_bot) StdoutLine: {'line': b'-- Up-to-date: /root/ros2_ws/install/bcr_bot/share/bcr_bot//models/aws_robomaker_warehouse_ClutteringC_01/materials/textures/aws_robomaker_warehouse_ClutteringC_01.png\n'}
[0.121896] (bcr_bot) StdoutLine: {'line': b'-- Up-to-date: /root/ros2_ws/install/bcr_bot/share/bcr_bot//models/aws_robomaker_warehouse_ClutteringC_01/materials/textures/aws_robomaker_warehouse_ClutteringC_02.png\n'}
[0.122869] (bcr_bot) StdoutLine: {'line': b'-- Up-to-date: /root/ros2_ws/install/bcr_bot/share/bcr_bot//models/aws_robomaker_warehouse_ClutteringC_01/meshes\n'}
[0.124254] (bcr_bot) StdoutLine: {'line': b'-- Up-to-date: /root/ros2_ws/install/bcr_bot/share/bcr_bot//models/aws_robomaker_warehouse_ClutteringC_01/meshes/aws_robomaker_warehouse_ClutteringC_01_collision.DAE\n'}
[0.125251] (bcr_bot) StdoutLine: {'line': b'-- Up-to-date: /root/ros2_ws/install/bcr_bot/share/bcr_bot//models/aws_robomaker_warehouse_ClutteringC_01/meshes/aws_robomaker_warehouse_ClutteringC_01_visual.DAE\n'}
[0.127396] (bcr_bot) StdoutLine: {'line': b'-- Up-to-date: /root/ros2_ws/install/bcr_bot/share/bcr_bot//models/aws_robomaker_warehouse_ClutteringC_01/model.config\n'}
[0.129377] (bcr_bot) StdoutLine: {'line': b'-- Up-to-date: /root/ros2_ws/install/bcr_bot/share/bcr_bot//models/aws_robomaker_warehouse_ClutteringC_01/model.sdf\n'}
[0.129714] (bcr_bot) StdoutLine: {'line': b'-- Up-to-date: /root/ros2_ws/install/bcr_bot/share/bcr_bot//models/aws_robomaker_warehouse_ClutteringD_01\n'}
[0.131216] (bcr_bot) StdoutLine: {'line': b'-- Up-to-date: /root/ros2_ws/install/bcr_bot/share/bcr_bot//models/aws_robomaker_warehouse_ClutteringD_01/materials\n'}
[0.132247] (bcr_bot) StdoutLine: {'line': b'-- Up-to-date: /root/ros2_ws/install/bcr_bot/share/bcr_bot//models/aws_robomaker_warehouse_ClutteringD_01/materials/textures\n'}
[0.133890] (bcr_bot) StdoutLine: {'line': b'-- Up-to-date: /root/ros2_ws/install/bcr_bot/share/bcr_bot//models/aws_robomaker_warehouse_ClutteringD_01/materials/textures/aws_robomaker_warehouse_ClutteringD_01.png\n'}
[0.134885] (bcr_bot) StdoutLine: {'line': b'-- Up-to-date: /root/ros2_ws/install/bcr_bot/share/bcr_bot//models/aws_robomaker_warehouse_ClutteringD_01/materials/textures/aws_robomaker_warehouse_ClutteringD_02.png\n'}
[0.135557] (bcr_bot) StdoutLine: {'line': b'-- Up-to-date: /root/ros2_ws/install/bcr_bot/share/bcr_bot//models/aws_robomaker_warehouse_ClutteringD_01/meshes\n'}
[0.136845] (bcr_bot) StdoutLine: {'line': b'-- Up-to-date: /root/ros2_ws/install/bcr_bot/share/bcr_bot//models/aws_robomaker_warehouse_ClutteringD_01/meshes/aws_robomaker_warehouse_ClutteringD_01_collision.DAE\n'}
[0.137768] (bcr_bot) StdoutLine: {'line': b'-- Up-to-date: /root/ros2_ws/install/bcr_bot/share/bcr_bot//models/aws_robomaker_warehouse_ClutteringD_01/meshes/aws_robomaker_warehouse_ClutteringD_01_visual.DAE\n'}
[0.138597] (bcr_bot) StdoutLine: {'line': b'-- Up-to-date: /root/ros2_ws/install/bcr_bot/share/bcr_bot//models/aws_robomaker_warehouse_ClutteringD_01/model.config\n'}
[0.139381] (bcr_bot) StdoutLine: {'line': b'-- Up-to-date: /root/ros2_ws/install/bcr_bot/share/bcr_bot//models/aws_robomaker_warehouse_ClutteringD_01/model.sdf\n'}
[0.140025] (bcr_bot) StdoutLine: {'line': b'-- Up-to-date: /root/ros2_ws/install/bcr_bot/share/bcr_bot//models/aws_robomaker_warehouse_DeskC_01\n'}
[0.140974] (bcr_bot) StdoutLine: {'line': b'-- Up-to-date: /root/ros2_ws/install/bcr_bot/share/bcr_bot//models/aws_robomaker_warehouse_DeskC_01/materials\n'}
[0.142185] (bcr_bot) StdoutLine: {'line': b'-- Up-to-date: /root/ros2_ws/install/bcr_bot/share/bcr_bot//models/aws_robomaker_warehouse_DeskC_01/materials/.DS_Store\n'}
[0.142923] (bcr_bot) StdoutLine: {'line': b'-- Up-to-date: /root/ros2_ws/install/bcr_bot/share/bcr_bot//models/aws_robomaker_warehouse_DeskC_01/materials/textures\n'}
[0.144294] (bcr_bot) StdoutLine: {'line': b'-- Up-to-date: /root/ros2_ws/install/bcr_bot/share/bcr_bot//models/aws_robomaker_warehouse_DeskC_01/materials/textures/aws_robomaker_warehouse_DeskC_01.png\n'}
[0.145329] (bcr_bot) StdoutLine: {'line': b'-- Up-to-date: /root/ros2_ws/install/bcr_bot/share/bcr_bot//models/aws_robomaker_warehouse_DeskC_01/materials/textures/aws_robomaker_warehouse_DeskC_02.png\n'}
[0.146654] (bcr_bot) StdoutLine: {'line': b'-- Up-to-date: /root/ros2_ws/install/bcr_bot/share/bcr_bot//models/aws_robomaker_warehouse_DeskC_01/materials/textures/aws_robomaker_warehouse_DeskC_03.png\n'}
[0.147664] (bcr_bot) StdoutLine: {'line': b'-- Up-to-date: /root/ros2_ws/install/bcr_bot/share/bcr_bot//models/aws_robomaker_warehouse_DeskC_01/materials/textures/aws_robomaker_warehouse_DeskC_03.psd\n'}
[0.148675] (bcr_bot) StdoutLine: {'line': b'-- Up-to-date: /root/ros2_ws/install/bcr_bot/share/bcr_bot//models/aws_robomaker_warehouse_DeskC_01/materials/textures/aws_robomaker_warehouse_DeskC_04.png\n'}
[0.149411] (bcr_bot) StdoutLine: {'line': b'-- Up-to-date: /root/ros2_ws/install/bcr_bot/share/bcr_bot//models/aws_robomaker_warehouse_DeskC_01/meshes\n'}
[0.150616] (bcr_bot) StdoutLine: {'line': b'-- Up-to-date: /root/ros2_ws/install/bcr_bot/share/bcr_bot//models/aws_robomaker_warehouse_DeskC_01/meshes/aws_robomaker_warehouse_DeskC_01_collision.DAE\n'}
[0.151508] (bcr_bot) StdoutLine: {'line': b'-- Up-to-date: /root/ros2_ws/install/bcr_bot/share/bcr_bot//models/aws_robomaker_warehouse_DeskC_01/meshes/aws_robomaker_warehouse_DeskC_01_visual.DAE\n'}
[0.152317] (bcr_bot) StdoutLine: {'line': b'-- Up-to-date: /root/ros2_ws/install/bcr_bot/share/bcr_bot//models/aws_robomaker_warehouse_DeskC_01/model.config\n'}
[0.153108] (bcr_bot) StdoutLine: {'line': b'-- Up-to-date: /root/ros2_ws/install/bcr_bot/share/bcr_bot//models/aws_robomaker_warehouse_DeskC_01/model.sdf\n'}
[0.153683] (bcr_bot) StdoutLine: {'line': b'-- Up-to-date: /root/ros2_ws/install/bcr_bot/share/bcr_bot//models/aws_robomaker_warehouse_GroundB_01\n'}
[0.154589] (bcr_bot) StdoutLine: {'line': b'-- Up-to-date: /root/ros2_ws/install/bcr_bot/share/bcr_bot//models/aws_robomaker_warehouse_GroundB_01/materials\n'}
[0.155655] (bcr_bot) StdoutLine: {'line': b'-- Up-to-date: /root/ros2_ws/install/bcr_bot/share/bcr_bot//models/aws_robomaker_warehouse_GroundB_01/materials/textures\n'}
[0.157418] (bcr_bot) StdoutLine: {'line': b'-- Up-to-date: /root/ros2_ws/install/bcr_bot/share/bcr_bot//models/aws_robomaker_warehouse_GroundB_01/materials/textures/aws_robomaker_warehouse_GroundB_01.png\n'}
[0.158384] (bcr_bot) StdoutLine: {'line': b'-- Up-to-date: /root/ros2_ws/install/bcr_bot/share/bcr_bot//models/aws_robomaker_warehouse_GroundB_01/materials/textures/aws_robomaker_warehouse_GroundB_02.png\n'}
[0.159076] (bcr_bot) StdoutLine: {'line': b'-- Up-to-date: /root/ros2_ws/install/bcr_bot/share/bcr_bot//models/aws_robomaker_warehouse_GroundB_01/meshes\n'}
[0.160520] (bcr_bot) StdoutLine: {'line': b'-- Up-to-date: /root/ros2_ws/install/bcr_bot/share/bcr_bot//models/aws_robomaker_warehouse_GroundB_01/meshes/aws_robomaker_warehouse_GroundB_01_collision.DAE\n'}
[0.161592] (bcr_bot) StdoutLine: {'line': b'-- Up-to-date: /root/ros2_ws/install/bcr_bot/share/bcr_bot//models/aws_robomaker_warehouse_GroundB_01/meshes/aws_robomaker_warehouse_GroundB_01_visual.DAE\n'}
[0.162519] (bcr_bot) StdoutLine: {'line': b'-- Up-to-date: /root/ros2_ws/install/bcr_bot/share/bcr_bot//models/aws_robomaker_warehouse_GroundB_01/model.config\n'}
[0.163408] (bcr_bot) StdoutLine: {'line': b'-- Up-to-date: /root/ros2_ws/install/bcr_bot/share/bcr_bot//models/aws_robomaker_warehouse_GroundB_01/model.sdf\n'}
[0.164115] (bcr_bot) StdoutLine: {'line': b'-- Up-to-date: /root/ros2_ws/install/bcr_bot/share/bcr_bot//models/aws_robomaker_warehouse_Lamp_01\n'}
[0.165322] (bcr_bot) StdoutLine: {'line': b'-- Up-to-date: /root/ros2_ws/install/bcr_bot/share/bcr_bot//models/aws_robomaker_warehouse_Lamp_01/materials\n'}
[0.166869] (bcr_bot) StdoutLine: {'line': b'-- Up-to-date: /root/ros2_ws/install/bcr_bot/share/bcr_bot//models/aws_robomaker_warehouse_Lamp_01/materials/textures\n'}
[0.168334] (bcr_bot) StdoutLine: {'line': b'-- Up-to-date: /root/ros2_ws/install/bcr_bot/share/bcr_bot//models/aws_robomaker_warehouse_Lamp_01/materials/textures/aws_robomaker_warehouse_Lamp_01.png\n'}
[0.169273] (bcr_bot) StdoutLine: {'line': b'-- Up-to-date: /root/ros2_ws/install/bcr_bot/share/bcr_bot//models/aws_robomaker_warehouse_Lamp_01/meshes\n'}
[0.170667] (bcr_bot) StdoutLine: {'line': b'-- Up-to-date: /root/ros2_ws/install/bcr_bot/share/bcr_bot//models/aws_robomaker_warehouse_Lamp_01/meshes/aws_robomaker_warehouse_Lamp_01_collision.DAE\n'}
[0.172251] (bcr_bot) StdoutLine: {'line': b'-- Up-to-date: /root/ros2_ws/install/bcr_bot/share/bcr_bot//models/aws_robomaker_warehouse_Lamp_01/meshes/aws_robomaker_warehouse_Lamp_01_visual.DAE\n'}
[0.173335] (bcr_bot) StdoutLine: {'line': b'-- Up-to-date: /root/ros2_ws/install/bcr_bot/share/bcr_bot//models/aws_robomaker_warehouse_Lamp_01/model.config\n'}
[0.174430] (bcr_bot) StdoutLine: {'line': b'-- Up-to-date: /root/ros2_ws/install/bcr_bot/share/bcr_bot//models/aws_robomaker_warehouse_Lamp_01/model.sdf\n'}
[0.175315] (bcr_bot) StdoutLine: {'line': b'-- Up-to-date: /root/ros2_ws/install/bcr_bot/share/bcr_bot//models/aws_robomaker_warehouse_PalletJackB_01\n'}
[0.176476] (bcr_bot) StdoutLine: {'line': b'-- Up-to-date: /root/ros2_ws/install/bcr_bot/share/bcr_bot//models/aws_robomaker_warehouse_PalletJackB_01/.DS_Store\n'}
[0.177386] (bcr_bot) StdoutLine: {'line': b'-- Up-to-date: /root/ros2_ws/install/bcr_bot/share/bcr_bot//models/aws_robomaker_warehouse_PalletJackB_01/materials\n'}
[0.179012] (bcr_bot) StdoutLine: {'line': b'-- Up-to-date: /root/ros2_ws/install/bcr_bot/share/bcr_bot//models/aws_robomaker_warehouse_PalletJackB_01/materials/.DS_Store\n'}
[0.180052] (bcr_bot) StdoutLine: {'line': b'-- Up-to-date: /root/ros2_ws/install/bcr_bot/share/bcr_bot//models/aws_robomaker_warehouse_PalletJackB_01/materials/textures\n'}
[0.181397] (bcr_bot) StdoutLine: {'line': b'-- Up-to-date: /root/ros2_ws/install/bcr_bot/share/bcr_bot//models/aws_robomaker_warehouse_PalletJackB_01/materials/textures/aws_robomaker_warehouse_PalletJackB_01.png\n'}
[0.182394] (bcr_bot) StdoutLine: {'line': b'-- Up-to-date: /root/ros2_ws/install/bcr_bot/share/bcr_bot//models/aws_robomaker_warehouse_PalletJackB_01/materials/textures/aws_robomaker_warehouse_PalletJackB_02.png\n'}
[0.183084] (bcr_bot) StdoutLine: {'line': b'-- Up-to-date: /root/ros2_ws/install/bcr_bot/share/bcr_bot//models/aws_robomaker_warehouse_PalletJackB_01/meshes\n'}
[0.184256] (bcr_bot) StdoutLine: {'line': b'-- Up-to-date: /root/ros2_ws/install/bcr_bot/share/bcr_bot//models/aws_robomaker_warehouse_PalletJackB_01/meshes/aws_robomaker_warehouse_PalletJackB_01_collision.DAE\n'}
[0.185164] (bcr_bot) StdoutLine: {'line': b'-- Up-to-date: /root/ros2_ws/install/bcr_bot/share/bcr_bot//models/aws_robomaker_warehouse_PalletJackB_01/meshes/aws_robomaker_warehouse_PalletJackB_01_visual.DAE\n'}
[0.185999] (bcr_bot) StdoutLine: {'line': b'-- Up-to-date: /root/ros2_ws/install/bcr_bot/share/bcr_bot//models/aws_robomaker_warehouse_PalletJackB_01/model.config\n'}
[0.186796] (bcr_bot) StdoutLine: {'line': b'-- Up-to-date: /root/ros2_ws/install/bcr_bot/share/bcr_bot//models/aws_robomaker_warehouse_PalletJackB_01/model.sdf\n'}
[0.187411] (bcr_bot) StdoutLine: {'line': b'-- Up-to-date: /root/ros2_ws/install/bcr_bot/share/bcr_bot//models/aws_robomaker_warehouse_RoofB_01\n'}
[0.188369] (bcr_bot) StdoutLine: {'line': b'-- Up-to-date: /root/ros2_ws/install/bcr_bot/share/bcr_bot//models/aws_robomaker_warehouse_RoofB_01/materials\n'}
[0.189418] (bcr_bot) StdoutLine: {'line': b'-- Up-to-date: /root/ros2_ws/install/bcr_bot/share/bcr_bot//models/aws_robomaker_warehouse_RoofB_01/materials/textures\n'}
[0.190754] (bcr_bot) StdoutLine: {'line': b'-- Up-to-date: /root/ros2_ws/install/bcr_bot/share/bcr_bot//models/aws_robomaker_warehouse_RoofB_01/materials/textures/aws_robomaker_warehouse_RoofB_01.png\n'}
[0.191435] (bcr_bot) StdoutLine: {'line': b'-- Up-to-date: /root/ros2_ws/install/bcr_bot/share/bcr_bot//models/aws_robomaker_warehouse_RoofB_01/meshes\n'}
[0.192649] (bcr_bot) StdoutLine: {'line': b'-- Up-to-date: /root/ros2_ws/install/bcr_bot/share/bcr_bot//models/aws_robomaker_warehouse_RoofB_01/meshes/aws_robomaker_warehouse_RoofB_01_collision.DAE\n'}
[0.193756] (bcr_bot) StdoutLine: {'line': b'-- Up-to-date: /root/ros2_ws/install/bcr_bot/share/bcr_bot//models/aws_robomaker_warehouse_RoofB_01/meshes/aws_robomaker_warehouse_RoofB_01_visual.DAE\n'}
[0.194607] (bcr_bot) StdoutLine: {'line': b'-- Up-to-date: /root/ros2_ws/install/bcr_bot/share/bcr_bot//models/aws_robomaker_warehouse_RoofB_01/model.config\n'}
[0.195397] (bcr_bot) StdoutLine: {'line': b'-- Up-to-date: /root/ros2_ws/install/bcr_bot/share/bcr_bot//models/aws_robomaker_warehouse_RoofB_01/model.sdf\n'}
[0.195993] (bcr_bot) StdoutLine: {'line': b'-- Up-to-date: /root/ros2_ws/install/bcr_bot/share/bcr_bot//models/aws_robomaker_warehouse_ShelfD_01\n'}
[0.196955] (bcr_bot) StdoutLine: {'line': b'-- Up-to-date: /root/ros2_ws/install/bcr_bot/share/bcr_bot//models/aws_robomaker_warehouse_ShelfD_01/materials\n'}
[0.198075] (bcr_bot) StdoutLine: {'line': b'-- Up-to-date: /root/ros2_ws/install/bcr_bot/share/bcr_bot//models/aws_robomaker_warehouse_ShelfD_01/materials/textures\n'}
[0.199308] (-) TimerEvent: {}
[0.199477] (bcr_bot) StdoutLine: {'line': b'-- Up-to-date: /root/ros2_ws/install/bcr_bot/share/bcr_bot//models/aws_robomaker_warehouse_ShelfD_01/materials/textures/aws_robomaker_warehouse_ShelfD_01.png\n'}
[0.200660] (bcr_bot) StdoutLine: {'line': b'-- Up-to-date: /root/ros2_ws/install/bcr_bot/share/bcr_bot//models/aws_robomaker_warehouse_ShelfD_01/materials/textures/aws_robomaker_warehouse_ShelfD_02.png\n'}
[0.202065] (bcr_bot) StdoutLine: {'line': b'-- Up-to-date: /root/ros2_ws/install/bcr_bot/share/bcr_bot//models/aws_robomaker_warehouse_ShelfD_01/materials/textures/aws_robomaker_warehouse_ShelfD_03.png\n'}
[0.203098] (bcr_bot) StdoutLine: {'line': b'-- Up-to-date: /root/ros2_ws/install/bcr_bot/share/bcr_bot//models/aws_robomaker_warehouse_ShelfD_01/materials/textures/aws_robomaker_warehouse_ShelfD_04.png\n'}
[0.203797] (bcr_bot) StdoutLine: {'line': b'-- Up-to-date: /root/ros2_ws/install/bcr_bot/share/bcr_bot//models/aws_robomaker_warehouse_ShelfD_01/meshes\n'}
[0.205033] (bcr_bot) StdoutLine: {'line': b'-- Up-to-date: /root/ros2_ws/install/bcr_bot/share/bcr_bot//models/aws_robomaker_warehouse_ShelfD_01/meshes/aws_robomaker_warehouse_ShelfD_01_collision.DAE\n'}
[0.205973] (bcr_bot) StdoutLine: {'line': b'-- Up-to-date: /root/ros2_ws/install/bcr_bot/share/bcr_bot//models/aws_robomaker_warehouse_ShelfD_01/meshes/aws_robomaker_warehouse_ShelfD_01_visual.DAE\n'}
[0.206769] (bcr_bot) StdoutLine: {'line': b'-- Up-to-date: /root/ros2_ws/install/bcr_bot/share/bcr_bot//models/aws_robomaker_warehouse_ShelfD_01/model.config\n'}
[0.207557] (bcr_bot) StdoutLine: {'line': b'-- Up-to-date: /root/ros2_ws/install/bcr_bot/share/bcr_bot//models/aws_robomaker_warehouse_ShelfD_01/model.sdf\n'}
[0.208159] (bcr_bot) StdoutLine: {'line': b'-- Up-to-date: /root/ros2_ws/install/bcr_bot/share/bcr_bot//models/aws_robomaker_warehouse_ShelfE_01\n'}
[0.209275] (bcr_bot) StdoutLine: {'line': b'-- Up-to-date: /root/ros2_ws/install/bcr_bot/share/bcr_bot//models/aws_robomaker_warehouse_ShelfE_01/.DS_Store\n'}
[0.210198] (bcr_bot) StdoutLine: {'line': b'-- Up-to-date: /root/ros2_ws/install/bcr_bot/share/bcr_bot//models/aws_robomaker_warehouse_ShelfE_01/materials\n'}
[0.211447] (bcr_bot) StdoutLine: {'line': b'-- Up-to-date: /root/ros2_ws/install/bcr_bot/share/bcr_bot//models/aws_robomaker_warehouse_ShelfE_01/materials/.DS_Store\n'}
[0.212179] (bcr_bot) StdoutLine: {'line': b'-- Up-to-date: /root/ros2_ws/install/bcr_bot/share/bcr_bot//models/aws_robomaker_warehouse_ShelfE_01/materials/textures\n'}
[0.213590] (bcr_bot) StdoutLine: {'line': b'-- Up-to-date: /root/ros2_ws/install/bcr_bot/share/bcr_bot//models/aws_robomaker_warehouse_ShelfE_01/materials/textures/aws_robomaker_warehouse_ShelfE_01.png\n'}
[0.214579] (bcr_bot) StdoutLine: {'line': b'-- Up-to-date: /root/ros2_ws/install/bcr_bot/share/bcr_bot//models/aws_robomaker_warehouse_ShelfE_01/materials/textures/aws_robomaker_warehouse_ShelfE_02.png\n'}
[0.215588] (bcr_bot) StdoutLine: {'line': b'-- Up-to-date: /root/ros2_ws/install/bcr_bot/share/bcr_bot//models/aws_robomaker_warehouse_ShelfE_01/materials/textures/aws_robomaker_warehouse_ShelfE_03.png\n'}
[0.216579] (bcr_bot) StdoutLine: {'line': b'-- Up-to-date: /root/ros2_ws/install/bcr_bot/share/bcr_bot//models/aws_robomaker_warehouse_ShelfE_01/materials/textures/aws_robomaker_warehouse_ShelfE_04.png\n'}
[0.217270] (bcr_bot) StdoutLine: {'line': b'-- Up-to-date: /root/ros2_ws/install/bcr_bot/share/bcr_bot//models/aws_robomaker_warehouse_ShelfE_01/meshes\n'}
[0.218492] (bcr_bot) StdoutLine: {'line': b'-- Up-to-date: /root/ros2_ws/install/bcr_bot/share/bcr_bot//models/aws_robomaker_warehouse_ShelfE_01/meshes/aws_robomaker_warehouse_ShelfE_01_collision.DAE\n'}
[0.219406] (bcr_bot) StdoutLine: {'line': b'-- Up-to-date: /root/ros2_ws/install/bcr_bot/share/bcr_bot//models/aws_robomaker_warehouse_ShelfE_01/meshes/aws_robomaker_warehouse_ShelfE_01_visual.DAE\n'}
[0.220254] (bcr_bot) StdoutLine: {'line': b'-- Up-to-date: /root/ros2_ws/install/bcr_bot/share/bcr_bot//models/aws_robomaker_warehouse_ShelfE_01/model.config\n'}
[0.221038] (bcr_bot) StdoutLine: {'line': b'-- Up-to-date: /root/ros2_ws/install/bcr_bot/share/bcr_bot//models/aws_robomaker_warehouse_ShelfE_01/model.sdf\n'}
[0.221637] (bcr_bot) StdoutLine: {'line': b'-- Up-to-date: /root/ros2_ws/install/bcr_bot/share/bcr_bot//models/aws_robomaker_warehouse_ShelfF_01\n'}
[0.222581] (bcr_bot) StdoutLine: {'line': b'-- Up-to-date: /root/ros2_ws/install/bcr_bot/share/bcr_bot//models/aws_robomaker_warehouse_ShelfF_01/materials\n'}
[0.223627] (bcr_bot) StdoutLine: {'line': b'-- Up-to-date: /root/ros2_ws/install/bcr_bot/share/bcr_bot//models/aws_robomaker_warehouse_ShelfF_01/materials/textures\n'}
[0.225193] (bcr_bot) StdoutLine: {'line': b'-- Up-to-date: /root/ros2_ws/install/bcr_bot/share/bcr_bot//models/aws_robomaker_warehouse_ShelfF_01/materials/textures/aws_robomaker_warehouse_ShelfF_01.png\n'}
[0.226656] (bcr_bot) StdoutLine: {'line': b'-- Up-to-date: /root/ros2_ws/install/bcr_bot/share/bcr_bot//models/aws_robomaker_warehouse_ShelfF_01/materials/textures/aws_robomaker_warehouse_ShelfF_02.png\n'}
[0.227639] (bcr_bot) StdoutLine: {'line': b'-- Up-to-date: /root/ros2_ws/install/bcr_bot/share/bcr_bot//models/aws_robomaker_warehouse_ShelfF_01/materials/textures/aws_robomaker_warehouse_ShelfF_03.png\n'}
[0.228333] (bcr_bot) StdoutLine: {'line': b'-- Up-to-date: /root/ros2_ws/install/bcr_bot/share/bcr_bot//models/aws_robomaker_warehouse_ShelfF_01/meshes\n'}
[0.229586] (bcr_bot) StdoutLine: {'line': b'-- Up-to-date: /root/ros2_ws/install/bcr_bot/share/bcr_bot//models/aws_robomaker_warehouse_ShelfF_01/meshes/aws_robomaker_warehouse_ShelfF_01_collision.DAE\n'}
[0.230522] (bcr_bot) StdoutLine: {'line': b'-- Up-to-date: /root/ros2_ws/install/bcr_bot/share/bcr_bot//models/aws_robomaker_warehouse_ShelfF_01/meshes/aws_robomaker_warehouse_ShelfF_01_visual.DAE\n'}
[0.231346] (bcr_bot) StdoutLine: {'line': b'-- Up-to-date: /root/ros2_ws/install/bcr_bot/share/bcr_bot//models/aws_robomaker_warehouse_ShelfF_01/model.config\n'}
[0.232120] (bcr_bot) StdoutLine: {'line': b'-- Up-to-date: /root/ros2_ws/install/bcr_bot/share/bcr_bot//models/aws_robomaker_warehouse_ShelfF_01/model.sdf\n'}
[0.232737] (bcr_bot) StdoutLine: {'line': b'-- Up-to-date: /root/ros2_ws/install/bcr_bot/share/bcr_bot//models/aws_robomaker_warehouse_TrashCanC_01\n'}
[0.233862] (bcr_bot) StdoutLine: {'line': b'-- Up-to-date: /root/ros2_ws/install/bcr_bot/share/bcr_bot//models/aws_robomaker_warehouse_TrashCanC_01/materials\n'}
[0.234919] (bcr_bot) StdoutLine: {'line': b'-- Up-to-date: /root/ros2_ws/install/bcr_bot/share/bcr_bot//models/aws_robomaker_warehouse_TrashCanC_01/materials/textures\n'}
[0.236243] (bcr_bot) StdoutLine: {'line': b'-- Up-to-date: /root/ros2_ws/install/bcr_bot/share/bcr_bot//models/aws_robomaker_warehouse_TrashCanC_01/materials/textures/aws_robomaker_warehouse_TrashCanC_01.png\n'}
[0.237074] (bcr_bot) StdoutLine: {'line': b'-- Up-to-date: /root/ros2_ws/install/bcr_bot/share/bcr_bot//models/aws_robomaker_warehouse_TrashCanC_01/meshes\n'}
[0.238289] (bcr_bot) StdoutLine: {'line': b'-- Up-to-date: /root/ros2_ws/install/bcr_bot/share/bcr_bot//models/aws_robomaker_warehouse_TrashCanC_01/meshes/aws_robomaker_warehouse_TrashCanC_01_collision.DAE\n'}
[0.239191] (bcr_bot) StdoutLine: {'line': b'-- Up-to-date: /root/ros2_ws/install/bcr_bot/share/bcr_bot//models/aws_robomaker_warehouse_TrashCanC_01/meshes/aws_robomaker_warehouse_TrashCanC_01_visual.DAE\n'}
[0.240041] (bcr_bot) StdoutLine: {'line': b'-- Up-to-date: /root/ros2_ws/install/bcr_bot/share/bcr_bot//models/aws_robomaker_warehouse_TrashCanC_01/model.config\n'}
[0.240828] (bcr_bot) StdoutLine: {'line': b'-- Up-to-date: /root/ros2_ws/install/bcr_bot/share/bcr_bot//models/aws_robomaker_warehouse_TrashCanC_01/model.sdf\n'}
[0.241405] (bcr_bot) StdoutLine: {'line': b'-- Up-to-date: /root/ros2_ws/install/bcr_bot/share/bcr_bot//models/aws_robomaker_warehouse_WallB_01\n'}
[0.242403] (bcr_bot) StdoutLine: {'line': b'-- Up-to-date: /root/ros2_ws/install/bcr_bot/share/bcr_bot//models/aws_robomaker_warehouse_WallB_01/materials\n'}
[0.243478] (bcr_bot) StdoutLine: {'line': b'-- Up-to-date: /root/ros2_ws/install/bcr_bot/share/bcr_bot//models/aws_robomaker_warehouse_WallB_01/materials/textures\n'}
[0.244852] (bcr_bot) StdoutLine: {'line': b'-- Up-to-date: /root/ros2_ws/install/bcr_bot/share/bcr_bot//models/aws_robomaker_warehouse_WallB_01/materials/textures/aws_robomaker_warehouse_WallB_01.png\n'}
[0.245508] (bcr_bot) StdoutLine: {'line': b'-- Up-to-date: /root/ros2_ws/install/bcr_bot/share/bcr_bot//models/aws_robomaker_warehouse_WallB_01/meshes\n'}
[0.246739] (bcr_bot) StdoutLine: {'line': b'-- Up-to-date: /root/ros2_ws/install/bcr_bot/share/bcr_bot//models/aws_robomaker_warehouse_WallB_01/meshes/aws_robomaker_warehouse_WallB_01_collision.DAE\n'}
[0.247619] (bcr_bot) StdoutLine: {'line': b'-- Up-to-date: /root/ros2_ws/install/bcr_bot/share/bcr_bot//models/aws_robomaker_warehouse_WallB_01/meshes/aws_robomaker_warehouse_WallB_01_visual.DAE\n'}
[0.248817] (bcr_bot) StdoutLine: {'line': b'-- Up-to-date: /root/ros2_ws/install/bcr_bot/share/bcr_bot//models/aws_robomaker_warehouse_WallB_01/model.config\n'}
[0.249579] (bcr_bot) StdoutLine: {'line': b'-- Up-to-date: /root/ros2_ws/install/bcr_bot/share/bcr_bot//models/aws_robomaker_warehouse_WallB_01/model.sdf\n'}
[0.250169] (bcr_bot) StdoutLine: {'line': b'-- Up-to-date: /root/ros2_ws/install/bcr_bot/share/bcr_bot//urdf\n'}
[0.251120] (bcr_bot) StdoutLine: {'line': b'-- Up-to-date: /root/ros2_ws/install/bcr_bot/share/bcr_bot//urdf/bcr_bot.xacro\n'}
[0.251851] (bcr_bot) StdoutLine: {'line': b'-- Up-to-date: /root/ros2_ws/install/bcr_bot/share/bcr_bot//urdf/gazebo.xacro\n'}
[0.252547] (bcr_bot) StdoutLine: {'line': b'-- Up-to-date: /root/ros2_ws/install/bcr_bot/share/bcr_bot//urdf/gz.xacro\n'}
[0.253237] (bcr_bot) StdoutLine: {'line': b'-- Up-to-date: /root/ros2_ws/install/bcr_bot/share/bcr_bot//urdf/ign.xacro\n'}
[0.253918] (bcr_bot) StdoutLine: {'line': b'-- Up-to-date: /root/ros2_ws/install/bcr_bot/share/bcr_bot//urdf/macros.xacro\n'}
[0.254585] (bcr_bot) StdoutLine: {'line': b'-- Up-to-date: /root/ros2_ws/install/bcr_bot/share/bcr_bot//urdf/materials.xacro\n'}
[0.255092] (bcr_bot) StdoutLine: {'line': b'-- Up-to-date: /root/ros2_ws/install/bcr_bot/share/bcr_bot//worlds\n'}
[0.256082] (bcr_bot) StdoutLine: {'line': b'-- Up-to-date: /root/ros2_ws/install/bcr_bot/share/bcr_bot//worlds/empty.sdf\n'}
[0.256784] (bcr_bot) StdoutLine: {'line': b'-- Up-to-date: /root/ros2_ws/install/bcr_bot/share/bcr_bot//worlds/small_warehouse.sdf\n'}
[0.257283] (bcr_bot) StdoutLine: {'line': b'-- Up-to-date: /root/ros2_ws/install/bcr_bot/share/bcr_bot//rviz\n'}
[0.258227] (bcr_bot) StdoutLine: {'line': b'-- Up-to-date: /root/ros2_ws/install/bcr_bot/share/bcr_bot//rviz/entire_setup.rviz\n'}
[0.258918] (bcr_bot) StdoutLine: {'line': b'-- Up-to-date: /root/ros2_ws/install/bcr_bot/share/bcr_bot//rviz/map.rviz\n'}
[0.259493] (bcr_bot) StdoutLine: {'line': b'-- Up-to-date: /root/ros2_ws/install/bcr_bot/share/bcr_bot/config\n'}
[0.260497] (bcr_bot) StdoutLine: {'line': b'-- Up-to-date: /root/ros2_ws/install/bcr_bot/share/bcr_bot/config/bcr_map.pgm\n'}
[0.261248] (bcr_bot) StdoutLine: {'line': b'-- Up-to-date: /root/ros2_ws/install/bcr_bot/share/bcr_bot/config/bcr_map.yaml\n'}
[0.261943] (bcr_bot) StdoutLine: {'line': b'-- Up-to-date: /root/ros2_ws/install/bcr_bot/share/bcr_bot/config/mapper_params_online_async.yaml\n'}
[0.262653] (bcr_bot) StdoutLine: {'line': b'-- Up-to-date: /root/ros2_ws/install/bcr_bot/share/bcr_bot/config/nav2_params.yaml\n'}
[0.263757] (bcr_bot) StdoutLine: {'line': b'-- Up-to-date: /root/ros2_ws/install/bcr_bot/lib/bcr_bot/remapper.py\n'}
[0.265166] (bcr_bot) StdoutLine: {'line': b'-- Up-to-date: /root/ros2_ws/install/bcr_bot/share/ament_index/resource_index/package_run_dependencies/bcr_bot\n'}
[0.266342] (bcr_bot) StdoutLine: {'line': b'-- Up-to-date: /root/ros2_ws/install/bcr_bot/share/ament_index/resource_index/parent_prefix_path/bcr_bot\n'}
[0.266946] (bcr_bot) StdoutLine: {'line': b'-- Up-to-date: /root/ros2_ws/install/bcr_bot/share/bcr_bot/environment/ament_prefix_path.sh\n'}
[0.267808] (bcr_bot) StdoutLine: {'line': b'-- Up-to-date: /root/ros2_ws/install/bcr_bot/share/bcr_bot/environment/ament_prefix_path.dsv\n'}
[0.268364] (bcr_bot) StdoutLine: {'line': b'-- Up-to-date: /root/ros2_ws/install/bcr_bot/share/bcr_bot/environment/path.sh\n'}
[0.269214] (bcr_bot) StdoutLine: {'line': b'-- Up-to-date: /root/ros2_ws/install/bcr_bot/share/bcr_bot/environment/path.dsv\n'}
[0.270023] (bcr_bot) StdoutLine: {'line': b'-- Up-to-date: /root/ros2_ws/install/bcr_bot/share/bcr_bot/local_setup.bash\n'}
[0.270797] (bcr_bot) StdoutLine: {'line': b'-- Up-to-date: /root/ros2_ws/install/bcr_bot/share/bcr_bot/local_setup.sh\n'}
[0.271570] (bcr_bot) StdoutLine: {'line': b'-- Up-to-date: /root/ros2_ws/install/bcr_bot/share/bcr_bot/local_setup.zsh\n'}
[0.272333] (bcr_bot) StdoutLine: {'line': b'-- Up-to-date: /root/ros2_ws/install/bcr_bot/share/bcr_bot/local_setup.dsv\n'}
[0.273217] (bcr_bot) StdoutLine: {'line': b'-- Installing: /root/ros2_ws/install/bcr_bot/share/bcr_bot/package.dsv\n'}
[0.276364] (bcr_bot) StdoutLine: {'line': b'-- Up-to-date: /root/ros2_ws/install/bcr_bot/share/ament_index/resource_index/packages/bcr_bot\n'}
[0.277233] (bcr_bot) StdoutLine: {'line': b'-- Up-to-date: /root/ros2_ws/install/bcr_bot/share/bcr_bot/cmake/bcr_botConfig.cmake\n'}
[0.277913] (bcr_bot) StdoutLine: {'line': b'-- Up-to-date: /root/ros2_ws/install/bcr_bot/share/bcr_bot/cmake/bcr_botConfig-version.cmake\n'}
[0.278681] (bcr_bot) StdoutLine: {'line': b'-- Up-to-date: /root/ros2_ws/install/bcr_bot/share/bcr_bot/package.xml\n'}
[0.280910] (bcr_bot) CommandEnded: {'returncode': 0}
[0.299417] (-) TimerEvent: {}
[0.339102] (bcr_bot) JobEnded: {'identifier': 'bcr_bot', 'rc': 0}
[0.340465] (-) EventReactorShutdown: {}
