[0.028s] Invoking command in '/root/ros2_ws/build/bcr_bot': CMAKE_PREFIX_PATH=${CMAKE_PREFIX_PATH}:/opt/ros/humble /usr/bin/cmake --build /root/ros2_ws/build/bcr_bot -- -j4 -l4
[0.106s] Invoked command in '/root/ros2_ws/build/bcr_bot' returned '0': CMAKE_PREFIX_PATH=${CMAKE_PREFIX_PATH}:/opt/ros/humble /usr/bin/cmake --build /root/ros2_ws/build/bcr_bot -- -j4 -l4
[0.118s] Invoking command in '/root/ros2_ws/build/bcr_bot': CMAKE_PREFIX_PATH=${CMAKE_PREFIX_PATH}:/opt/ros/humble /usr/bin/cmake --install /root/ros2_ws/build/bcr_bot
[0.126s] -- Install configuration: ""
[0.128s] -- Up-to-date: /root/ros2_ws/install/bcr_bot/share/bcr_bot//launch
[0.131s] -- Up-to-date: /root/ros2_ws/install/bcr_bot/share/bcr_bot//launch/bcr_bot_gazebo_spawn.launch.py
[0.132s] -- Up-to-date: /root/ros2_ws/install/bcr_bot/share/bcr_bot//launch/bcr_bot_gz_spawn.launch.py
[0.134s] -- Up-to-date: /root/ros2_ws/install/bcr_bot/share/bcr_bot//launch/bcr_bot_ign_spawn.launch.py
[0.135s] -- Up-to-date: /root/ros2_ws/install/bcr_bot/share/bcr_bot//launch/gazebo.launch.py
[0.137s] -- Up-to-date: /root/ros2_ws/install/bcr_bot/share/bcr_bot//launch/gz.launch.py
[0.139s] -- Up-to-date: /root/ros2_ws/install/bcr_bot/share/bcr_bot//launch/ign.launch.py
[0.142s] -- Up-to-date: /root/ros2_ws/install/bcr_bot/share/bcr_bot//launch/mapping.launch.py
[0.143s] -- Up-to-date: /root/ros2_ws/install/bcr_bot/share/bcr_bot//launch/nav2.launch.py
[0.145s] -- Up-to-date: /root/ros2_ws/install/bcr_bot/share/bcr_bot//launch/rviz.launch.py
[0.145s] -- Up-to-date: /root/ros2_ws/install/bcr_bot/share/bcr_bot//meshes
[0.147s] -- Up-to-date: /root/ros2_ws/install/bcr_bot/share/bcr_bot//meshes/bcr_bot_mesh.dae
[0.148s] -- Up-to-date: /root/ros2_ws/install/bcr_bot/share/bcr_bot//meshes/kinect
[0.150s] -- Up-to-date: /root/ros2_ws/install/bcr_bot/share/bcr_bot//meshes/kinect/d415.dae
[0.152s] -- Up-to-date: /root/ros2_ws/install/bcr_bot/share/bcr_bot//meshes/kinect/kinect.dae
[0.154s] -- Up-to-date: /root/ros2_ws/install/bcr_bot/share/bcr_bot//meshes/kinect/kinect.jpg
[0.157s] -- Up-to-date: /root/ros2_ws/install/bcr_bot/share/bcr_bot//meshes/kinect/kinect.tga
[0.158s] -- Up-to-date: /root/ros2_ws/install/bcr_bot/share/bcr_bot//meshes/logo.png
[0.161s] -- Up-to-date: /root/ros2_ws/install/bcr_bot/share/bcr_bot//meshes/realsense_texture.png
[0.162s] -- Up-to-date: /root/ros2_ws/install/bcr_bot/share/bcr_bot//models
[0.164s] -- Up-to-date: /root/ros2_ws/install/bcr_bot/share/bcr_bot//models/aws_robomaker_warehouse_Bucket_01
[0.167s] -- Up-to-date: /root/ros2_ws/install/bcr_bot/share/bcr_bot//models/aws_robomaker_warehouse_Bucket_01/.DS_Store
[0.168s] -- Up-to-date: /root/ros2_ws/install/bcr_bot/share/bcr_bot//models/aws_robomaker_warehouse_Bucket_01/materials
[0.170s] -- Up-to-date: /root/ros2_ws/install/bcr_bot/share/bcr_bot//models/aws_robomaker_warehouse_Bucket_01/materials/.DS_Store
[0.171s] -- Up-to-date: /root/ros2_ws/install/bcr_bot/share/bcr_bot//models/aws_robomaker_warehouse_Bucket_01/materials/textures
[0.172s] -- Up-to-date: /root/ros2_ws/install/bcr_bot/share/bcr_bot//models/aws_robomaker_warehouse_Bucket_01/materials/textures/aws_robomaker_warehouse_Bucket_01.png
[0.173s] -- Up-to-date: /root/ros2_ws/install/bcr_bot/share/bcr_bot//models/aws_robomaker_warehouse_Bucket_01/meshes
[0.175s] -- Up-to-date: /root/ros2_ws/install/bcr_bot/share/bcr_bot//models/aws_robomaker_warehouse_Bucket_01/meshes/aws_robomaker_warehouse_Bucket_01_collision.DAE
[0.176s] -- Up-to-date: /root/ros2_ws/install/bcr_bot/share/bcr_bot//models/aws_robomaker_warehouse_Bucket_01/meshes/aws_robomaker_warehouse_Bucket_01_visual.DAE
[0.178s] -- Up-to-date: /root/ros2_ws/install/bcr_bot/share/bcr_bot//models/aws_robomaker_warehouse_Bucket_01/model.config
[0.180s] -- Up-to-date: /root/ros2_ws/install/bcr_bot/share/bcr_bot//models/aws_robomaker_warehouse_Bucket_01/model.sdf
[0.181s] -- Up-to-date: /root/ros2_ws/install/bcr_bot/share/bcr_bot//models/aws_robomaker_warehouse_ClutteringA_01
[0.185s] -- Up-to-date: /root/ros2_ws/install/bcr_bot/share/bcr_bot//models/aws_robomaker_warehouse_ClutteringA_01/.DS_Store
[0.185s] -- Up-to-date: /root/ros2_ws/install/bcr_bot/share/bcr_bot//models/aws_robomaker_warehouse_ClutteringA_01/materials
[0.188s] -- Up-to-date: /root/ros2_ws/install/bcr_bot/share/bcr_bot//models/aws_robomaker_warehouse_ClutteringA_01/materials/.DS_Store
[0.189s] -- Up-to-date: /root/ros2_ws/install/bcr_bot/share/bcr_bot//models/aws_robomaker_warehouse_ClutteringA_01/materials/textures
[0.192s] -- Up-to-date: /root/ros2_ws/install/bcr_bot/share/bcr_bot//models/aws_robomaker_warehouse_ClutteringA_01/materials/textures/.DS_Store
[0.194s] -- Up-to-date: /root/ros2_ws/install/bcr_bot/share/bcr_bot//models/aws_robomaker_warehouse_ClutteringA_01/materials/textures/aws_robomaker_warehouse_ClutteringA_01.png
[0.196s] -- Up-to-date: /root/ros2_ws/install/bcr_bot/share/bcr_bot//models/aws_robomaker_warehouse_ClutteringA_01/materials/textures/aws_robomaker_warehouse_ClutteringA_02.png
[0.199s] -- Up-to-date: /root/ros2_ws/install/bcr_bot/share/bcr_bot//models/aws_robomaker_warehouse_ClutteringA_01/materials/textures/aws_robomaker_warehouse_ClutteringA_03.png
[0.203s] -- Up-to-date: /root/ros2_ws/install/bcr_bot/share/bcr_bot//models/aws_robomaker_warehouse_ClutteringA_01/meshes
[0.205s] -- Up-to-date: /root/ros2_ws/install/bcr_bot/share/bcr_bot//models/aws_robomaker_warehouse_ClutteringA_01/meshes/aws_robomaker_warehouse_ClutteringA_01_collision.DAE
[0.207s] -- Up-to-date: /root/ros2_ws/install/bcr_bot/share/bcr_bot//models/aws_robomaker_warehouse_ClutteringA_01/meshes/aws_robomaker_warehouse_ClutteringA_01_visual.DAE
[0.209s] -- Up-to-date: /root/ros2_ws/install/bcr_bot/share/bcr_bot//models/aws_robomaker_warehouse_ClutteringA_01/model.config
[0.211s] -- Up-to-date: /root/ros2_ws/install/bcr_bot/share/bcr_bot//models/aws_robomaker_warehouse_ClutteringA_01/model.sdf
[0.213s] -- Up-to-date: /root/ros2_ws/install/bcr_bot/share/bcr_bot//models/aws_robomaker_warehouse_ClutteringC_01
[0.214s] -- Up-to-date: /root/ros2_ws/install/bcr_bot/share/bcr_bot//models/aws_robomaker_warehouse_ClutteringC_01/materials
[0.216s] -- Up-to-date: /root/ros2_ws/install/bcr_bot/share/bcr_bot//models/aws_robomaker_warehouse_ClutteringC_01/materials/textures
[0.219s] -- Up-to-date: /root/ros2_ws/install/bcr_bot/share/bcr_bot//models/aws_robomaker_warehouse_ClutteringC_01/materials/textures/aws_robomaker_warehouse_ClutteringC_01.png
[0.221s] -- Up-to-date: /root/ros2_ws/install/bcr_bot/share/bcr_bot//models/aws_robomaker_warehouse_ClutteringC_01/materials/textures/aws_robomaker_warehouse_ClutteringC_02.png
[0.222s] -- Up-to-date: /root/ros2_ws/install/bcr_bot/share/bcr_bot//models/aws_robomaker_warehouse_ClutteringC_01/meshes
[0.224s] -- Up-to-date: /root/ros2_ws/install/bcr_bot/share/bcr_bot//models/aws_robomaker_warehouse_ClutteringC_01/meshes/aws_robomaker_warehouse_ClutteringC_01_collision.DAE
[0.226s] -- Up-to-date: /root/ros2_ws/install/bcr_bot/share/bcr_bot//models/aws_robomaker_warehouse_ClutteringC_01/meshes/aws_robomaker_warehouse_ClutteringC_01_visual.DAE
[0.227s] -- Up-to-date: /root/ros2_ws/install/bcr_bot/share/bcr_bot//models/aws_robomaker_warehouse_ClutteringC_01/model.config
[0.229s] -- Up-to-date: /root/ros2_ws/install/bcr_bot/share/bcr_bot//models/aws_robomaker_warehouse_ClutteringC_01/model.sdf
[0.231s] -- Up-to-date: /root/ros2_ws/install/bcr_bot/share/bcr_bot//models/aws_robomaker_warehouse_ClutteringD_01
[0.232s] -- Up-to-date: /root/ros2_ws/install/bcr_bot/share/bcr_bot//models/aws_robomaker_warehouse_ClutteringD_01/materials
[0.234s] -- Up-to-date: /root/ros2_ws/install/bcr_bot/share/bcr_bot//models/aws_robomaker_warehouse_ClutteringD_01/materials/textures
[0.236s] -- Up-to-date: /root/ros2_ws/install/bcr_bot/share/bcr_bot//models/aws_robomaker_warehouse_ClutteringD_01/materials/textures/aws_robomaker_warehouse_ClutteringD_01.png
[0.238s] -- Up-to-date: /root/ros2_ws/install/bcr_bot/share/bcr_bot//models/aws_robomaker_warehouse_ClutteringD_01/materials/textures/aws_robomaker_warehouse_ClutteringD_02.png
[0.239s] -- Up-to-date: /root/ros2_ws/install/bcr_bot/share/bcr_bot//models/aws_robomaker_warehouse_ClutteringD_01/meshes
[0.242s] -- Up-to-date: /root/ros2_ws/install/bcr_bot/share/bcr_bot//models/aws_robomaker_warehouse_ClutteringD_01/meshes/aws_robomaker_warehouse_ClutteringD_01_collision.DAE
[0.248s] -- Up-to-date: /root/ros2_ws/install/bcr_bot/share/bcr_bot//models/aws_robomaker_warehouse_ClutteringD_01/meshes/aws_robomaker_warehouse_ClutteringD_01_visual.DAE
[0.249s] -- Up-to-date: /root/ros2_ws/install/bcr_bot/share/bcr_bot//models/aws_robomaker_warehouse_ClutteringD_01/model.config
[0.251s] -- Up-to-date: /root/ros2_ws/install/bcr_bot/share/bcr_bot//models/aws_robomaker_warehouse_ClutteringD_01/model.sdf
[0.252s] -- Up-to-date: /root/ros2_ws/install/bcr_bot/share/bcr_bot//models/aws_robomaker_warehouse_DeskC_01
[0.253s] -- Up-to-date: /root/ros2_ws/install/bcr_bot/share/bcr_bot//models/aws_robomaker_warehouse_DeskC_01/materials
[0.255s] -- Up-to-date: /root/ros2_ws/install/bcr_bot/share/bcr_bot//models/aws_robomaker_warehouse_DeskC_01/materials/.DS_Store
[0.256s] -- Up-to-date: /root/ros2_ws/install/bcr_bot/share/bcr_bot//models/aws_robomaker_warehouse_DeskC_01/materials/textures
[0.259s] -- Up-to-date: /root/ros2_ws/install/bcr_bot/share/bcr_bot//models/aws_robomaker_warehouse_DeskC_01/materials/textures/aws_robomaker_warehouse_DeskC_01.png
[0.261s] -- Up-to-date: /root/ros2_ws/install/bcr_bot/share/bcr_bot//models/aws_robomaker_warehouse_DeskC_01/materials/textures/aws_robomaker_warehouse_DeskC_02.png
[0.264s] -- Up-to-date: /root/ros2_ws/install/bcr_bot/share/bcr_bot//models/aws_robomaker_warehouse_DeskC_01/materials/textures/aws_robomaker_warehouse_DeskC_03.png
[0.266s] -- Up-to-date: /root/ros2_ws/install/bcr_bot/share/bcr_bot//models/aws_robomaker_warehouse_DeskC_01/materials/textures/aws_robomaker_warehouse_DeskC_03.psd
[0.268s] -- Up-to-date: /root/ros2_ws/install/bcr_bot/share/bcr_bot//models/aws_robomaker_warehouse_DeskC_01/materials/textures/aws_robomaker_warehouse_DeskC_04.png
[0.269s] -- Up-to-date: /root/ros2_ws/install/bcr_bot/share/bcr_bot//models/aws_robomaker_warehouse_DeskC_01/meshes
[0.272s] -- Up-to-date: /root/ros2_ws/install/bcr_bot/share/bcr_bot//models/aws_robomaker_warehouse_DeskC_01/meshes/aws_robomaker_warehouse_DeskC_01_collision.DAE
[0.274s] -- Up-to-date: /root/ros2_ws/install/bcr_bot/share/bcr_bot//models/aws_robomaker_warehouse_DeskC_01/meshes/aws_robomaker_warehouse_DeskC_01_visual.DAE
[0.276s] -- Up-to-date: /root/ros2_ws/install/bcr_bot/share/bcr_bot//models/aws_robomaker_warehouse_DeskC_01/model.config
[0.278s] -- Up-to-date: /root/ros2_ws/install/bcr_bot/share/bcr_bot//models/aws_robomaker_warehouse_DeskC_01/model.sdf
[0.279s] -- Up-to-date: /root/ros2_ws/install/bcr_bot/share/bcr_bot//models/aws_robomaker_warehouse_GroundB_01
[0.282s] -- Up-to-date: /root/ros2_ws/install/bcr_bot/share/bcr_bot//models/aws_robomaker_warehouse_GroundB_01/materials
[0.283s] -- Up-to-date: /root/ros2_ws/install/bcr_bot/share/bcr_bot//models/aws_robomaker_warehouse_GroundB_01/materials/textures
[0.286s] -- Up-to-date: /root/ros2_ws/install/bcr_bot/share/bcr_bot//models/aws_robomaker_warehouse_GroundB_01/materials/textures/aws_robomaker_warehouse_GroundB_01.png
[0.288s] -- Up-to-date: /root/ros2_ws/install/bcr_bot/share/bcr_bot//models/aws_robomaker_warehouse_GroundB_01/materials/textures/aws_robomaker_warehouse_GroundB_02.png
[0.288s] -- Up-to-date: /root/ros2_ws/install/bcr_bot/share/bcr_bot//models/aws_robomaker_warehouse_GroundB_01/meshes
[0.291s] -- Up-to-date: /root/ros2_ws/install/bcr_bot/share/bcr_bot//models/aws_robomaker_warehouse_GroundB_01/meshes/aws_robomaker_warehouse_GroundB_01_collision.DAE
[0.292s] -- Up-to-date: /root/ros2_ws/install/bcr_bot/share/bcr_bot//models/aws_robomaker_warehouse_GroundB_01/meshes/aws_robomaker_warehouse_GroundB_01_visual.DAE
[0.293s] -- Up-to-date: /root/ros2_ws/install/bcr_bot/share/bcr_bot//models/aws_robomaker_warehouse_GroundB_01/model.config
[0.296s] -- Up-to-date: /root/ros2_ws/install/bcr_bot/share/bcr_bot//models/aws_robomaker_warehouse_GroundB_01/model.sdf
[0.297s] -- Up-to-date: /root/ros2_ws/install/bcr_bot/share/bcr_bot//models/aws_robomaker_warehouse_Lamp_01
[0.298s] -- Up-to-date: /root/ros2_ws/install/bcr_bot/share/bcr_bot//models/aws_robomaker_warehouse_Lamp_01/materials
[0.300s] -- Up-to-date: /root/ros2_ws/install/bcr_bot/share/bcr_bot//models/aws_robomaker_warehouse_Lamp_01/materials/textures
[0.302s] -- Up-to-date: /root/ros2_ws/install/bcr_bot/share/bcr_bot//models/aws_robomaker_warehouse_Lamp_01/materials/textures/aws_robomaker_warehouse_Lamp_01.png
[0.303s] -- Up-to-date: /root/ros2_ws/install/bcr_bot/share/bcr_bot//models/aws_robomaker_warehouse_Lamp_01/meshes
[0.306s] -- Up-to-date: /root/ros2_ws/install/bcr_bot/share/bcr_bot//models/aws_robomaker_warehouse_Lamp_01/meshes/aws_robomaker_warehouse_Lamp_01_collision.DAE
[0.308s] -- Up-to-date: /root/ros2_ws/install/bcr_bot/share/bcr_bot//models/aws_robomaker_warehouse_Lamp_01/meshes/aws_robomaker_warehouse_Lamp_01_visual.DAE
[0.310s] -- Up-to-date: /root/ros2_ws/install/bcr_bot/share/bcr_bot//models/aws_robomaker_warehouse_Lamp_01/model.config
[0.312s] -- Up-to-date: /root/ros2_ws/install/bcr_bot/share/bcr_bot//models/aws_robomaker_warehouse_Lamp_01/model.sdf
[0.313s] -- Up-to-date: /root/ros2_ws/install/bcr_bot/share/bcr_bot//models/aws_robomaker_warehouse_PalletJackB_01
[0.316s] -- Up-to-date: /root/ros2_ws/install/bcr_bot/share/bcr_bot//models/aws_robomaker_warehouse_PalletJackB_01/.DS_Store
[0.317s] -- Up-to-date: /root/ros2_ws/install/bcr_bot/share/bcr_bot//models/aws_robomaker_warehouse_PalletJackB_01/materials
[0.320s] -- Up-to-date: /root/ros2_ws/install/bcr_bot/share/bcr_bot//models/aws_robomaker_warehouse_PalletJackB_01/materials/.DS_Store
[0.321s] -- Up-to-date: /root/ros2_ws/install/bcr_bot/share/bcr_bot//models/aws_robomaker_warehouse_PalletJackB_01/materials/textures
[0.324s] -- Up-to-date: /root/ros2_ws/install/bcr_bot/share/bcr_bot//models/aws_robomaker_warehouse_PalletJackB_01/materials/textures/aws_robomaker_warehouse_PalletJackB_01.png
[0.327s] -- Up-to-date: /root/ros2_ws/install/bcr_bot/share/bcr_bot//models/aws_robomaker_warehouse_PalletJackB_01/materials/textures/aws_robomaker_warehouse_PalletJackB_02.png
[0.328s] -- Up-to-date: /root/ros2_ws/install/bcr_bot/share/bcr_bot//models/aws_robomaker_warehouse_PalletJackB_01/meshes
[0.331s] -- Up-to-date: /root/ros2_ws/install/bcr_bot/share/bcr_bot//models/aws_robomaker_warehouse_PalletJackB_01/meshes/aws_robomaker_warehouse_PalletJackB_01_collision.DAE
[0.333s] -- Up-to-date: /root/ros2_ws/install/bcr_bot/share/bcr_bot//models/aws_robomaker_warehouse_PalletJackB_01/meshes/aws_robomaker_warehouse_PalletJackB_01_visual.DAE
[0.335s] -- Up-to-date: /root/ros2_ws/install/bcr_bot/share/bcr_bot//models/aws_robomaker_warehouse_PalletJackB_01/model.config
[0.336s] -- Up-to-date: /root/ros2_ws/install/bcr_bot/share/bcr_bot//models/aws_robomaker_warehouse_PalletJackB_01/model.sdf
[0.337s] -- Up-to-date: /root/ros2_ws/install/bcr_bot/share/bcr_bot//models/aws_robomaker_warehouse_RoofB_01
[0.339s] -- Up-to-date: /root/ros2_ws/install/bcr_bot/share/bcr_bot//models/aws_robomaker_warehouse_RoofB_01/materials
[0.341s] -- Up-to-date: /root/ros2_ws/install/bcr_bot/share/bcr_bot//models/aws_robomaker_warehouse_RoofB_01/materials/textures
[0.344s] -- Up-to-date: /root/ros2_ws/install/bcr_bot/share/bcr_bot//models/aws_robomaker_warehouse_RoofB_01/materials/textures/aws_robomaker_warehouse_RoofB_01.png
[0.345s] -- Up-to-date: /root/ros2_ws/install/bcr_bot/share/bcr_bot//models/aws_robomaker_warehouse_RoofB_01/meshes
[0.348s] -- Up-to-date: /root/ros2_ws/install/bcr_bot/share/bcr_bot//models/aws_robomaker_warehouse_RoofB_01/meshes/aws_robomaker_warehouse_RoofB_01_collision.DAE
[0.350s] -- Up-to-date: /root/ros2_ws/install/bcr_bot/share/bcr_bot//models/aws_robomaker_warehouse_RoofB_01/meshes/aws_robomaker_warehouse_RoofB_01_visual.DAE
[0.352s] -- Up-to-date: /root/ros2_ws/install/bcr_bot/share/bcr_bot//models/aws_robomaker_warehouse_RoofB_01/model.config
[0.354s] -- Up-to-date: /root/ros2_ws/install/bcr_bot/share/bcr_bot//models/aws_robomaker_warehouse_RoofB_01/model.sdf
[0.355s] -- Up-to-date: /root/ros2_ws/install/bcr_bot/share/bcr_bot//models/aws_robomaker_warehouse_ShelfD_01
[0.356s] -- Up-to-date: /root/ros2_ws/install/bcr_bot/share/bcr_bot//models/aws_robomaker_warehouse_ShelfD_01/materials
[0.358s] -- Up-to-date: /root/ros2_ws/install/bcr_bot/share/bcr_bot//models/aws_robomaker_warehouse_ShelfD_01/materials/textures
[0.362s] -- Up-to-date: /root/ros2_ws/install/bcr_bot/share/bcr_bot//models/aws_robomaker_warehouse_ShelfD_01/materials/textures/aws_robomaker_warehouse_ShelfD_01.png
[0.365s] -- Up-to-date: /root/ros2_ws/install/bcr_bot/share/bcr_bot//models/aws_robomaker_warehouse_ShelfD_01/materials/textures/aws_robomaker_warehouse_ShelfD_02.png
[0.367s] -- Up-to-date: /root/ros2_ws/install/bcr_bot/share/bcr_bot//models/aws_robomaker_warehouse_ShelfD_01/materials/textures/aws_robomaker_warehouse_ShelfD_03.png
[0.369s] -- Up-to-date: /root/ros2_ws/install/bcr_bot/share/bcr_bot//models/aws_robomaker_warehouse_ShelfD_01/materials/textures/aws_robomaker_warehouse_ShelfD_04.png
[0.370s] -- Up-to-date: /root/ros2_ws/install/bcr_bot/share/bcr_bot//models/aws_robomaker_warehouse_ShelfD_01/meshes
[0.373s] -- Up-to-date: /root/ros2_ws/install/bcr_bot/share/bcr_bot//models/aws_robomaker_warehouse_ShelfD_01/meshes/aws_robomaker_warehouse_ShelfD_01_collision.DAE
[0.375s] -- Up-to-date: /root/ros2_ws/install/bcr_bot/share/bcr_bot//models/aws_robomaker_warehouse_ShelfD_01/meshes/aws_robomaker_warehouse_ShelfD_01_visual.DAE
[0.377s] -- Up-to-date: /root/ros2_ws/install/bcr_bot/share/bcr_bot//models/aws_robomaker_warehouse_ShelfD_01/model.config
[0.379s] -- Up-to-date: /root/ros2_ws/install/bcr_bot/share/bcr_bot//models/aws_robomaker_warehouse_ShelfD_01/model.sdf
[0.380s] -- Up-to-date: /root/ros2_ws/install/bcr_bot/share/bcr_bot//models/aws_robomaker_warehouse_ShelfE_01
[0.384s] -- Up-to-date: /root/ros2_ws/install/bcr_bot/share/bcr_bot//models/aws_robomaker_warehouse_ShelfE_01/.DS_Store
[0.384s] -- Up-to-date: /root/ros2_ws/install/bcr_bot/share/bcr_bot//models/aws_robomaker_warehouse_ShelfE_01/materials
[0.387s] -- Up-to-date: /root/ros2_ws/install/bcr_bot/share/bcr_bot//models/aws_robomaker_warehouse_ShelfE_01/materials/.DS_Store
[0.388s] -- Up-to-date: /root/ros2_ws/install/bcr_bot/share/bcr_bot//models/aws_robomaker_warehouse_ShelfE_01/materials/textures
[0.393s] -- Up-to-date: /root/ros2_ws/install/bcr_bot/share/bcr_bot//models/aws_robomaker_warehouse_ShelfE_01/materials/textures/aws_robomaker_warehouse_ShelfE_01.png
[0.395s] -- Up-to-date: /root/ros2_ws/install/bcr_bot/share/bcr_bot//models/aws_robomaker_warehouse_ShelfE_01/materials/textures/aws_robomaker_warehouse_ShelfE_02.png
[0.397s] -- Up-to-date: /root/ros2_ws/install/bcr_bot/share/bcr_bot//models/aws_robomaker_warehouse_ShelfE_01/materials/textures/aws_robomaker_warehouse_ShelfE_03.png
[0.400s] -- Up-to-date: /root/ros2_ws/install/bcr_bot/share/bcr_bot//models/aws_robomaker_warehouse_ShelfE_01/materials/textures/aws_robomaker_warehouse_ShelfE_04.png
[0.401s] -- Up-to-date: /root/ros2_ws/install/bcr_bot/share/bcr_bot//models/aws_robomaker_warehouse_ShelfE_01/meshes
[0.404s] -- Up-to-date: /root/ros2_ws/install/bcr_bot/share/bcr_bot//models/aws_robomaker_warehouse_ShelfE_01/meshes/aws_robomaker_warehouse_ShelfE_01_collision.DAE
[0.406s] -- Up-to-date: /root/ros2_ws/install/bcr_bot/share/bcr_bot//models/aws_robomaker_warehouse_ShelfE_01/meshes/aws_robomaker_warehouse_ShelfE_01_visual.DAE
[0.408s] -- Up-to-date: /root/ros2_ws/install/bcr_bot/share/bcr_bot//models/aws_robomaker_warehouse_ShelfE_01/model.config
[0.410s] -- Up-to-date: /root/ros2_ws/install/bcr_bot/share/bcr_bot//models/aws_robomaker_warehouse_ShelfE_01/model.sdf
[0.411s] -- Up-to-date: /root/ros2_ws/install/bcr_bot/share/bcr_bot//models/aws_robomaker_warehouse_ShelfF_01
[0.413s] -- Up-to-date: /root/ros2_ws/install/bcr_bot/share/bcr_bot//models/aws_robomaker_warehouse_ShelfF_01/materials
[0.415s] -- Up-to-date: /root/ros2_ws/install/bcr_bot/share/bcr_bot//models/aws_robomaker_warehouse_ShelfF_01/materials/textures
[0.419s] -- Up-to-date: /root/ros2_ws/install/bcr_bot/share/bcr_bot//models/aws_robomaker_warehouse_ShelfF_01/materials/textures/aws_robomaker_warehouse_ShelfF_01.png
[0.421s] -- Up-to-date: /root/ros2_ws/install/bcr_bot/share/bcr_bot//models/aws_robomaker_warehouse_ShelfF_01/materials/textures/aws_robomaker_warehouse_ShelfF_02.png
[0.424s] -- Up-to-date: /root/ros2_ws/install/bcr_bot/share/bcr_bot//models/aws_robomaker_warehouse_ShelfF_01/materials/textures/aws_robomaker_warehouse_ShelfF_03.png
[0.425s] -- Up-to-date: /root/ros2_ws/install/bcr_bot/share/bcr_bot//models/aws_robomaker_warehouse_ShelfF_01/meshes
[0.428s] -- Up-to-date: /root/ros2_ws/install/bcr_bot/share/bcr_bot//models/aws_robomaker_warehouse_ShelfF_01/meshes/aws_robomaker_warehouse_ShelfF_01_collision.DAE
[0.431s] -- Up-to-date: /root/ros2_ws/install/bcr_bot/share/bcr_bot//models/aws_robomaker_warehouse_ShelfF_01/meshes/aws_robomaker_warehouse_ShelfF_01_visual.DAE
[0.432s] -- Up-to-date: /root/ros2_ws/install/bcr_bot/share/bcr_bot//models/aws_robomaker_warehouse_ShelfF_01/model.config
[0.434s] -- Up-to-date: /root/ros2_ws/install/bcr_bot/share/bcr_bot//models/aws_robomaker_warehouse_ShelfF_01/model.sdf
[0.435s] -- Up-to-date: /root/ros2_ws/install/bcr_bot/share/bcr_bot//models/aws_robomaker_warehouse_TrashCanC_01
[0.437s] -- Up-to-date: /root/ros2_ws/install/bcr_bot/share/bcr_bot//models/aws_robomaker_warehouse_TrashCanC_01/materials
[0.439s] -- Up-to-date: /root/ros2_ws/install/bcr_bot/share/bcr_bot//models/aws_robomaker_warehouse_TrashCanC_01/materials/textures
[0.441s] -- Up-to-date: /root/ros2_ws/install/bcr_bot/share/bcr_bot//models/aws_robomaker_warehouse_TrashCanC_01/materials/textures/aws_robomaker_warehouse_TrashCanC_01.png
[0.442s] -- Up-to-date: /root/ros2_ws/install/bcr_bot/share/bcr_bot//models/aws_robomaker_warehouse_TrashCanC_01/meshes
[0.445s] -- Up-to-date: /root/ros2_ws/install/bcr_bot/share/bcr_bot//models/aws_robomaker_warehouse_TrashCanC_01/meshes/aws_robomaker_warehouse_TrashCanC_01_collision.DAE
[0.446s] -- Up-to-date: /root/ros2_ws/install/bcr_bot/share/bcr_bot//models/aws_robomaker_warehouse_TrashCanC_01/meshes/aws_robomaker_warehouse_TrashCanC_01_visual.DAE
[0.447s] -- Up-to-date: /root/ros2_ws/install/bcr_bot/share/bcr_bot//models/aws_robomaker_warehouse_TrashCanC_01/model.config
[0.452s] -- Up-to-date: /root/ros2_ws/install/bcr_bot/share/bcr_bot//models/aws_robomaker_warehouse_TrashCanC_01/model.sdf
[0.453s] -- Up-to-date: /root/ros2_ws/install/bcr_bot/share/bcr_bot//models/aws_robomaker_warehouse_WallB_01
[0.455s] -- Up-to-date: /root/ros2_ws/install/bcr_bot/share/bcr_bot//models/aws_robomaker_warehouse_WallB_01/materials
[0.456s] -- Up-to-date: /root/ros2_ws/install/bcr_bot/share/bcr_bot//models/aws_robomaker_warehouse_WallB_01/materials/textures
[0.458s] -- Up-to-date: /root/ros2_ws/install/bcr_bot/share/bcr_bot//models/aws_robomaker_warehouse_WallB_01/materials/textures/aws_robomaker_warehouse_WallB_01.png
[0.459s] -- Up-to-date: /root/ros2_ws/install/bcr_bot/share/bcr_bot//models/aws_robomaker_warehouse_WallB_01/meshes
[0.461s] -- Up-to-date: /root/ros2_ws/install/bcr_bot/share/bcr_bot//models/aws_robomaker_warehouse_WallB_01/meshes/aws_robomaker_warehouse_WallB_01_collision.DAE
[0.463s] -- Up-to-date: /root/ros2_ws/install/bcr_bot/share/bcr_bot//models/aws_robomaker_warehouse_WallB_01/meshes/aws_robomaker_warehouse_WallB_01_visual.DAE
[0.468s] -- Up-to-date: /root/ros2_ws/install/bcr_bot/share/bcr_bot//models/aws_robomaker_warehouse_WallB_01/model.config
[0.469s] -- Up-to-date: /root/ros2_ws/install/bcr_bot/share/bcr_bot//models/aws_robomaker_warehouse_WallB_01/model.sdf
[0.470s] -- Up-to-date: /root/ros2_ws/install/bcr_bot/share/bcr_bot//urdf
[0.470s] -- Up-to-date: /root/ros2_ws/install/bcr_bot/share/bcr_bot//urdf/bcr_bot.xacro
[0.472s] -- Up-to-date: /root/ros2_ws/install/bcr_bot/share/bcr_bot//urdf/gazebo.xacro
[0.473s] -- Up-to-date: /root/ros2_ws/install/bcr_bot/share/bcr_bot//urdf/gz.xacro
[0.475s] -- Up-to-date: /root/ros2_ws/install/bcr_bot/share/bcr_bot//urdf/ign.xacro
[0.476s] -- Up-to-date: /root/ros2_ws/install/bcr_bot/share/bcr_bot//urdf/macros.xacro
[0.478s] -- Up-to-date: /root/ros2_ws/install/bcr_bot/share/bcr_bot//urdf/materials.xacro
[0.478s] -- Up-to-date: /root/ros2_ws/install/bcr_bot/share/bcr_bot//worlds
[0.480s] -- Up-to-date: /root/ros2_ws/install/bcr_bot/share/bcr_bot//worlds/empty.sdf
[0.481s] -- Up-to-date: /root/ros2_ws/install/bcr_bot/share/bcr_bot//worlds/small_warehouse.sdf
[0.482s] -- Up-to-date: /root/ros2_ws/install/bcr_bot/share/bcr_bot//rviz
[0.483s] -- Up-to-date: /root/ros2_ws/install/bcr_bot/share/bcr_bot//rviz/entire_setup.rviz
[0.485s] -- Up-to-date: /root/ros2_ws/install/bcr_bot/share/bcr_bot//rviz/map.rviz
[0.486s] -- Up-to-date: /root/ros2_ws/install/bcr_bot/share/bcr_bot/config
[0.488s] -- Up-to-date: /root/ros2_ws/install/bcr_bot/share/bcr_bot/config/bcr_map.pgm
[0.490s] -- Up-to-date: /root/ros2_ws/install/bcr_bot/share/bcr_bot/config/bcr_map.yaml
[0.491s] -- Up-to-date: /root/ros2_ws/install/bcr_bot/share/bcr_bot/config/mapper_params_online_async.yaml
[0.492s] -- Up-to-date: /root/ros2_ws/install/bcr_bot/share/bcr_bot/config/nav2_params.yaml
[0.494s] -- Up-to-date: /root/ros2_ws/install/bcr_bot/lib/bcr_bot/remapper.py
[0.496s] -- Up-to-date: /root/ros2_ws/install/bcr_bot/share/ament_index/resource_index/package_run_dependencies/bcr_bot
[0.497s] -- Up-to-date: /root/ros2_ws/install/bcr_bot/share/ament_index/resource_index/parent_prefix_path/bcr_bot
[0.498s] -- Up-to-date: /root/ros2_ws/install/bcr_bot/share/bcr_bot/environment/ament_prefix_path.sh
[0.500s] -- Up-to-date: /root/ros2_ws/install/bcr_bot/share/bcr_bot/environment/ament_prefix_path.dsv
[0.501s] -- Up-to-date: /root/ros2_ws/install/bcr_bot/share/bcr_bot/environment/path.sh
[0.503s] -- Up-to-date: /root/ros2_ws/install/bcr_bot/share/bcr_bot/environment/path.dsv
[0.504s] -- Up-to-date: /root/ros2_ws/install/bcr_bot/share/bcr_bot/local_setup.bash
[0.505s] -- Up-to-date: /root/ros2_ws/install/bcr_bot/share/bcr_bot/local_setup.sh
[0.507s] -- Up-to-date: /root/ros2_ws/install/bcr_bot/share/bcr_bot/local_setup.zsh
[0.508s] -- Up-to-date: /root/ros2_ws/install/bcr_bot/share/bcr_bot/local_setup.dsv
[0.509s] -- Installing: /root/ros2_ws/install/bcr_bot/share/bcr_bot/package.dsv
[0.512s] -- Up-to-date: /root/ros2_ws/install/bcr_bot/share/ament_index/resource_index/packages/bcr_bot
[0.514s] -- Up-to-date: /root/ros2_ws/install/bcr_bot/share/bcr_bot/cmake/bcr_botConfig.cmake
[0.516s] -- Up-to-date: /root/ros2_ws/install/bcr_bot/share/bcr_bot/cmake/bcr_botConfig-version.cmake
[0.517s] -- Up-to-date: /root/ros2_ws/install/bcr_bot/share/bcr_bot/package.xml
[0.520s] Invoked command in '/root/ros2_ws/build/bcr_bot' returned '0': CMAKE_PREFIX_PATH=${CMAKE_PREFIX_PATH}:/opt/ros/humble /usr/bin/cmake --install /root/ros2_ws/build/bcr_bot
