[0.000000] (-) TimerEvent: {}
[0.000547] (bcr_bot) JobQueued: {'identifier': 'bcr_bot', 'dependencies': OrderedDict()}
[0.000774] (bcr_bot) JobStarted: {'identifier': 'bcr_bot'}
[0.011314] (bcr_bot) JobProgress: {'identifier': 'bcr_bot', 'progress': 'cmake'}
[0.013060] (bcr_bot) JobProgress: {'identifier': 'bcr_bot', 'progress': 'build'}
[0.013958] (bcr_bot) Command: {'cmd': ['/usr/bin/cmake', '--build', '/root/ros2_ws/build/bcr_bot', '--', '-j4', '-l4'], 'cwd': '/root/ros2_ws/build/bcr_bot', 'env': OrderedDict([('HOSTNAME', 'kira9k-IdeaPad-3-15ARE05'), ('SHLVL', '1'), ('LD_LIBRARY_PATH', '/usr/lib/x86_64-linux-gnu/gazebo-11/plugins:/opt/ros/humble/opt/rviz_ogre_vendor/lib:/opt/ros/humble/lib/x86_64-linux-gnu:/opt/ros/humble/lib'), ('HOME', '/root'), ('ROS_PYTHON_VERSION', '3'), ('WORKSPACE', '/root/ros2_ws'), ('COLCON_PREFIX_PATH', '/root/ros2_ws/install'), ('ROS_DISTRO', 'humble'), ('_', '/usr/bin/colcon'), ('ROS_VERSION', '2'), ('TERM', 'xterm'), ('ROS_LOCALHOST_ONLY', '0'), ('PATH', '/opt/ros/humble/bin:/usr/local/sbin:/usr/local/bin:/usr/sbin:/usr/bin:/sbin:/bin'), ('XDG_RUNTIME_DIR', '/tmp/runtime-root'), ('DISPLAY', ':0'), ('LANG', 'C.UTF-8'), ('AMENT_PREFIX_PATH', '/root/ros2_ws/install/bcr_bot:/opt/ros/humble'), ('PWD', '/root/ros2_ws/build/bcr_bot'), ('LC_ALL', 'C.UTF-8'), ('PYTHONPATH', '/opt/ros/humble/lib/python3.10/site-packages:/opt/ros/humble/local/lib/python3.10/dist-packages'), ('COLCON', '1'), ('CMAKE_PREFIX_PATH', '/root/ros2_ws/install/bcr_bot:/opt/ros/humble')]), 'shell': False}
[0.069080] (bcr_bot) CommandEnded: {'returncode': 0}
[0.070334] (bcr_bot) JobProgress: {'identifier': 'bcr_bot', 'progress': 'install'}
[0.078760] (bcr_bot) Command: {'cmd': ['/usr/bin/cmake', '--install', '/root/ros2_ws/build/bcr_bot'], 'cwd': '/root/ros2_ws/build/bcr_bot', 'env': OrderedDict([('HOSTNAME', 'kira9k-IdeaPad-3-15ARE05'), ('SHLVL', '1'), ('LD_LIBRARY_PATH', '/usr/lib/x86_64-linux-gnu/gazebo-11/plugins:/opt/ros/humble/opt/rviz_ogre_vendor/lib:/opt/ros/humble/lib/x86_64-linux-gnu:/opt/ros/humble/lib'), ('HOME', '/root'), ('ROS_PYTHON_VERSION', '3'), ('WORKSPACE', '/root/ros2_ws'), ('COLCON_PREFIX_PATH', '/root/ros2_ws/install'), ('ROS_DISTRO', 'humble'), ('_', '/usr/bin/colcon'), ('ROS_VERSION', '2'), ('TERM', 'xterm'), ('ROS_LOCALHOST_ONLY', '0'), ('PATH', '/opt/ros/humble/bin:/usr/local/sbin:/usr/local/bin:/usr/sbin:/usr/bin:/sbin:/bin'), ('XDG_RUNTIME_DIR', '/tmp/runtime-root'), ('DISPLAY', ':0'), ('LANG', 'C.UTF-8'), ('AMENT_PREFIX_PATH', '/root/ros2_ws/install/bcr_bot:/opt/ros/humble'), ('PWD', '/root/ros2_ws/build/bcr_bot'), ('LC_ALL', 'C.UTF-8'), ('PYTHONPATH', '/opt/ros/humble/lib/python3.10/site-packages:/opt/ros/humble/local/lib/python3.10/dist-packages'), ('COLCON', '1'), ('CMAKE_PREFIX_PATH', '/root/ros2_ws/install/bcr_bot:/opt/ros/humble')]), 'shell': False}
[0.085321] (bcr_bot) StdoutLine: {'line': b'-- Install configuration: ""\n'}
[0.085789] (bcr_bot) StdoutLine: {'line': b'-- Up-to-date: /root/ros2_ws/install/bcr_bot/share/bcr_bot//launch\n'}
[0.086665] (bcr_bot) StdoutLine: {'line': b'-- Up-to-date: /root/ros2_ws/install/bcr_bot/share/bcr_bot//launch/bcr_bot_gazebo_spawn.launch.py\n'}
[0.087543] (bcr_bot) StdoutLine: {'line': b'-- Up-to-date: /root/ros2_ws/install/bcr_bot/share/bcr_bot//launch/bcr_bot_gz_spawn.launch.py\n'}
[0.088347] (bcr_bot) StdoutLine: {'line': b'-- Up-to-date: /root/ros2_ws/install/bcr_bot/share/bcr_bot//launch/bcr_bot_ign_spawn.launch.py\n'}
[0.089287] (bcr_bot) StdoutLine: {'line': b'-- Up-to-date: /root/ros2_ws/install/bcr_bot/share/bcr_bot//launch/gazebo.launch.py\n'}
[0.092112] (bcr_bot) StdoutLine: {'line': b'-- Up-to-date: /root/ros2_ws/install/bcr_bot/share/bcr_bot//launch/gz.launch.py\n'}
[0.092506] (bcr_bot) StdoutLine: {'line': b'-- Up-to-date: /root/ros2_ws/install/bcr_bot/share/bcr_bot//launch/ign.launch.py\n'}
[0.092796] (bcr_bot) StdoutLine: {'line': b'-- Up-to-date: /root/ros2_ws/install/bcr_bot/share/bcr_bot//launch/mapping.launch.py\n'}
[0.093172] (bcr_bot) StdoutLine: {'line': b'-- Up-to-date: /root/ros2_ws/install/bcr_bot/share/bcr_bot//launch/nav2.launch.py\n'}
[0.094000] (bcr_bot) StdoutLine: {'line': b'-- Up-to-date: /root/ros2_ws/install/bcr_bot/share/bcr_bot//launch/rviz.launch.py\n'}
[0.094670] (bcr_bot) StdoutLine: {'line': b'-- Up-to-date: /root/ros2_ws/install/bcr_bot/share/bcr_bot//meshes\n'}
[0.095834] (bcr_bot) StdoutLine: {'line': b'-- Up-to-date: /root/ros2_ws/install/bcr_bot/share/bcr_bot//meshes/bcr_bot_mesh.dae\n'}
[0.096542] (bcr_bot) StdoutLine: {'line': b'-- Up-to-date: /root/ros2_ws/install/bcr_bot/share/bcr_bot//meshes/kinect\n'}
[0.097775] (bcr_bot) StdoutLine: {'line': b'-- Up-to-date: /root/ros2_ws/install/bcr_bot/share/bcr_bot//meshes/kinect/d415.dae\n'}
[0.098740] (bcr_bot) StdoutLine: {'line': b'-- Up-to-date: /root/ros2_ws/install/bcr_bot/share/bcr_bot//meshes/kinect/kinect.dae\n'}
[0.099142] (-) TimerEvent: {}
[0.099766] (bcr_bot) StdoutLine: {'line': b'-- Up-to-date: /root/ros2_ws/install/bcr_bot/share/bcr_bot//meshes/kinect/kinect.jpg\n'}
[0.100671] (bcr_bot) StdoutLine: {'line': b'-- Up-to-date: /root/ros2_ws/install/bcr_bot/share/bcr_bot//meshes/kinect/kinect.tga\n'}
[0.101741] (bcr_bot) StdoutLine: {'line': b'-- Up-to-date: /root/ros2_ws/install/bcr_bot/share/bcr_bot//meshes/logo.png\n'}
[0.102415] (bcr_bot) StdoutLine: {'line': b'-- Up-to-date: /root/ros2_ws/install/bcr_bot/share/bcr_bot//meshes/realsense_texture.png\n'}
[0.102951] (bcr_bot) StdoutLine: {'line': b'-- Up-to-date: /root/ros2_ws/install/bcr_bot/share/bcr_bot//models\n'}
[0.103786] (bcr_bot) StdoutLine: {'line': b'-- Up-to-date: /root/ros2_ws/install/bcr_bot/share/bcr_bot//models/aws_robomaker_warehouse_Bucket_01\n'}
[0.104875] (bcr_bot) StdoutLine: {'line': b'-- Up-to-date: /root/ros2_ws/install/bcr_bot/share/bcr_bot//models/aws_robomaker_warehouse_Bucket_01/.DS_Store\n'}
[0.105542] (bcr_bot) StdoutLine: {'line': b'-- Up-to-date: /root/ros2_ws/install/bcr_bot/share/bcr_bot//models/aws_robomaker_warehouse_Bucket_01/materials\n'}
[0.106768] (bcr_bot) StdoutLine: {'line': b'-- Up-to-date: /root/ros2_ws/install/bcr_bot/share/bcr_bot//models/aws_robomaker_warehouse_Bucket_01/materials/.DS_Store\n'}
[0.107493] (bcr_bot) StdoutLine: {'line': b'-- Up-to-date: /root/ros2_ws/install/bcr_bot/share/bcr_bot//models/aws_robomaker_warehouse_Bucket_01/materials/textures\n'}
[0.109106] (bcr_bot) StdoutLine: {'line': b'-- Up-to-date: /root/ros2_ws/install/bcr_bot/share/bcr_bot//models/aws_robomaker_warehouse_Bucket_01/materials/textures/aws_robomaker_warehouse_Bucket_01.png\n'}
[0.109810] (bcr_bot) StdoutLine: {'line': b'-- Up-to-date: /root/ros2_ws/install/bcr_bot/share/bcr_bot//models/aws_robomaker_warehouse_Bucket_01/meshes\n'}
[0.111026] (bcr_bot) StdoutLine: {'line': b'-- Up-to-date: /root/ros2_ws/install/bcr_bot/share/bcr_bot//models/aws_robomaker_warehouse_Bucket_01/meshes/aws_robomaker_warehouse_Bucket_01_collision.DAE\n'}
[0.112056] (bcr_bot) StdoutLine: {'line': b'-- Up-to-date: /root/ros2_ws/install/bcr_bot/share/bcr_bot//models/aws_robomaker_warehouse_Bucket_01/meshes/aws_robomaker_warehouse_Bucket_01_visual.DAE\n'}
[0.113433] (bcr_bot) StdoutLine: {'line': b'-- Up-to-date: /root/ros2_ws/install/bcr_bot/share/bcr_bot//models/aws_robomaker_warehouse_Bucket_01/model.config\n'}
[0.114292] (bcr_bot) StdoutLine: {'line': b'-- Up-to-date: /root/ros2_ws/install/bcr_bot/share/bcr_bot//models/aws_robomaker_warehouse_Bucket_01/model.sdf\n'}
[0.114850] (bcr_bot) StdoutLine: {'line': b'-- Up-to-date: /root/ros2_ws/install/bcr_bot/share/bcr_bot//models/aws_robomaker_warehouse_ClutteringA_01\n'}
[0.115939] (bcr_bot) StdoutLine: {'line': b'-- Up-to-date: /root/ros2_ws/install/bcr_bot/share/bcr_bot//models/aws_robomaker_warehouse_ClutteringA_01/.DS_Store\n'}
[0.116609] (bcr_bot) StdoutLine: {'line': b'-- Up-to-date: /root/ros2_ws/install/bcr_bot/share/bcr_bot//models/aws_robomaker_warehouse_ClutteringA_01/materials\n'}
[0.117815] (bcr_bot) StdoutLine: {'line': b'-- Up-to-date: /root/ros2_ws/install/bcr_bot/share/bcr_bot//models/aws_robomaker_warehouse_ClutteringA_01/materials/.DS_Store\n'}
[0.118540] (bcr_bot) StdoutLine: {'line': b'-- Up-to-date: /root/ros2_ws/install/bcr_bot/share/bcr_bot//models/aws_robomaker_warehouse_ClutteringA_01/materials/textures\n'}
[0.119931] (bcr_bot) StdoutLine: {'line': b'-- Up-to-date: /root/ros2_ws/install/bcr_bot/share/bcr_bot//models/aws_robomaker_warehouse_ClutteringA_01/materials/textures/.DS_Store\n'}
[0.121309] (bcr_bot) StdoutLine: {'line': b'-- Up-to-date: /root/ros2_ws/install/bcr_bot/share/bcr_bot//models/aws_robomaker_warehouse_ClutteringA_01/materials/textures/aws_robomaker_warehouse_ClutteringA_01.png\n'}
[0.122314] (bcr_bot) StdoutLine: {'line': b'-- Up-to-date: /root/ros2_ws/install/bcr_bot/share/bcr_bot//models/aws_robomaker_warehouse_ClutteringA_01/materials/textures/aws_robomaker_warehouse_ClutteringA_02.png\n'}
[0.123220] (bcr_bot) StdoutLine: {'line': b'-- Up-to-date: /root/ros2_ws/install/bcr_bot/share/bcr_bot//models/aws_robomaker_warehouse_ClutteringA_01/materials/textures/aws_robomaker_warehouse_ClutteringA_03.png\n'}
[0.123951] (bcr_bot) StdoutLine: {'line': b'-- Up-to-date: /root/ros2_ws/install/bcr_bot/share/bcr_bot//models/aws_robomaker_warehouse_ClutteringA_01/meshes\n'}
[0.125263] (bcr_bot) StdoutLine: {'line': b'-- Up-to-date: /root/ros2_ws/install/bcr_bot/share/bcr_bot//models/aws_robomaker_warehouse_ClutteringA_01/meshes/aws_robomaker_warehouse_ClutteringA_01_collision.DAE\n'}
[0.126184] (bcr_bot) StdoutLine: {'line': b'-- Up-to-date: /root/ros2_ws/install/bcr_bot/share/bcr_bot//models/aws_robomaker_warehouse_ClutteringA_01/meshes/aws_robomaker_warehouse_ClutteringA_01_visual.DAE\n'}
[0.126980] (bcr_bot) StdoutLine: {'line': b'-- Up-to-date: /root/ros2_ws/install/bcr_bot/share/bcr_bot//models/aws_robomaker_warehouse_ClutteringA_01/model.config\n'}
[0.128181] (bcr_bot) StdoutLine: {'line': b'-- Up-to-date: /root/ros2_ws/install/bcr_bot/share/bcr_bot//models/aws_robomaker_warehouse_ClutteringA_01/model.sdf\n'}
[0.128950] (bcr_bot) StdoutLine: {'line': b'-- Up-to-date: /root/ros2_ws/install/bcr_bot/share/bcr_bot//models/aws_robomaker_warehouse_ClutteringC_01\n'}
[0.129904] (bcr_bot) StdoutLine: {'line': b'-- Up-to-date: /root/ros2_ws/install/bcr_bot/share/bcr_bot//models/aws_robomaker_warehouse_ClutteringC_01/materials\n'}
[0.130955] (bcr_bot) StdoutLine: {'line': b'-- Up-to-date: /root/ros2_ws/install/bcr_bot/share/bcr_bot//models/aws_robomaker_warehouse_ClutteringC_01/materials/textures\n'}
[0.132324] (bcr_bot) StdoutLine: {'line': b'-- Up-to-date: /root/ros2_ws/install/bcr_bot/share/bcr_bot//models/aws_robomaker_warehouse_ClutteringC_01/materials/textures/aws_robomaker_warehouse_ClutteringC_01.png\n'}
[0.133329] (bcr_bot) StdoutLine: {'line': b'-- Up-to-date: /root/ros2_ws/install/bcr_bot/share/bcr_bot//models/aws_robomaker_warehouse_ClutteringC_01/materials/textures/aws_robomaker_warehouse_ClutteringC_02.png\n'}
[0.134020] (bcr_bot) StdoutLine: {'line': b'-- Up-to-date: /root/ros2_ws/install/bcr_bot/share/bcr_bot//models/aws_robomaker_warehouse_ClutteringC_01/meshes\n'}
[0.135255] (bcr_bot) StdoutLine: {'line': b'-- Up-to-date: /root/ros2_ws/install/bcr_bot/share/bcr_bot//models/aws_robomaker_warehouse_ClutteringC_01/meshes/aws_robomaker_warehouse_ClutteringC_01_collision.DAE\n'}
[0.136186] (bcr_bot) StdoutLine: {'line': b'-- Up-to-date: /root/ros2_ws/install/bcr_bot/share/bcr_bot//models/aws_robomaker_warehouse_ClutteringC_01/meshes/aws_robomaker_warehouse_ClutteringC_01_visual.DAE\n'}
[0.137206] (bcr_bot) StdoutLine: {'line': b'-- Up-to-date: /root/ros2_ws/install/bcr_bot/share/bcr_bot//models/aws_robomaker_warehouse_ClutteringC_01/model.config\n'}
[0.137998] (bcr_bot) StdoutLine: {'line': b'-- Up-to-date: /root/ros2_ws/install/bcr_bot/share/bcr_bot//models/aws_robomaker_warehouse_ClutteringC_01/model.sdf\n'}
[0.138555] (bcr_bot) StdoutLine: {'line': b'-- Up-to-date: /root/ros2_ws/install/bcr_bot/share/bcr_bot//models/aws_robomaker_warehouse_ClutteringD_01\n'}
[0.139422] (bcr_bot) StdoutLine: {'line': b'-- Up-to-date: /root/ros2_ws/install/bcr_bot/share/bcr_bot//models/aws_robomaker_warehouse_ClutteringD_01/materials\n'}
[0.140451] (bcr_bot) StdoutLine: {'line': b'-- Up-to-date: /root/ros2_ws/install/bcr_bot/share/bcr_bot//models/aws_robomaker_warehouse_ClutteringD_01/materials/textures\n'}
[0.141891] (bcr_bot) StdoutLine: {'line': b'-- Up-to-date: /root/ros2_ws/install/bcr_bot/share/bcr_bot//models/aws_robomaker_warehouse_ClutteringD_01/materials/textures/aws_robomaker_warehouse_ClutteringD_01.png\n'}
[0.142917] (bcr_bot) StdoutLine: {'line': b'-- Up-to-date: /root/ros2_ws/install/bcr_bot/share/bcr_bot//models/aws_robomaker_warehouse_ClutteringD_01/materials/textures/aws_robomaker_warehouse_ClutteringD_02.png\n'}
[0.143964] (bcr_bot) StdoutLine: {'line': b'-- Up-to-date: /root/ros2_ws/install/bcr_bot/share/bcr_bot//models/aws_robomaker_warehouse_ClutteringD_01/meshes\n'}
[0.145353] (bcr_bot) StdoutLine: {'line': b'-- Up-to-date: /root/ros2_ws/install/bcr_bot/share/bcr_bot//models/aws_robomaker_warehouse_ClutteringD_01/meshes/aws_robomaker_warehouse_ClutteringD_01_collision.DAE\n'}
[0.146277] (bcr_bot) StdoutLine: {'line': b'-- Up-to-date: /root/ros2_ws/install/bcr_bot/share/bcr_bot//models/aws_robomaker_warehouse_ClutteringD_01/meshes/aws_robomaker_warehouse_ClutteringD_01_visual.DAE\n'}
[0.147067] (bcr_bot) StdoutLine: {'line': b'-- Up-to-date: /root/ros2_ws/install/bcr_bot/share/bcr_bot//models/aws_robomaker_warehouse_ClutteringD_01/model.config\n'}
[0.147918] (bcr_bot) StdoutLine: {'line': b'-- Up-to-date: /root/ros2_ws/install/bcr_bot/share/bcr_bot//models/aws_robomaker_warehouse_ClutteringD_01/model.sdf\n'}
[0.148629] (bcr_bot) StdoutLine: {'line': b'-- Up-to-date: /root/ros2_ws/install/bcr_bot/share/bcr_bot//models/aws_robomaker_warehouse_DeskC_01\n'}
[0.149589] (bcr_bot) StdoutLine: {'line': b'-- Up-to-date: /root/ros2_ws/install/bcr_bot/share/bcr_bot//models/aws_robomaker_warehouse_DeskC_01/materials\n'}
[0.150808] (bcr_bot) StdoutLine: {'line': b'-- Up-to-date: /root/ros2_ws/install/bcr_bot/share/bcr_bot//models/aws_robomaker_warehouse_DeskC_01/materials/.DS_Store\n'}
[0.151543] (bcr_bot) StdoutLine: {'line': b'-- Up-to-date: /root/ros2_ws/install/bcr_bot/share/bcr_bot//models/aws_robomaker_warehouse_DeskC_01/materials/textures\n'}
[0.152904] (bcr_bot) StdoutLine: {'line': b'-- Up-to-date: /root/ros2_ws/install/bcr_bot/share/bcr_bot//models/aws_robomaker_warehouse_DeskC_01/materials/textures/aws_robomaker_warehouse_DeskC_01.png\n'}
[0.153944] (bcr_bot) StdoutLine: {'line': b'-- Up-to-date: /root/ros2_ws/install/bcr_bot/share/bcr_bot//models/aws_robomaker_warehouse_DeskC_01/materials/textures/aws_robomaker_warehouse_DeskC_02.png\n'}
[0.154957] (bcr_bot) StdoutLine: {'line': b'-- Up-to-date: /root/ros2_ws/install/bcr_bot/share/bcr_bot//models/aws_robomaker_warehouse_DeskC_01/materials/textures/aws_robomaker_warehouse_DeskC_03.png\n'}
[0.155974] (bcr_bot) StdoutLine: {'line': b'-- Up-to-date: /root/ros2_ws/install/bcr_bot/share/bcr_bot//models/aws_robomaker_warehouse_DeskC_01/materials/textures/aws_robomaker_warehouse_DeskC_03.psd\n'}
[0.157019] (bcr_bot) StdoutLine: {'line': b'-- Up-to-date: /root/ros2_ws/install/bcr_bot/share/bcr_bot//models/aws_robomaker_warehouse_DeskC_01/materials/textures/aws_robomaker_warehouse_DeskC_04.png\n'}
[0.157721] (bcr_bot) StdoutLine: {'line': b'-- Up-to-date: /root/ros2_ws/install/bcr_bot/share/bcr_bot//models/aws_robomaker_warehouse_DeskC_01/meshes\n'}
[0.159395] (bcr_bot) StdoutLine: {'line': b'-- Up-to-date: /root/ros2_ws/install/bcr_bot/share/bcr_bot//models/aws_robomaker_warehouse_DeskC_01/meshes/aws_robomaker_warehouse_DeskC_01_collision.DAE\n'}
[0.160381] (bcr_bot) StdoutLine: {'line': b'-- Up-to-date: /root/ros2_ws/install/bcr_bot/share/bcr_bot//models/aws_robomaker_warehouse_DeskC_01/meshes/aws_robomaker_warehouse_DeskC_01_visual.DAE\n'}
[0.161176] (bcr_bot) StdoutLine: {'line': b'-- Up-to-date: /root/ros2_ws/install/bcr_bot/share/bcr_bot//models/aws_robomaker_warehouse_DeskC_01/model.config\n'}
[0.161941] (bcr_bot) StdoutLine: {'line': b'-- Up-to-date: /root/ros2_ws/install/bcr_bot/share/bcr_bot//models/aws_robomaker_warehouse_DeskC_01/model.sdf\n'}
[0.162591] (bcr_bot) StdoutLine: {'line': b'-- Up-to-date: /root/ros2_ws/install/bcr_bot/share/bcr_bot//models/aws_robomaker_warehouse_GroundB_01\n'}
[0.163503] (bcr_bot) StdoutLine: {'line': b'-- Up-to-date: /root/ros2_ws/install/bcr_bot/share/bcr_bot//models/aws_robomaker_warehouse_GroundB_01/materials\n'}
[0.164604] (bcr_bot) StdoutLine: {'line': b'-- Up-to-date: /root/ros2_ws/install/bcr_bot/share/bcr_bot//models/aws_robomaker_warehouse_GroundB_01/materials/textures\n'}
[0.165975] (bcr_bot) StdoutLine: {'line': b'-- Up-to-date: /root/ros2_ws/install/bcr_bot/share/bcr_bot//models/aws_robomaker_warehouse_GroundB_01/materials/textures/aws_robomaker_warehouse_GroundB_01.png\n'}
[0.166968] (bcr_bot) StdoutLine: {'line': b'-- Up-to-date: /root/ros2_ws/install/bcr_bot/share/bcr_bot//models/aws_robomaker_warehouse_GroundB_01/materials/textures/aws_robomaker_warehouse_GroundB_02.png\n'}
[0.167662] (bcr_bot) StdoutLine: {'line': b'-- Up-to-date: /root/ros2_ws/install/bcr_bot/share/bcr_bot//models/aws_robomaker_warehouse_GroundB_01/meshes\n'}
[0.168902] (bcr_bot) StdoutLine: {'line': b'-- Up-to-date: /root/ros2_ws/install/bcr_bot/share/bcr_bot//models/aws_robomaker_warehouse_GroundB_01/meshes/aws_robomaker_warehouse_GroundB_01_collision.DAE\n'}
[0.169797] (bcr_bot) StdoutLine: {'line': b'-- Up-to-date: /root/ros2_ws/install/bcr_bot/share/bcr_bot//models/aws_robomaker_warehouse_GroundB_01/meshes/aws_robomaker_warehouse_GroundB_01_visual.DAE\n'}
[0.170606] (bcr_bot) StdoutLine: {'line': b'-- Up-to-date: /root/ros2_ws/install/bcr_bot/share/bcr_bot//models/aws_robomaker_warehouse_GroundB_01/model.config\n'}
[0.171459] (bcr_bot) StdoutLine: {'line': b'-- Up-to-date: /root/ros2_ws/install/bcr_bot/share/bcr_bot//models/aws_robomaker_warehouse_GroundB_01/model.sdf\n'}
[0.172161] (bcr_bot) StdoutLine: {'line': b'-- Up-to-date: /root/ros2_ws/install/bcr_bot/share/bcr_bot//models/aws_robomaker_warehouse_Lamp_01\n'}
[0.173419] (bcr_bot) StdoutLine: {'line': b'-- Up-to-date: /root/ros2_ws/install/bcr_bot/share/bcr_bot//models/aws_robomaker_warehouse_Lamp_01/materials\n'}
[0.174688] (bcr_bot) StdoutLine: {'line': b'-- Up-to-date: /root/ros2_ws/install/bcr_bot/share/bcr_bot//models/aws_robomaker_warehouse_Lamp_01/materials/textures\n'}
[0.176110] (bcr_bot) StdoutLine: {'line': b'-- Up-to-date: /root/ros2_ws/install/bcr_bot/share/bcr_bot//models/aws_robomaker_warehouse_Lamp_01/materials/textures/aws_robomaker_warehouse_Lamp_01.png\n'}
[0.176804] (bcr_bot) StdoutLine: {'line': b'-- Up-to-date: /root/ros2_ws/install/bcr_bot/share/bcr_bot//models/aws_robomaker_warehouse_Lamp_01/meshes\n'}
[0.178466] (bcr_bot) StdoutLine: {'line': b'-- Up-to-date: /root/ros2_ws/install/bcr_bot/share/bcr_bot//models/aws_robomaker_warehouse_Lamp_01/meshes/aws_robomaker_warehouse_Lamp_01_collision.DAE\n'}
[0.179900] (bcr_bot) StdoutLine: {'line': b'-- Up-to-date: /root/ros2_ws/install/bcr_bot/share/bcr_bot//models/aws_robomaker_warehouse_Lamp_01/meshes/aws_robomaker_warehouse_Lamp_01_visual.DAE\n'}
[0.180583] (bcr_bot) StdoutLine: {'line': b'-- Up-to-date: /root/ros2_ws/install/bcr_bot/share/bcr_bot//models/aws_robomaker_warehouse_Lamp_01/model.config\n'}
[0.181608] (bcr_bot) StdoutLine: {'line': b'-- Up-to-date: /root/ros2_ws/install/bcr_bot/share/bcr_bot//models/aws_robomaker_warehouse_Lamp_01/model.sdf\n'}
[0.182409] (bcr_bot) StdoutLine: {'line': b'-- Up-to-date: /root/ros2_ws/install/bcr_bot/share/bcr_bot//models/aws_robomaker_warehouse_PalletJackB_01\n'}
[0.183560] (bcr_bot) StdoutLine: {'line': b'-- Up-to-date: /root/ros2_ws/install/bcr_bot/share/bcr_bot//models/aws_robomaker_warehouse_PalletJackB_01/.DS_Store\n'}
[0.184216] (bcr_bot) StdoutLine: {'line': b'-- Up-to-date: /root/ros2_ws/install/bcr_bot/share/bcr_bot//models/aws_robomaker_warehouse_PalletJackB_01/materials\n'}
[0.185436] (bcr_bot) StdoutLine: {'line': b'-- Up-to-date: /root/ros2_ws/install/bcr_bot/share/bcr_bot//models/aws_robomaker_warehouse_PalletJackB_01/materials/.DS_Store\n'}
[0.186211] (bcr_bot) StdoutLine: {'line': b'-- Up-to-date: /root/ros2_ws/install/bcr_bot/share/bcr_bot//models/aws_robomaker_warehouse_PalletJackB_01/materials/textures\n'}
[0.187614] (bcr_bot) StdoutLine: {'line': b'-- Up-to-date: /root/ros2_ws/install/bcr_bot/share/bcr_bot//models/aws_robomaker_warehouse_PalletJackB_01/materials/textures/aws_robomaker_warehouse_PalletJackB_01.png\n'}
[0.188633] (bcr_bot) StdoutLine: {'line': b'-- Up-to-date: /root/ros2_ws/install/bcr_bot/share/bcr_bot//models/aws_robomaker_warehouse_PalletJackB_01/materials/textures/aws_robomaker_warehouse_PalletJackB_02.png\n'}
[0.189380] (bcr_bot) StdoutLine: {'line': b'-- Up-to-date: /root/ros2_ws/install/bcr_bot/share/bcr_bot//models/aws_robomaker_warehouse_PalletJackB_01/meshes\n'}
[0.190573] (bcr_bot) StdoutLine: {'line': b'-- Up-to-date: /root/ros2_ws/install/bcr_bot/share/bcr_bot//models/aws_robomaker_warehouse_PalletJackB_01/meshes/aws_robomaker_warehouse_PalletJackB_01_collision.DAE\n'}
[0.191457] (bcr_bot) StdoutLine: {'line': b'-- Up-to-date: /root/ros2_ws/install/bcr_bot/share/bcr_bot//models/aws_robomaker_warehouse_PalletJackB_01/meshes/aws_robomaker_warehouse_PalletJackB_01_visual.DAE\n'}
[0.192302] (bcr_bot) StdoutLine: {'line': b'-- Up-to-date: /root/ros2_ws/install/bcr_bot/share/bcr_bot//models/aws_robomaker_warehouse_PalletJackB_01/model.config\n'}
[0.193066] (bcr_bot) StdoutLine: {'line': b'-- Up-to-date: /root/ros2_ws/install/bcr_bot/share/bcr_bot//models/aws_robomaker_warehouse_PalletJackB_01/model.sdf\n'}
[0.193663] (bcr_bot) StdoutLine: {'line': b'-- Up-to-date: /root/ros2_ws/install/bcr_bot/share/bcr_bot//models/aws_robomaker_warehouse_RoofB_01\n'}
[0.194604] (bcr_bot) StdoutLine: {'line': b'-- Up-to-date: /root/ros2_ws/install/bcr_bot/share/bcr_bot//models/aws_robomaker_warehouse_RoofB_01/materials\n'}
[0.195643] (bcr_bot) StdoutLine: {'line': b'-- Up-to-date: /root/ros2_ws/install/bcr_bot/share/bcr_bot//models/aws_robomaker_warehouse_RoofB_01/materials/textures\n'}
[0.196986] (bcr_bot) StdoutLine: {'line': b'-- Up-to-date: /root/ros2_ws/install/bcr_bot/share/bcr_bot//models/aws_robomaker_warehouse_RoofB_01/materials/textures/aws_robomaker_warehouse_RoofB_01.png\n'}
[0.197672] (bcr_bot) StdoutLine: {'line': b'-- Up-to-date: /root/ros2_ws/install/bcr_bot/share/bcr_bot//models/aws_robomaker_warehouse_RoofB_01/meshes\n'}
[0.198882] (bcr_bot) StdoutLine: {'line': b'-- Up-to-date: /root/ros2_ws/install/bcr_bot/share/bcr_bot//models/aws_robomaker_warehouse_RoofB_01/meshes/aws_robomaker_warehouse_RoofB_01_collision.DAE\n'}
[0.199209] (-) TimerEvent: {}
[0.199854] (bcr_bot) StdoutLine: {'line': b'-- Up-to-date: /root/ros2_ws/install/bcr_bot/share/bcr_bot//models/aws_robomaker_warehouse_RoofB_01/meshes/aws_robomaker_warehouse_RoofB_01_visual.DAE\n'}
[0.200662] (bcr_bot) StdoutLine: {'line': b'-- Up-to-date: /root/ros2_ws/install/bcr_bot/share/bcr_bot//models/aws_robomaker_warehouse_RoofB_01/model.config\n'}
[0.201441] (bcr_bot) StdoutLine: {'line': b'-- Up-to-date: /root/ros2_ws/install/bcr_bot/share/bcr_bot//models/aws_robomaker_warehouse_RoofB_01/model.sdf\n'}
[0.202043] (bcr_bot) StdoutLine: {'line': b'-- Up-to-date: /root/ros2_ws/install/bcr_bot/share/bcr_bot//models/aws_robomaker_warehouse_ShelfD_01\n'}
[0.202955] (bcr_bot) StdoutLine: {'line': b'-- Up-to-date: /root/ros2_ws/install/bcr_bot/share/bcr_bot//models/aws_robomaker_warehouse_ShelfD_01/materials\n'}
[0.204001] (bcr_bot) StdoutLine: {'line': b'-- Up-to-date: /root/ros2_ws/install/bcr_bot/share/bcr_bot//models/aws_robomaker_warehouse_ShelfD_01/materials/textures\n'}
[0.205340] (bcr_bot) StdoutLine: {'line': b'-- Up-to-date: /root/ros2_ws/install/bcr_bot/share/bcr_bot//models/aws_robomaker_warehouse_ShelfD_01/materials/textures/aws_robomaker_warehouse_ShelfD_01.png\n'}
[0.206343] (bcr_bot) StdoutLine: {'line': b'-- Up-to-date: /root/ros2_ws/install/bcr_bot/share/bcr_bot//models/aws_robomaker_warehouse_ShelfD_01/materials/textures/aws_robomaker_warehouse_ShelfD_02.png\n'}
[0.207325] (bcr_bot) StdoutLine: {'line': b'-- Up-to-date: /root/ros2_ws/install/bcr_bot/share/bcr_bot//models/aws_robomaker_warehouse_ShelfD_01/materials/textures/aws_robomaker_warehouse_ShelfD_03.png\n'}
[0.208348] (bcr_bot) StdoutLine: {'line': b'-- Up-to-date: /root/ros2_ws/install/bcr_bot/share/bcr_bot//models/aws_robomaker_warehouse_ShelfD_01/materials/textures/aws_robomaker_warehouse_ShelfD_04.png\n'}
[0.209060] (bcr_bot) StdoutLine: {'line': b'-- Up-to-date: /root/ros2_ws/install/bcr_bot/share/bcr_bot//models/aws_robomaker_warehouse_ShelfD_01/meshes\n'}
[0.210313] (bcr_bot) StdoutLine: {'line': b'-- Up-to-date: /root/ros2_ws/install/bcr_bot/share/bcr_bot//models/aws_robomaker_warehouse_ShelfD_01/meshes/aws_robomaker_warehouse_ShelfD_01_collision.DAE\n'}
[0.211209] (bcr_bot) StdoutLine: {'line': b'-- Up-to-date: /root/ros2_ws/install/bcr_bot/share/bcr_bot//models/aws_robomaker_warehouse_ShelfD_01/meshes/aws_robomaker_warehouse_ShelfD_01_visual.DAE\n'}
[0.212005] (bcr_bot) StdoutLine: {'line': b'-- Up-to-date: /root/ros2_ws/install/bcr_bot/share/bcr_bot//models/aws_robomaker_warehouse_ShelfD_01/model.config\n'}
[0.212781] (bcr_bot) StdoutLine: {'line': b'-- Up-to-date: /root/ros2_ws/install/bcr_bot/share/bcr_bot//models/aws_robomaker_warehouse_ShelfD_01/model.sdf\n'}
[0.213382] (bcr_bot) StdoutLine: {'line': b'-- Up-to-date: /root/ros2_ws/install/bcr_bot/share/bcr_bot//models/aws_robomaker_warehouse_ShelfE_01\n'}
[0.214514] (bcr_bot) StdoutLine: {'line': b'-- Up-to-date: /root/ros2_ws/install/bcr_bot/share/bcr_bot//models/aws_robomaker_warehouse_ShelfE_01/.DS_Store\n'}
[0.215179] (bcr_bot) StdoutLine: {'line': b'-- Up-to-date: /root/ros2_ws/install/bcr_bot/share/bcr_bot//models/aws_robomaker_warehouse_ShelfE_01/materials\n'}
[0.216396] (bcr_bot) StdoutLine: {'line': b'-- Up-to-date: /root/ros2_ws/install/bcr_bot/share/bcr_bot//models/aws_robomaker_warehouse_ShelfE_01/materials/.DS_Store\n'}
[0.217138] (bcr_bot) StdoutLine: {'line': b'-- Up-to-date: /root/ros2_ws/install/bcr_bot/share/bcr_bot//models/aws_robomaker_warehouse_ShelfE_01/materials/textures\n'}
[0.218522] (bcr_bot) StdoutLine: {'line': b'-- Up-to-date: /root/ros2_ws/install/bcr_bot/share/bcr_bot//models/aws_robomaker_warehouse_ShelfE_01/materials/textures/aws_robomaker_warehouse_ShelfE_01.png\n'}
[0.219544] (bcr_bot) StdoutLine: {'line': b'-- Up-to-date: /root/ros2_ws/install/bcr_bot/share/bcr_bot//models/aws_robomaker_warehouse_ShelfE_01/materials/textures/aws_robomaker_warehouse_ShelfE_02.png\n'}
[0.220568] (bcr_bot) StdoutLine: {'line': b'-- Up-to-date: /root/ros2_ws/install/bcr_bot/share/bcr_bot//models/aws_robomaker_warehouse_ShelfE_01/materials/textures/aws_robomaker_warehouse_ShelfE_03.png\n'}
[0.221596] (bcr_bot) StdoutLine: {'line': b'-- Up-to-date: /root/ros2_ws/install/bcr_bot/share/bcr_bot//models/aws_robomaker_warehouse_ShelfE_01/materials/textures/aws_robomaker_warehouse_ShelfE_04.png\n'}
[0.222310] (bcr_bot) StdoutLine: {'line': b'-- Up-to-date: /root/ros2_ws/install/bcr_bot/share/bcr_bot//models/aws_robomaker_warehouse_ShelfE_01/meshes\n'}
[0.223542] (bcr_bot) StdoutLine: {'line': b'-- Up-to-date: /root/ros2_ws/install/bcr_bot/share/bcr_bot//models/aws_robomaker_warehouse_ShelfE_01/meshes/aws_robomaker_warehouse_ShelfE_01_collision.DAE\n'}
[0.224445] (bcr_bot) StdoutLine: {'line': b'-- Up-to-date: /root/ros2_ws/install/bcr_bot/share/bcr_bot//models/aws_robomaker_warehouse_ShelfE_01/meshes/aws_robomaker_warehouse_ShelfE_01_visual.DAE\n'}
[0.225309] (bcr_bot) StdoutLine: {'line': b'-- Up-to-date: /root/ros2_ws/install/bcr_bot/share/bcr_bot//models/aws_robomaker_warehouse_ShelfE_01/model.config\n'}
[0.226770] (bcr_bot) StdoutLine: {'line': b'-- Up-to-date: /root/ros2_ws/install/bcr_bot/share/bcr_bot//models/aws_robomaker_warehouse_ShelfE_01/model.sdf\n'}
[0.227377] (bcr_bot) StdoutLine: {'line': b'-- Up-to-date: /root/ros2_ws/install/bcr_bot/share/bcr_bot//models/aws_robomaker_warehouse_ShelfF_01\n'}
[0.228314] (bcr_bot) StdoutLine: {'line': b'-- Up-to-date: /root/ros2_ws/install/bcr_bot/share/bcr_bot//models/aws_robomaker_warehouse_ShelfF_01/materials\n'}
[0.229378] (bcr_bot) StdoutLine: {'line': b'-- Up-to-date: /root/ros2_ws/install/bcr_bot/share/bcr_bot//models/aws_robomaker_warehouse_ShelfF_01/materials/textures\n'}
[0.230718] (bcr_bot) StdoutLine: {'line': b'-- Up-to-date: /root/ros2_ws/install/bcr_bot/share/bcr_bot//models/aws_robomaker_warehouse_ShelfF_01/materials/textures/aws_robomaker_warehouse_ShelfF_01.png\n'}
[0.231732] (bcr_bot) StdoutLine: {'line': b'-- Up-to-date: /root/ros2_ws/install/bcr_bot/share/bcr_bot//models/aws_robomaker_warehouse_ShelfF_01/materials/textures/aws_robomaker_warehouse_ShelfF_02.png\n'}
[0.232742] (bcr_bot) StdoutLine: {'line': b'-- Up-to-date: /root/ros2_ws/install/bcr_bot/share/bcr_bot//models/aws_robomaker_warehouse_ShelfF_01/materials/textures/aws_robomaker_warehouse_ShelfF_03.png\n'}
[0.233417] (bcr_bot) StdoutLine: {'line': b'-- Up-to-date: /root/ros2_ws/install/bcr_bot/share/bcr_bot//models/aws_robomaker_warehouse_ShelfF_01/meshes\n'}
[0.234666] (bcr_bot) StdoutLine: {'line': b'-- Up-to-date: /root/ros2_ws/install/bcr_bot/share/bcr_bot//models/aws_robomaker_warehouse_ShelfF_01/meshes/aws_robomaker_warehouse_ShelfF_01_collision.DAE\n'}
[0.235570] (bcr_bot) StdoutLine: {'line': b'-- Up-to-date: /root/ros2_ws/install/bcr_bot/share/bcr_bot//models/aws_robomaker_warehouse_ShelfF_01/meshes/aws_robomaker_warehouse_ShelfF_01_visual.DAE\n'}
[0.236461] (bcr_bot) StdoutLine: {'line': b'-- Up-to-date: /root/ros2_ws/install/bcr_bot/share/bcr_bot//models/aws_robomaker_warehouse_ShelfF_01/model.config\n'}
[0.237814] (bcr_bot) StdoutLine: {'line': b'-- Up-to-date: /root/ros2_ws/install/bcr_bot/share/bcr_bot//models/aws_robomaker_warehouse_ShelfF_01/model.sdf\n'}
[0.238354] (bcr_bot) StdoutLine: {'line': b'-- Up-to-date: /root/ros2_ws/install/bcr_bot/share/bcr_bot//models/aws_robomaker_warehouse_TrashCanC_01\n'}
[0.239243] (bcr_bot) StdoutLine: {'line': b'-- Up-to-date: /root/ros2_ws/install/bcr_bot/share/bcr_bot//models/aws_robomaker_warehouse_TrashCanC_01/materials\n'}
[0.240272] (bcr_bot) StdoutLine: {'line': b'-- Up-to-date: /root/ros2_ws/install/bcr_bot/share/bcr_bot//models/aws_robomaker_warehouse_TrashCanC_01/materials/textures\n'}
[0.241679] (bcr_bot) StdoutLine: {'line': b'-- Up-to-date: /root/ros2_ws/install/bcr_bot/share/bcr_bot//models/aws_robomaker_warehouse_TrashCanC_01/materials/textures/aws_robomaker_warehouse_TrashCanC_01.png\n'}
[0.242386] (bcr_bot) StdoutLine: {'line': b'-- Up-to-date: /root/ros2_ws/install/bcr_bot/share/bcr_bot//models/aws_robomaker_warehouse_TrashCanC_01/meshes\n'}
[0.243612] (bcr_bot) StdoutLine: {'line': b'-- Up-to-date: /root/ros2_ws/install/bcr_bot/share/bcr_bot//models/aws_robomaker_warehouse_TrashCanC_01/meshes/aws_robomaker_warehouse_TrashCanC_01_collision.DAE\n'}
[0.244521] (bcr_bot) StdoutLine: {'line': b'-- Up-to-date: /root/ros2_ws/install/bcr_bot/share/bcr_bot//models/aws_robomaker_warehouse_TrashCanC_01/meshes/aws_robomaker_warehouse_TrashCanC_01_visual.DAE\n'}
[0.245357] (bcr_bot) StdoutLine: {'line': b'-- Up-to-date: /root/ros2_ws/install/bcr_bot/share/bcr_bot//models/aws_robomaker_warehouse_TrashCanC_01/model.config\n'}
[0.246171] (bcr_bot) StdoutLine: {'line': b'-- Up-to-date: /root/ros2_ws/install/bcr_bot/share/bcr_bot//models/aws_robomaker_warehouse_TrashCanC_01/model.sdf\n'}
[0.246769] (bcr_bot) StdoutLine: {'line': b'-- Up-to-date: /root/ros2_ws/install/bcr_bot/share/bcr_bot//models/aws_robomaker_warehouse_WallB_01\n'}
[0.247699] (bcr_bot) StdoutLine: {'line': b'-- Up-to-date: /root/ros2_ws/install/bcr_bot/share/bcr_bot//models/aws_robomaker_warehouse_WallB_01/materials\n'}
[0.248761] (bcr_bot) StdoutLine: {'line': b'-- Up-to-date: /root/ros2_ws/install/bcr_bot/share/bcr_bot//models/aws_robomaker_warehouse_WallB_01/materials/textures\n'}
[0.250167] (bcr_bot) StdoutLine: {'line': b'-- Up-to-date: /root/ros2_ws/install/bcr_bot/share/bcr_bot//models/aws_robomaker_warehouse_WallB_01/materials/textures/aws_robomaker_warehouse_WallB_01.png\n'}
[0.250934] (bcr_bot) StdoutLine: {'line': b'-- Up-to-date: /root/ros2_ws/install/bcr_bot/share/bcr_bot//models/aws_robomaker_warehouse_WallB_01/meshes\n'}
[0.252184] (bcr_bot) StdoutLine: {'line': b'-- Up-to-date: /root/ros2_ws/install/bcr_bot/share/bcr_bot//models/aws_robomaker_warehouse_WallB_01/meshes/aws_robomaker_warehouse_WallB_01_collision.DAE\n'}
[0.253085] (bcr_bot) StdoutLine: {'line': b'-- Up-to-date: /root/ros2_ws/install/bcr_bot/share/bcr_bot//models/aws_robomaker_warehouse_WallB_01/meshes/aws_robomaker_warehouse_WallB_01_visual.DAE\n'}
[0.253921] (bcr_bot) StdoutLine: {'line': b'-- Up-to-date: /root/ros2_ws/install/bcr_bot/share/bcr_bot//models/aws_robomaker_warehouse_WallB_01/model.config\n'}
[0.254826] (bcr_bot) StdoutLine: {'line': b'-- Up-to-date: /root/ros2_ws/install/bcr_bot/share/bcr_bot//models/aws_robomaker_warehouse_WallB_01/model.sdf\n'}
[0.255361] (bcr_bot) StdoutLine: {'line': b'-- Up-to-date: /root/ros2_ws/install/bcr_bot/share/bcr_bot//urdf\n'}
[0.256300] (bcr_bot) StdoutLine: {'line': b'-- Up-to-date: /root/ros2_ws/install/bcr_bot/share/bcr_bot//urdf/bcr_bot.xacro\n'}
[0.257007] (bcr_bot) StdoutLine: {'line': b'-- Up-to-date: /root/ros2_ws/install/bcr_bot/share/bcr_bot//urdf/gazebo.xacro\n'}
[0.257711] (bcr_bot) StdoutLine: {'line': b'-- Up-to-date: /root/ros2_ws/install/bcr_bot/share/bcr_bot//urdf/gz.xacro\n'}
[0.258378] (bcr_bot) StdoutLine: {'line': b'-- Up-to-date: /root/ros2_ws/install/bcr_bot/share/bcr_bot//urdf/ign.xacro\n'}
[0.259079] (bcr_bot) StdoutLine: {'line': b'-- Up-to-date: /root/ros2_ws/install/bcr_bot/share/bcr_bot//urdf/macros.xacro\n'}
[0.259770] (bcr_bot) StdoutLine: {'line': b'-- Up-to-date: /root/ros2_ws/install/bcr_bot/share/bcr_bot//urdf/materials.xacro\n'}
[0.260290] (bcr_bot) StdoutLine: {'line': b'-- Up-to-date: /root/ros2_ws/install/bcr_bot/share/bcr_bot//worlds\n'}
[0.261246] (bcr_bot) StdoutLine: {'line': b'-- Up-to-date: /root/ros2_ws/install/bcr_bot/share/bcr_bot//worlds/empty.sdf\n'}
[0.261933] (bcr_bot) StdoutLine: {'line': b'-- Up-to-date: /root/ros2_ws/install/bcr_bot/share/bcr_bot//worlds/small_warehouse.sdf\n'}
[0.262476] (bcr_bot) StdoutLine: {'line': b'-- Up-to-date: /root/ros2_ws/install/bcr_bot/share/bcr_bot//rviz\n'}
[0.263441] (bcr_bot) StdoutLine: {'line': b'-- Up-to-date: /root/ros2_ws/install/bcr_bot/share/bcr_bot//rviz/entire_setup.rviz\n'}
[0.264135] (bcr_bot) StdoutLine: {'line': b'-- Up-to-date: /root/ros2_ws/install/bcr_bot/share/bcr_bot//rviz/map.rviz\n'}
[0.264721] (bcr_bot) StdoutLine: {'line': b'-- Up-to-date: /root/ros2_ws/install/bcr_bot/share/bcr_bot/config\n'}
[0.265675] (bcr_bot) StdoutLine: {'line': b'-- Up-to-date: /root/ros2_ws/install/bcr_bot/share/bcr_bot/config/bcr_map.pgm\n'}
[0.266377] (bcr_bot) StdoutLine: {'line': b'-- Up-to-date: /root/ros2_ws/install/bcr_bot/share/bcr_bot/config/bcr_map.yaml\n'}
[0.267088] (bcr_bot) StdoutLine: {'line': b'-- Up-to-date: /root/ros2_ws/install/bcr_bot/share/bcr_bot/config/mapper_params_online_async.yaml\n'}
[0.267819] (bcr_bot) StdoutLine: {'line': b'-- Up-to-date: /root/ros2_ws/install/bcr_bot/share/bcr_bot/config/nav2_params.yaml\n'}
[0.268715] (bcr_bot) StdoutLine: {'line': b'-- Up-to-date: /root/ros2_ws/install/bcr_bot/lib/bcr_bot/remapper.py\n'}
[0.269858] (bcr_bot) StdoutLine: {'line': b'-- Up-to-date: /root/ros2_ws/install/bcr_bot/share/ament_index/resource_index/package_run_dependencies/bcr_bot\n'}
[0.271021] (bcr_bot) StdoutLine: {'line': b'-- Up-to-date: /root/ros2_ws/install/bcr_bot/share/ament_index/resource_index/parent_prefix_path/bcr_bot\n'}
[0.271617] (bcr_bot) StdoutLine: {'line': b'-- Up-to-date: /root/ros2_ws/install/bcr_bot/share/bcr_bot/environment/ament_prefix_path.sh\n'}
[0.272476] (bcr_bot) StdoutLine: {'line': b'-- Up-to-date: /root/ros2_ws/install/bcr_bot/share/bcr_bot/environment/ament_prefix_path.dsv\n'}
[0.273053] (bcr_bot) StdoutLine: {'line': b'-- Up-to-date: /root/ros2_ws/install/bcr_bot/share/bcr_bot/environment/path.sh\n'}
[0.273897] (bcr_bot) StdoutLine: {'line': b'-- Up-to-date: /root/ros2_ws/install/bcr_bot/share/bcr_bot/environment/path.dsv\n'}
[0.274732] (bcr_bot) StdoutLine: {'line': b'-- Up-to-date: /root/ros2_ws/install/bcr_bot/share/bcr_bot/local_setup.bash\n'}
[0.275530] (bcr_bot) StdoutLine: {'line': b'-- Up-to-date: /root/ros2_ws/install/bcr_bot/share/bcr_bot/local_setup.sh\n'}
[0.276314] (bcr_bot) StdoutLine: {'line': b'-- Up-to-date: /root/ros2_ws/install/bcr_bot/share/bcr_bot/local_setup.zsh\n'}
[0.277066] (bcr_bot) StdoutLine: {'line': b'-- Up-to-date: /root/ros2_ws/install/bcr_bot/share/bcr_bot/local_setup.dsv\n'}
[0.277841] (bcr_bot) StdoutLine: {'line': b'-- Installing: /root/ros2_ws/install/bcr_bot/share/bcr_bot/package.dsv\n'}
[0.280847] (bcr_bot) StdoutLine: {'line': b'-- Up-to-date: /root/ros2_ws/install/bcr_bot/share/ament_index/resource_index/packages/bcr_bot\n'}
[0.281721] (bcr_bot) StdoutLine: {'line': b'-- Up-to-date: /root/ros2_ws/install/bcr_bot/share/bcr_bot/cmake/bcr_botConfig.cmake\n'}
[0.282459] (bcr_bot) StdoutLine: {'line': b'-- Up-to-date: /root/ros2_ws/install/bcr_bot/share/bcr_bot/cmake/bcr_botConfig-version.cmake\n'}
[0.283366] (bcr_bot) StdoutLine: {'line': b'-- Up-to-date: /root/ros2_ws/install/bcr_bot/share/bcr_bot/package.xml\n'}
[0.286313] (bcr_bot) CommandEnded: {'returncode': 0}
[0.299309] (-) TimerEvent: {}
[0.330817] (bcr_bot) JobEnded: {'identifier': 'bcr_bot', 'rc': 0}
[0.331956] (-) EventReactorShutdown: {}
