[0.000000] (-) TimerEvent: {}
[0.000369] (bcr_bot) JobQueued: {'identifier': 'bcr_bot', 'dependencies': OrderedDict()}
[0.000559] (bcr_bot) JobStarted: {'identifier': 'bcr_bot'}
[0.010287] (bcr_bot) JobProgress: {'identifier': 'bcr_bot', 'progress': 'cmake'}
[0.011629] (bcr_bot) JobProgress: {'identifier': 'bcr_bot', 'progress': 'build'}
[0.012421] (bcr_bot) Command: {'cmd': ['/usr/bin/cmake', '--build', '/root/ros2_ws/build/bcr_bot', '--', '-j4', '-l4'], 'cwd': '/root/ros2_ws/build/bcr_bot', 'env': OrderedDict([('HOSTNAME', 'kira9k-IdeaPad-3-15ARE05'), ('SHLVL', '1'), ('LD_LIBRARY_PATH', '/usr/lib/x86_64-linux-gnu/gazebo-11/plugins:/opt/ros/humble/opt/rviz_ogre_vendor/lib:/opt/ros/humble/lib/x86_64-linux-gnu:/opt/ros/humble/lib'), ('HOME', '/root'), ('ROS_PYTHON_VERSION', '3'), ('WORKSPACE', '/root/ros2_ws'), ('ROS_DISTRO', 'humble'), ('_', '/usr/bin/colcon'), ('ROS_VERSION', '2'), ('TERM', 'xterm'), ('ROS_LOCALHOST_ONLY', '0'), ('PATH', '/opt/ros/humble/bin:/usr/local/sbin:/usr/local/bin:/usr/sbin:/usr/bin:/sbin:/bin'), ('XDG_RUNTIME_DIR', '/tmp/runtime-root'), ('DISPLAY', ':0'), ('LANG', 'C.UTF-8'), ('AMENT_PREFIX_PATH', '/opt/ros/humble'), ('PWD', '/root/ros2_ws/build/bcr_bot'), ('LC_ALL', 'C.UTF-8'), ('PYTHONPATH', '/opt/ros/humble/lib/python3.10/site-packages:/opt/ros/humble/local/lib/python3.10/dist-packages'), ('COLCON', '1'), ('CMAKE_PREFIX_PATH', '/opt/ros/humble')]), 'shell': False}
[0.059493] (bcr_bot) CommandEnded: {'returncode': 0}
[0.060536] (bcr_bot) JobProgress: {'identifier': 'bcr_bot', 'progress': 'install'}
[0.069090] (bcr_bot) Command: {'cmd': ['/usr/bin/cmake', '--install', '/root/ros2_ws/build/bcr_bot'], 'cwd': '/root/ros2_ws/build/bcr_bot', 'env': OrderedDict([('HOSTNAME', 'kira9k-IdeaPad-3-15ARE05'), ('SHLVL', '1'), ('LD_LIBRARY_PATH', '/usr/lib/x86_64-linux-gnu/gazebo-11/plugins:/opt/ros/humble/opt/rviz_ogre_vendor/lib:/opt/ros/humble/lib/x86_64-linux-gnu:/opt/ros/humble/lib'), ('HOME', '/root'), ('ROS_PYTHON_VERSION', '3'), ('WORKSPACE', '/root/ros2_ws'), ('ROS_DISTRO', 'humble'), ('_', '/usr/bin/colcon'), ('ROS_VERSION', '2'), ('TERM', 'xterm'), ('ROS_LOCALHOST_ONLY', '0'), ('PATH', '/opt/ros/humble/bin:/usr/local/sbin:/usr/local/bin:/usr/sbin:/usr/bin:/sbin:/bin'), ('XDG_RUNTIME_DIR', '/tmp/runtime-root'), ('DISPLAY', ':0'), ('LANG', 'C.UTF-8'), ('AMENT_PREFIX_PATH', '/opt/ros/humble'), ('PWD', '/root/ros2_ws/build/bcr_bot'), ('LC_ALL', 'C.UTF-8'), ('PYTHONPATH', '/opt/ros/humble/lib/python3.10/site-packages:/opt/ros/humble/local/lib/python3.10/dist-packages'), ('COLCON', '1'), ('CMAKE_PREFIX_PATH', '/opt/ros/humble')]), 'shell': False}
[0.075905] (bcr_bot) StdoutLine: {'line': b'-- Install configuration: ""\n'}
[0.076598] (bcr_bot) StdoutLine: {'line': b'-- Up-to-date: /root/ros2_ws/install/bcr_bot/share/bcr_bot//launch\n'}
[0.077723] (bcr_bot) StdoutLine: {'line': b'-- Up-to-date: /root/ros2_ws/install/bcr_bot/share/bcr_bot//launch/bcr_bot_gazebo_spawn.launch.py\n'}
[0.078581] (bcr_bot) StdoutLine: {'line': b'-- Up-to-date: /root/ros2_ws/install/bcr_bot/share/bcr_bot//launch/bcr_bot_gz_spawn.launch.py\n'}
[0.079346] (bcr_bot) StdoutLine: {'line': b'-- Up-to-date: /root/ros2_ws/install/bcr_bot/share/bcr_bot//launch/bcr_bot_ign_spawn.launch.py\n'}
[0.080048] (bcr_bot) StdoutLine: {'line': b'-- Up-to-date: /root/ros2_ws/install/bcr_bot/share/bcr_bot//launch/gazebo.launch.py\n'}
[0.080759] (bcr_bot) StdoutLine: {'line': b'-- Up-to-date: /root/ros2_ws/install/bcr_bot/share/bcr_bot//launch/gz.launch.py\n'}
[0.081452] (bcr_bot) StdoutLine: {'line': b'-- Up-to-date: /root/ros2_ws/install/bcr_bot/share/bcr_bot//launch/ign.launch.py\n'}
[0.082156] (bcr_bot) StdoutLine: {'line': b'-- Up-to-date: /root/ros2_ws/install/bcr_bot/share/bcr_bot//launch/mapping.launch.py\n'}
[0.082865] (bcr_bot) StdoutLine: {'line': b'-- Up-to-date: /root/ros2_ws/install/bcr_bot/share/bcr_bot//launch/nav2.launch.py\n'}
[0.083541] (bcr_bot) StdoutLine: {'line': b'-- Up-to-date: /root/ros2_ws/install/bcr_bot/share/bcr_bot//launch/rviz.launch.py\n'}
[0.084076] (bcr_bot) StdoutLine: {'line': b'-- Up-to-date: /root/ros2_ws/install/bcr_bot/share/bcr_bot//meshes\n'}
[0.085042] (bcr_bot) StdoutLine: {'line': b'-- Up-to-date: /root/ros2_ws/install/bcr_bot/share/bcr_bot//meshes/bcr_bot_mesh.dae\n'}
[0.085593] (bcr_bot) StdoutLine: {'line': b'-- Up-to-date: /root/ros2_ws/install/bcr_bot/share/bcr_bot//meshes/kinect\n'}
[0.086649] (bcr_bot) StdoutLine: {'line': b'-- Up-to-date: /root/ros2_ws/install/bcr_bot/share/bcr_bot//meshes/kinect/d415.dae\n'}
[0.087444] (bcr_bot) StdoutLine: {'line': b'-- Up-to-date: /root/ros2_ws/install/bcr_bot/share/bcr_bot//meshes/kinect/kinect.dae\n'}
[0.088232] (bcr_bot) StdoutLine: {'line': b'-- Up-to-date: /root/ros2_ws/install/bcr_bot/share/bcr_bot//meshes/kinect/kinect.jpg\n'}
[0.089167] (bcr_bot) StdoutLine: {'line': b'-- Up-to-date: /root/ros2_ws/install/bcr_bot/share/bcr_bot//meshes/kinect/kinect.tga\n'}
[0.089892] (bcr_bot) StdoutLine: {'line': b'-- Up-to-date: /root/ros2_ws/install/bcr_bot/share/bcr_bot//meshes/logo.png\n'}
[0.090590] (bcr_bot) StdoutLine: {'line': b'-- Up-to-date: /root/ros2_ws/install/bcr_bot/share/bcr_bot//meshes/realsense_texture.png\n'}
[0.091210] (bcr_bot) StdoutLine: {'line': b'-- Up-to-date: /root/ros2_ws/install/bcr_bot/share/bcr_bot//models\n'}
[0.092091] (bcr_bot) StdoutLine: {'line': b'-- Up-to-date: /root/ros2_ws/install/bcr_bot/share/bcr_bot//models/aws_robomaker_warehouse_Bucket_01\n'}
[0.093477] (bcr_bot) StdoutLine: {'line': b'-- Up-to-date: /root/ros2_ws/install/bcr_bot/share/bcr_bot//models/aws_robomaker_warehouse_Bucket_01/.DS_Store\n'}
[0.094059] (bcr_bot) StdoutLine: {'line': b'-- Up-to-date: /root/ros2_ws/install/bcr_bot/share/bcr_bot//models/aws_robomaker_warehouse_Bucket_01/materials\n'}
[0.095283] (bcr_bot) StdoutLine: {'line': b'-- Up-to-date: /root/ros2_ws/install/bcr_bot/share/bcr_bot//models/aws_robomaker_warehouse_Bucket_01/materials/.DS_Store\n'}
[0.096035] (bcr_bot) StdoutLine: {'line': b'-- Up-to-date: /root/ros2_ws/install/bcr_bot/share/bcr_bot//models/aws_robomaker_warehouse_Bucket_01/materials/textures\n'}
[0.097414] (bcr_bot) StdoutLine: {'line': b'-- Up-to-date: /root/ros2_ws/install/bcr_bot/share/bcr_bot//models/aws_robomaker_warehouse_Bucket_01/materials/textures/aws_robomaker_warehouse_Bucket_01.png\n'}
[0.098109] (bcr_bot) StdoutLine: {'line': b'-- Up-to-date: /root/ros2_ws/install/bcr_bot/share/bcr_bot//models/aws_robomaker_warehouse_Bucket_01/meshes\n'}
[0.099285] (-) TimerEvent: {}
[0.099416] (bcr_bot) StdoutLine: {'line': b'-- Up-to-date: /root/ros2_ws/install/bcr_bot/share/bcr_bot//models/aws_robomaker_warehouse_Bucket_01/meshes/aws_robomaker_warehouse_Bucket_01_collision.DAE\n'}
[0.100427] (bcr_bot) StdoutLine: {'line': b'-- Up-to-date: /root/ros2_ws/install/bcr_bot/share/bcr_bot//models/aws_robomaker_warehouse_Bucket_01/meshes/aws_robomaker_warehouse_Bucket_01_visual.DAE\n'}
[0.101269] (bcr_bot) StdoutLine: {'line': b'-- Up-to-date: /root/ros2_ws/install/bcr_bot/share/bcr_bot//models/aws_robomaker_warehouse_Bucket_01/model.config\n'}
[0.102091] (bcr_bot) StdoutLine: {'line': b'-- Up-to-date: /root/ros2_ws/install/bcr_bot/share/bcr_bot//models/aws_robomaker_warehouse_Bucket_01/model.sdf\n'}
[0.102714] (bcr_bot) StdoutLine: {'line': b'-- Up-to-date: /root/ros2_ws/install/bcr_bot/share/bcr_bot//models/aws_robomaker_warehouse_ClutteringA_01\n'}
[0.103835] (bcr_bot) StdoutLine: {'line': b'-- Up-to-date: /root/ros2_ws/install/bcr_bot/share/bcr_bot//models/aws_robomaker_warehouse_ClutteringA_01/.DS_Store\n'}
[0.104456] (bcr_bot) StdoutLine: {'line': b'-- Up-to-date: /root/ros2_ws/install/bcr_bot/share/bcr_bot//models/aws_robomaker_warehouse_ClutteringA_01/materials\n'}
[0.106065] (bcr_bot) StdoutLine: {'line': b'-- Up-to-date: /root/ros2_ws/install/bcr_bot/share/bcr_bot//models/aws_robomaker_warehouse_ClutteringA_01/materials/.DS_Store\n'}
[0.106889] (bcr_bot) StdoutLine: {'line': b'-- Up-to-date: /root/ros2_ws/install/bcr_bot/share/bcr_bot//models/aws_robomaker_warehouse_ClutteringA_01/materials/textures\n'}
[0.108526] (bcr_bot) StdoutLine: {'line': b'-- Up-to-date: /root/ros2_ws/install/bcr_bot/share/bcr_bot//models/aws_robomaker_warehouse_ClutteringA_01/materials/textures/.DS_Store\n'}
[0.110001] (bcr_bot) StdoutLine: {'line': b'-- Up-to-date: /root/ros2_ws/install/bcr_bot/share/bcr_bot//models/aws_robomaker_warehouse_ClutteringA_01/materials/textures/aws_robomaker_warehouse_ClutteringA_01.png\n'}
[0.111148] (bcr_bot) StdoutLine: {'line': b'-- Up-to-date: /root/ros2_ws/install/bcr_bot/share/bcr_bot//models/aws_robomaker_warehouse_ClutteringA_01/materials/textures/aws_robomaker_warehouse_ClutteringA_02.png\n'}
[0.112343] (bcr_bot) StdoutLine: {'line': b'-- Up-to-date: /root/ros2_ws/install/bcr_bot/share/bcr_bot//models/aws_robomaker_warehouse_ClutteringA_01/materials/textures/aws_robomaker_warehouse_ClutteringA_03.png\n'}
[0.113368] (bcr_bot) StdoutLine: {'line': b'-- Up-to-date: /root/ros2_ws/install/bcr_bot/share/bcr_bot//models/aws_robomaker_warehouse_ClutteringA_01/meshes\n'}
[0.114699] (bcr_bot) StdoutLine: {'line': b'-- Up-to-date: /root/ros2_ws/install/bcr_bot/share/bcr_bot//models/aws_robomaker_warehouse_ClutteringA_01/meshes/aws_robomaker_warehouse_ClutteringA_01_collision.DAE\n'}
[0.115557] (bcr_bot) StdoutLine: {'line': b'-- Up-to-date: /root/ros2_ws/install/bcr_bot/share/bcr_bot//models/aws_robomaker_warehouse_ClutteringA_01/meshes/aws_robomaker_warehouse_ClutteringA_01_visual.DAE\n'}
[0.116436] (bcr_bot) StdoutLine: {'line': b'-- Up-to-date: /root/ros2_ws/install/bcr_bot/share/bcr_bot//models/aws_robomaker_warehouse_ClutteringA_01/model.config\n'}
[0.117278] (bcr_bot) StdoutLine: {'line': b'-- Up-to-date: /root/ros2_ws/install/bcr_bot/share/bcr_bot//models/aws_robomaker_warehouse_ClutteringA_01/model.sdf\n'}
[0.117889] (bcr_bot) StdoutLine: {'line': b'-- Up-to-date: /root/ros2_ws/install/bcr_bot/share/bcr_bot//models/aws_robomaker_warehouse_ClutteringC_01\n'}
[0.118855] (bcr_bot) StdoutLine: {'line': b'-- Up-to-date: /root/ros2_ws/install/bcr_bot/share/bcr_bot//models/aws_robomaker_warehouse_ClutteringC_01/materials\n'}
[0.119921] (bcr_bot) StdoutLine: {'line': b'-- Up-to-date: /root/ros2_ws/install/bcr_bot/share/bcr_bot//models/aws_robomaker_warehouse_ClutteringC_01/materials/textures\n'}
[0.121311] (bcr_bot) StdoutLine: {'line': b'-- Up-to-date: /root/ros2_ws/install/bcr_bot/share/bcr_bot//models/aws_robomaker_warehouse_ClutteringC_01/materials/textures/aws_robomaker_warehouse_ClutteringC_01.png\n'}
[0.122529] (bcr_bot) StdoutLine: {'line': b'-- Up-to-date: /root/ros2_ws/install/bcr_bot/share/bcr_bot//models/aws_robomaker_warehouse_ClutteringC_01/materials/textures/aws_robomaker_warehouse_ClutteringC_02.png\n'}
[0.123262] (bcr_bot) StdoutLine: {'line': b'-- Up-to-date: /root/ros2_ws/install/bcr_bot/share/bcr_bot//models/aws_robomaker_warehouse_ClutteringC_01/meshes\n'}
[0.124505] (bcr_bot) StdoutLine: {'line': b'-- Up-to-date: /root/ros2_ws/install/bcr_bot/share/bcr_bot//models/aws_robomaker_warehouse_ClutteringC_01/meshes/aws_robomaker_warehouse_ClutteringC_01_collision.DAE\n'}
[0.125460] (bcr_bot) StdoutLine: {'line': b'-- Up-to-date: /root/ros2_ws/install/bcr_bot/share/bcr_bot//models/aws_robomaker_warehouse_ClutteringC_01/meshes/aws_robomaker_warehouse_ClutteringC_01_visual.DAE\n'}
[0.127682] (bcr_bot) StdoutLine: {'line': b'-- Up-to-date: /root/ros2_ws/install/bcr_bot/share/bcr_bot//models/aws_robomaker_warehouse_ClutteringC_01/model.config\n'}
[0.128036] (bcr_bot) StdoutLine: {'line': b'-- Up-to-date: /root/ros2_ws/install/bcr_bot/share/bcr_bot//models/aws_robomaker_warehouse_ClutteringC_01/model.sdf\n'}
[0.128611] (bcr_bot) StdoutLine: {'line': b'-- Up-to-date: /root/ros2_ws/install/bcr_bot/share/bcr_bot//models/aws_robomaker_warehouse_ClutteringD_01\n'}
[0.129573] (bcr_bot) StdoutLine: {'line': b'-- Up-to-date: /root/ros2_ws/install/bcr_bot/share/bcr_bot//models/aws_robomaker_warehouse_ClutteringD_01/materials\n'}
[0.130782] (bcr_bot) StdoutLine: {'line': b'-- Up-to-date: /root/ros2_ws/install/bcr_bot/share/bcr_bot//models/aws_robomaker_warehouse_ClutteringD_01/materials/textures\n'}
[0.132170] (bcr_bot) StdoutLine: {'line': b'-- Up-to-date: /root/ros2_ws/install/bcr_bot/share/bcr_bot//models/aws_robomaker_warehouse_ClutteringD_01/materials/textures/aws_robomaker_warehouse_ClutteringD_01.png\n'}
[0.133214] (bcr_bot) StdoutLine: {'line': b'-- Up-to-date: /root/ros2_ws/install/bcr_bot/share/bcr_bot//models/aws_robomaker_warehouse_ClutteringD_01/materials/textures/aws_robomaker_warehouse_ClutteringD_02.png\n'}
[0.133933] (bcr_bot) StdoutLine: {'line': b'-- Up-to-date: /root/ros2_ws/install/bcr_bot/share/bcr_bot//models/aws_robomaker_warehouse_ClutteringD_01/meshes\n'}
[0.135164] (bcr_bot) StdoutLine: {'line': b'-- Up-to-date: /root/ros2_ws/install/bcr_bot/share/bcr_bot//models/aws_robomaker_warehouse_ClutteringD_01/meshes/aws_robomaker_warehouse_ClutteringD_01_collision.DAE\n'}
[0.136068] (bcr_bot) StdoutLine: {'line': b'-- Up-to-date: /root/ros2_ws/install/bcr_bot/share/bcr_bot//models/aws_robomaker_warehouse_ClutteringD_01/meshes/aws_robomaker_warehouse_ClutteringD_01_visual.DAE\n'}
[0.136881] (bcr_bot) StdoutLine: {'line': b'-- Up-to-date: /root/ros2_ws/install/bcr_bot/share/bcr_bot//models/aws_robomaker_warehouse_ClutteringD_01/model.config\n'}
[0.137645] (bcr_bot) StdoutLine: {'line': b'-- Up-to-date: /root/ros2_ws/install/bcr_bot/share/bcr_bot//models/aws_robomaker_warehouse_ClutteringD_01/model.sdf\n'}
[0.138242] (bcr_bot) StdoutLine: {'line': b'-- Up-to-date: /root/ros2_ws/install/bcr_bot/share/bcr_bot//models/aws_robomaker_warehouse_DeskC_01\n'}
[0.139236] (bcr_bot) StdoutLine: {'line': b'-- Up-to-date: /root/ros2_ws/install/bcr_bot/share/bcr_bot//models/aws_robomaker_warehouse_DeskC_01/materials\n'}
[0.140478] (bcr_bot) StdoutLine: {'line': b'-- Up-to-date: /root/ros2_ws/install/bcr_bot/share/bcr_bot//models/aws_robomaker_warehouse_DeskC_01/materials/.DS_Store\n'}
[0.141223] (bcr_bot) StdoutLine: {'line': b'-- Up-to-date: /root/ros2_ws/install/bcr_bot/share/bcr_bot//models/aws_robomaker_warehouse_DeskC_01/materials/textures\n'}
[0.142928] (bcr_bot) StdoutLine: {'line': b'-- Up-to-date: /root/ros2_ws/install/bcr_bot/share/bcr_bot//models/aws_robomaker_warehouse_DeskC_01/materials/textures/aws_robomaker_warehouse_DeskC_01.png\n'}
[0.144119] (bcr_bot) StdoutLine: {'line': b'-- Up-to-date: /root/ros2_ws/install/bcr_bot/share/bcr_bot//models/aws_robomaker_warehouse_DeskC_01/materials/textures/aws_robomaker_warehouse_DeskC_02.png\n'}
[0.145165] (bcr_bot) StdoutLine: {'line': b'-- Up-to-date: /root/ros2_ws/install/bcr_bot/share/bcr_bot//models/aws_robomaker_warehouse_DeskC_01/materials/textures/aws_robomaker_warehouse_DeskC_03.png\n'}
[0.146159] (bcr_bot) StdoutLine: {'line': b'-- Up-to-date: /root/ros2_ws/install/bcr_bot/share/bcr_bot//models/aws_robomaker_warehouse_DeskC_01/materials/textures/aws_robomaker_warehouse_DeskC_03.psd\n'}
[0.147174] (bcr_bot) StdoutLine: {'line': b'-- Up-to-date: /root/ros2_ws/install/bcr_bot/share/bcr_bot//models/aws_robomaker_warehouse_DeskC_01/materials/textures/aws_robomaker_warehouse_DeskC_04.png\n'}
[0.147952] (bcr_bot) StdoutLine: {'line': b'-- Up-to-date: /root/ros2_ws/install/bcr_bot/share/bcr_bot//models/aws_robomaker_warehouse_DeskC_01/meshes\n'}
[0.149176] (bcr_bot) StdoutLine: {'line': b'-- Up-to-date: /root/ros2_ws/install/bcr_bot/share/bcr_bot//models/aws_robomaker_warehouse_DeskC_01/meshes/aws_robomaker_warehouse_DeskC_01_collision.DAE\n'}
[0.150092] (bcr_bot) StdoutLine: {'line': b'-- Up-to-date: /root/ros2_ws/install/bcr_bot/share/bcr_bot//models/aws_robomaker_warehouse_DeskC_01/meshes/aws_robomaker_warehouse_DeskC_01_visual.DAE\n'}
[0.150904] (bcr_bot) StdoutLine: {'line': b'-- Up-to-date: /root/ros2_ws/install/bcr_bot/share/bcr_bot//models/aws_robomaker_warehouse_DeskC_01/model.config\n'}
[0.151672] (bcr_bot) StdoutLine: {'line': b'-- Up-to-date: /root/ros2_ws/install/bcr_bot/share/bcr_bot//models/aws_robomaker_warehouse_DeskC_01/model.sdf\n'}
[0.152254] (bcr_bot) StdoutLine: {'line': b'-- Up-to-date: /root/ros2_ws/install/bcr_bot/share/bcr_bot//models/aws_robomaker_warehouse_GroundB_01\n'}
[0.153173] (bcr_bot) StdoutLine: {'line': b'-- Up-to-date: /root/ros2_ws/install/bcr_bot/share/bcr_bot//models/aws_robomaker_warehouse_GroundB_01/materials\n'}
[0.154213] (bcr_bot) StdoutLine: {'line': b'-- Up-to-date: /root/ros2_ws/install/bcr_bot/share/bcr_bot//models/aws_robomaker_warehouse_GroundB_01/materials/textures\n'}
[0.155577] (bcr_bot) StdoutLine: {'line': b'-- Up-to-date: /root/ros2_ws/install/bcr_bot/share/bcr_bot//models/aws_robomaker_warehouse_GroundB_01/materials/textures/aws_robomaker_warehouse_GroundB_01.png\n'}
[0.156566] (bcr_bot) StdoutLine: {'line': b'-- Up-to-date: /root/ros2_ws/install/bcr_bot/share/bcr_bot//models/aws_robomaker_warehouse_GroundB_01/materials/textures/aws_robomaker_warehouse_GroundB_02.png\n'}
[0.157271] (bcr_bot) StdoutLine: {'line': b'-- Up-to-date: /root/ros2_ws/install/bcr_bot/share/bcr_bot//models/aws_robomaker_warehouse_GroundB_01/meshes\n'}
[0.158520] (bcr_bot) StdoutLine: {'line': b'-- Up-to-date: /root/ros2_ws/install/bcr_bot/share/bcr_bot//models/aws_robomaker_warehouse_GroundB_01/meshes/aws_robomaker_warehouse_GroundB_01_collision.DAE\n'}
[0.159894] (bcr_bot) StdoutLine: {'line': b'-- Up-to-date: /root/ros2_ws/install/bcr_bot/share/bcr_bot//models/aws_robomaker_warehouse_GroundB_01/meshes/aws_robomaker_warehouse_GroundB_01_visual.DAE\n'}
[0.160813] (bcr_bot) StdoutLine: {'line': b'-- Up-to-date: /root/ros2_ws/install/bcr_bot/share/bcr_bot//models/aws_robomaker_warehouse_GroundB_01/model.config\n'}
[0.161650] (bcr_bot) StdoutLine: {'line': b'-- Up-to-date: /root/ros2_ws/install/bcr_bot/share/bcr_bot//models/aws_robomaker_warehouse_GroundB_01/model.sdf\n'}
[0.162243] (bcr_bot) StdoutLine: {'line': b'-- Up-to-date: /root/ros2_ws/install/bcr_bot/share/bcr_bot//models/aws_robomaker_warehouse_Lamp_01\n'}
[0.163196] (bcr_bot) StdoutLine: {'line': b'-- Up-to-date: /root/ros2_ws/install/bcr_bot/share/bcr_bot//models/aws_robomaker_warehouse_Lamp_01/materials\n'}
[0.164271] (bcr_bot) StdoutLine: {'line': b'-- Up-to-date: /root/ros2_ws/install/bcr_bot/share/bcr_bot//models/aws_robomaker_warehouse_Lamp_01/materials/textures\n'}
[0.165603] (bcr_bot) StdoutLine: {'line': b'-- Up-to-date: /root/ros2_ws/install/bcr_bot/share/bcr_bot//models/aws_robomaker_warehouse_Lamp_01/materials/textures/aws_robomaker_warehouse_Lamp_01.png\n'}
[0.166311] (bcr_bot) StdoutLine: {'line': b'-- Up-to-date: /root/ros2_ws/install/bcr_bot/share/bcr_bot//models/aws_robomaker_warehouse_Lamp_01/meshes\n'}
[0.167505] (bcr_bot) StdoutLine: {'line': b'-- Up-to-date: /root/ros2_ws/install/bcr_bot/share/bcr_bot//models/aws_robomaker_warehouse_Lamp_01/meshes/aws_robomaker_warehouse_Lamp_01_collision.DAE\n'}
[0.168422] (bcr_bot) StdoutLine: {'line': b'-- Up-to-date: /root/ros2_ws/install/bcr_bot/share/bcr_bot//models/aws_robomaker_warehouse_Lamp_01/meshes/aws_robomaker_warehouse_Lamp_01_visual.DAE\n'}
[0.169216] (bcr_bot) StdoutLine: {'line': b'-- Up-to-date: /root/ros2_ws/install/bcr_bot/share/bcr_bot//models/aws_robomaker_warehouse_Lamp_01/model.config\n'}
[0.169992] (bcr_bot) StdoutLine: {'line': b'-- Up-to-date: /root/ros2_ws/install/bcr_bot/share/bcr_bot//models/aws_robomaker_warehouse_Lamp_01/model.sdf\n'}
[0.170577] (bcr_bot) StdoutLine: {'line': b'-- Up-to-date: /root/ros2_ws/install/bcr_bot/share/bcr_bot//models/aws_robomaker_warehouse_PalletJackB_01\n'}
[0.171688] (bcr_bot) StdoutLine: {'line': b'-- Up-to-date: /root/ros2_ws/install/bcr_bot/share/bcr_bot//models/aws_robomaker_warehouse_PalletJackB_01/.DS_Store\n'}
[0.172503] (bcr_bot) StdoutLine: {'line': b'-- Up-to-date: /root/ros2_ws/install/bcr_bot/share/bcr_bot//models/aws_robomaker_warehouse_PalletJackB_01/materials\n'}
[0.173727] (bcr_bot) StdoutLine: {'line': b'-- Up-to-date: /root/ros2_ws/install/bcr_bot/share/bcr_bot//models/aws_robomaker_warehouse_PalletJackB_01/materials/.DS_Store\n'}
[0.174496] (bcr_bot) StdoutLine: {'line': b'-- Up-to-date: /root/ros2_ws/install/bcr_bot/share/bcr_bot//models/aws_robomaker_warehouse_PalletJackB_01/materials/textures\n'}
[0.175954] (bcr_bot) StdoutLine: {'line': b'-- Up-to-date: /root/ros2_ws/install/bcr_bot/share/bcr_bot//models/aws_robomaker_warehouse_PalletJackB_01/materials/textures/aws_robomaker_warehouse_PalletJackB_01.png\n'}
[0.177503] (bcr_bot) StdoutLine: {'line': b'-- Up-to-date: /root/ros2_ws/install/bcr_bot/share/bcr_bot//models/aws_robomaker_warehouse_PalletJackB_01/materials/textures/aws_robomaker_warehouse_PalletJackB_02.png\n'}
[0.178358] (bcr_bot) StdoutLine: {'line': b'-- Up-to-date: /root/ros2_ws/install/bcr_bot/share/bcr_bot//models/aws_robomaker_warehouse_PalletJackB_01/meshes\n'}
[0.179590] (bcr_bot) StdoutLine: {'line': b'-- Up-to-date: /root/ros2_ws/install/bcr_bot/share/bcr_bot//models/aws_robomaker_warehouse_PalletJackB_01/meshes/aws_robomaker_warehouse_PalletJackB_01_collision.DAE\n'}
[0.180521] (bcr_bot) StdoutLine: {'line': b'-- Up-to-date: /root/ros2_ws/install/bcr_bot/share/bcr_bot//models/aws_robomaker_warehouse_PalletJackB_01/meshes/aws_robomaker_warehouse_PalletJackB_01_visual.DAE\n'}
[0.181341] (bcr_bot) StdoutLine: {'line': b'-- Up-to-date: /root/ros2_ws/install/bcr_bot/share/bcr_bot//models/aws_robomaker_warehouse_PalletJackB_01/model.config\n'}
[0.182125] (bcr_bot) StdoutLine: {'line': b'-- Up-to-date: /root/ros2_ws/install/bcr_bot/share/bcr_bot//models/aws_robomaker_warehouse_PalletJackB_01/model.sdf\n'}
[0.182716] (bcr_bot) StdoutLine: {'line': b'-- Up-to-date: /root/ros2_ws/install/bcr_bot/share/bcr_bot//models/aws_robomaker_warehouse_RoofB_01\n'}
[0.183682] (bcr_bot) StdoutLine: {'line': b'-- Up-to-date: /root/ros2_ws/install/bcr_bot/share/bcr_bot//models/aws_robomaker_warehouse_RoofB_01/materials\n'}
[0.184757] (bcr_bot) StdoutLine: {'line': b'-- Up-to-date: /root/ros2_ws/install/bcr_bot/share/bcr_bot//models/aws_robomaker_warehouse_RoofB_01/materials/textures\n'}
[0.186098] (bcr_bot) StdoutLine: {'line': b'-- Up-to-date: /root/ros2_ws/install/bcr_bot/share/bcr_bot//models/aws_robomaker_warehouse_RoofB_01/materials/textures/aws_robomaker_warehouse_RoofB_01.png\n'}
[0.186781] (bcr_bot) StdoutLine: {'line': b'-- Up-to-date: /root/ros2_ws/install/bcr_bot/share/bcr_bot//models/aws_robomaker_warehouse_RoofB_01/meshes\n'}
[0.187995] (bcr_bot) StdoutLine: {'line': b'-- Up-to-date: /root/ros2_ws/install/bcr_bot/share/bcr_bot//models/aws_robomaker_warehouse_RoofB_01/meshes/aws_robomaker_warehouse_RoofB_01_collision.DAE\n'}
[0.189072] (bcr_bot) StdoutLine: {'line': b'-- Up-to-date: /root/ros2_ws/install/bcr_bot/share/bcr_bot//models/aws_robomaker_warehouse_RoofB_01/meshes/aws_robomaker_warehouse_RoofB_01_visual.DAE\n'}
[0.189881] (bcr_bot) StdoutLine: {'line': b'-- Up-to-date: /root/ros2_ws/install/bcr_bot/share/bcr_bot//models/aws_robomaker_warehouse_RoofB_01/model.config\n'}
[0.190651] (bcr_bot) StdoutLine: {'line': b'-- Up-to-date: /root/ros2_ws/install/bcr_bot/share/bcr_bot//models/aws_robomaker_warehouse_RoofB_01/model.sdf\n'}
[0.191249] (bcr_bot) StdoutLine: {'line': b'-- Up-to-date: /root/ros2_ws/install/bcr_bot/share/bcr_bot//models/aws_robomaker_warehouse_ShelfD_01\n'}
[0.192207] (bcr_bot) StdoutLine: {'line': b'-- Up-to-date: /root/ros2_ws/install/bcr_bot/share/bcr_bot//models/aws_robomaker_warehouse_ShelfD_01/materials\n'}
[0.193597] (bcr_bot) StdoutLine: {'line': b'-- Up-to-date: /root/ros2_ws/install/bcr_bot/share/bcr_bot//models/aws_robomaker_warehouse_ShelfD_01/materials/textures\n'}
[0.194909] (bcr_bot) StdoutLine: {'line': b'-- Up-to-date: /root/ros2_ws/install/bcr_bot/share/bcr_bot//models/aws_robomaker_warehouse_ShelfD_01/materials/textures/aws_robomaker_warehouse_ShelfD_01.png\n'}
[0.195898] (bcr_bot) StdoutLine: {'line': b'-- Up-to-date: /root/ros2_ws/install/bcr_bot/share/bcr_bot//models/aws_robomaker_warehouse_ShelfD_01/materials/textures/aws_robomaker_warehouse_ShelfD_02.png\n'}
[0.196928] (bcr_bot) StdoutLine: {'line': b'-- Up-to-date: /root/ros2_ws/install/bcr_bot/share/bcr_bot//models/aws_robomaker_warehouse_ShelfD_01/materials/textures/aws_robomaker_warehouse_ShelfD_03.png\n'}
[0.198160] (bcr_bot) StdoutLine: {'line': b'-- Up-to-date: /root/ros2_ws/install/bcr_bot/share/bcr_bot//models/aws_robomaker_warehouse_ShelfD_01/materials/textures/aws_robomaker_warehouse_ShelfD_04.png\n'}
[0.198838] (bcr_bot) StdoutLine: {'line': b'-- Up-to-date: /root/ros2_ws/install/bcr_bot/share/bcr_bot//models/aws_robomaker_warehouse_ShelfD_01/meshes\n'}
[0.199352] (-) TimerEvent: {}
[0.200172] (bcr_bot) StdoutLine: {'line': b'-- Up-to-date: /root/ros2_ws/install/bcr_bot/share/bcr_bot//models/aws_robomaker_warehouse_ShelfD_01/meshes/aws_robomaker_warehouse_ShelfD_01_collision.DAE\n'}
[0.201106] (bcr_bot) StdoutLine: {'line': b'-- Up-to-date: /root/ros2_ws/install/bcr_bot/share/bcr_bot//models/aws_robomaker_warehouse_ShelfD_01/meshes/aws_robomaker_warehouse_ShelfD_01_visual.DAE\n'}
[0.201923] (bcr_bot) StdoutLine: {'line': b'-- Up-to-date: /root/ros2_ws/install/bcr_bot/share/bcr_bot//models/aws_robomaker_warehouse_ShelfD_01/model.config\n'}
[0.202690] (bcr_bot) StdoutLine: {'line': b'-- Up-to-date: /root/ros2_ws/install/bcr_bot/share/bcr_bot//models/aws_robomaker_warehouse_ShelfD_01/model.sdf\n'}
[0.203281] (bcr_bot) StdoutLine: {'line': b'-- Up-to-date: /root/ros2_ws/install/bcr_bot/share/bcr_bot//models/aws_robomaker_warehouse_ShelfE_01\n'}
[0.204377] (bcr_bot) StdoutLine: {'line': b'-- Up-to-date: /root/ros2_ws/install/bcr_bot/share/bcr_bot//models/aws_robomaker_warehouse_ShelfE_01/.DS_Store\n'}
[0.205048] (bcr_bot) StdoutLine: {'line': b'-- Up-to-date: /root/ros2_ws/install/bcr_bot/share/bcr_bot//models/aws_robomaker_warehouse_ShelfE_01/materials\n'}
[0.206466] (bcr_bot) StdoutLine: {'line': b'-- Up-to-date: /root/ros2_ws/install/bcr_bot/share/bcr_bot//models/aws_robomaker_warehouse_ShelfE_01/materials/.DS_Store\n'}
[0.207201] (bcr_bot) StdoutLine: {'line': b'-- Up-to-date: /root/ros2_ws/install/bcr_bot/share/bcr_bot//models/aws_robomaker_warehouse_ShelfE_01/materials/textures\n'}
[0.208681] (bcr_bot) StdoutLine: {'line': b'-- Up-to-date: /root/ros2_ws/install/bcr_bot/share/bcr_bot//models/aws_robomaker_warehouse_ShelfE_01/materials/textures/aws_robomaker_warehouse_ShelfE_01.png\n'}
[0.209829] (bcr_bot) StdoutLine: {'line': b'-- Up-to-date: /root/ros2_ws/install/bcr_bot/share/bcr_bot//models/aws_robomaker_warehouse_ShelfE_01/materials/textures/aws_robomaker_warehouse_ShelfE_02.png\n'}
[0.210842] (bcr_bot) StdoutLine: {'line': b'-- Up-to-date: /root/ros2_ws/install/bcr_bot/share/bcr_bot//models/aws_robomaker_warehouse_ShelfE_01/materials/textures/aws_robomaker_warehouse_ShelfE_03.png\n'}
[0.211877] (bcr_bot) StdoutLine: {'line': b'-- Up-to-date: /root/ros2_ws/install/bcr_bot/share/bcr_bot//models/aws_robomaker_warehouse_ShelfE_01/materials/textures/aws_robomaker_warehouse_ShelfE_04.png\n'}
[0.212605] (bcr_bot) StdoutLine: {'line': b'-- Up-to-date: /root/ros2_ws/install/bcr_bot/share/bcr_bot//models/aws_robomaker_warehouse_ShelfE_01/meshes\n'}
[0.213830] (bcr_bot) StdoutLine: {'line': b'-- Up-to-date: /root/ros2_ws/install/bcr_bot/share/bcr_bot//models/aws_robomaker_warehouse_ShelfE_01/meshes/aws_robomaker_warehouse_ShelfE_01_collision.DAE\n'}
[0.214740] (bcr_bot) StdoutLine: {'line': b'-- Up-to-date: /root/ros2_ws/install/bcr_bot/share/bcr_bot//models/aws_robomaker_warehouse_ShelfE_01/meshes/aws_robomaker_warehouse_ShelfE_01_visual.DAE\n'}
[0.215570] (bcr_bot) StdoutLine: {'line': b'-- Up-to-date: /root/ros2_ws/install/bcr_bot/share/bcr_bot//models/aws_robomaker_warehouse_ShelfE_01/model.config\n'}
[0.216369] (bcr_bot) StdoutLine: {'line': b'-- Up-to-date: /root/ros2_ws/install/bcr_bot/share/bcr_bot//models/aws_robomaker_warehouse_ShelfE_01/model.sdf\n'}
[0.216975] (bcr_bot) StdoutLine: {'line': b'-- Up-to-date: /root/ros2_ws/install/bcr_bot/share/bcr_bot//models/aws_robomaker_warehouse_ShelfF_01\n'}
[0.217920] (bcr_bot) StdoutLine: {'line': b'-- Up-to-date: /root/ros2_ws/install/bcr_bot/share/bcr_bot//models/aws_robomaker_warehouse_ShelfF_01/materials\n'}
[0.218969] (bcr_bot) StdoutLine: {'line': b'-- Up-to-date: /root/ros2_ws/install/bcr_bot/share/bcr_bot//models/aws_robomaker_warehouse_ShelfF_01/materials/textures\n'}
[0.220312] (bcr_bot) StdoutLine: {'line': b'-- Up-to-date: /root/ros2_ws/install/bcr_bot/share/bcr_bot//models/aws_robomaker_warehouse_ShelfF_01/materials/textures/aws_robomaker_warehouse_ShelfF_01.png\n'}
[0.221315] (bcr_bot) StdoutLine: {'line': b'-- Up-to-date: /root/ros2_ws/install/bcr_bot/share/bcr_bot//models/aws_robomaker_warehouse_ShelfF_01/materials/textures/aws_robomaker_warehouse_ShelfF_02.png\n'}
[0.222435] (bcr_bot) StdoutLine: {'line': b'-- Up-to-date: /root/ros2_ws/install/bcr_bot/share/bcr_bot//models/aws_robomaker_warehouse_ShelfF_01/materials/textures/aws_robomaker_warehouse_ShelfF_03.png\n'}
[0.223168] (bcr_bot) StdoutLine: {'line': b'-- Up-to-date: /root/ros2_ws/install/bcr_bot/share/bcr_bot//models/aws_robomaker_warehouse_ShelfF_01/meshes\n'}
[0.224645] (bcr_bot) StdoutLine: {'line': b'-- Up-to-date: /root/ros2_ws/install/bcr_bot/share/bcr_bot//models/aws_robomaker_warehouse_ShelfF_01/meshes/aws_robomaker_warehouse_ShelfF_01_collision.DAE\n'}
[0.227560] (bcr_bot) StdoutLine: {'line': b'-- Up-to-date: /root/ros2_ws/install/bcr_bot/share/bcr_bot//models/aws_robomaker_warehouse_ShelfF_01/meshes/aws_robomaker_warehouse_ShelfF_01_visual.DAE\n'}
[0.228790] (bcr_bot) StdoutLine: {'line': b'-- Up-to-date: /root/ros2_ws/install/bcr_bot/share/bcr_bot//models/aws_robomaker_warehouse_ShelfF_01/model.config\n'}
[0.229878] (bcr_bot) StdoutLine: {'line': b'-- Up-to-date: /root/ros2_ws/install/bcr_bot/share/bcr_bot//models/aws_robomaker_warehouse_ShelfF_01/model.sdf\n'}
[0.230623] (bcr_bot) StdoutLine: {'line': b'-- Up-to-date: /root/ros2_ws/install/bcr_bot/share/bcr_bot//models/aws_robomaker_warehouse_TrashCanC_01\n'}
[0.231505] (bcr_bot) StdoutLine: {'line': b'-- Up-to-date: /root/ros2_ws/install/bcr_bot/share/bcr_bot//models/aws_robomaker_warehouse_TrashCanC_01/materials\n'}
[0.232560] (bcr_bot) StdoutLine: {'line': b'-- Up-to-date: /root/ros2_ws/install/bcr_bot/share/bcr_bot//models/aws_robomaker_warehouse_TrashCanC_01/materials/textures\n'}
[0.233979] (bcr_bot) StdoutLine: {'line': b'-- Up-to-date: /root/ros2_ws/install/bcr_bot/share/bcr_bot//models/aws_robomaker_warehouse_TrashCanC_01/materials/textures/aws_robomaker_warehouse_TrashCanC_01.png\n'}
[0.234654] (bcr_bot) StdoutLine: {'line': b'-- Up-to-date: /root/ros2_ws/install/bcr_bot/share/bcr_bot//models/aws_robomaker_warehouse_TrashCanC_01/meshes\n'}
[0.235878] (bcr_bot) StdoutLine: {'line': b'-- Up-to-date: /root/ros2_ws/install/bcr_bot/share/bcr_bot//models/aws_robomaker_warehouse_TrashCanC_01/meshes/aws_robomaker_warehouse_TrashCanC_01_collision.DAE\n'}
[0.236766] (bcr_bot) StdoutLine: {'line': b'-- Up-to-date: /root/ros2_ws/install/bcr_bot/share/bcr_bot//models/aws_robomaker_warehouse_TrashCanC_01/meshes/aws_robomaker_warehouse_TrashCanC_01_visual.DAE\n'}
[0.237613] (bcr_bot) StdoutLine: {'line': b'-- Up-to-date: /root/ros2_ws/install/bcr_bot/share/bcr_bot//models/aws_robomaker_warehouse_TrashCanC_01/model.config\n'}
[0.238378] (bcr_bot) StdoutLine: {'line': b'-- Up-to-date: /root/ros2_ws/install/bcr_bot/share/bcr_bot//models/aws_robomaker_warehouse_TrashCanC_01/model.sdf\n'}
[0.239047] (bcr_bot) StdoutLine: {'line': b'-- Up-to-date: /root/ros2_ws/install/bcr_bot/share/bcr_bot//models/aws_robomaker_warehouse_WallB_01\n'}
[0.239995] (bcr_bot) StdoutLine: {'line': b'-- Up-to-date: /root/ros2_ws/install/bcr_bot/share/bcr_bot//models/aws_robomaker_warehouse_WallB_01/materials\n'}
[0.241091] (bcr_bot) StdoutLine: {'line': b'-- Up-to-date: /root/ros2_ws/install/bcr_bot/share/bcr_bot//models/aws_robomaker_warehouse_WallB_01/materials/textures\n'}
[0.243156] (bcr_bot) StdoutLine: {'line': b'-- Up-to-date: /root/ros2_ws/install/bcr_bot/share/bcr_bot//models/aws_robomaker_warehouse_WallB_01/materials/textures/aws_robomaker_warehouse_WallB_01.png\n'}
[0.243775] (bcr_bot) StdoutLine: {'line': b'-- Up-to-date: /root/ros2_ws/install/bcr_bot/share/bcr_bot//models/aws_robomaker_warehouse_WallB_01/meshes\n'}
[0.244983] (bcr_bot) StdoutLine: {'line': b'-- Up-to-date: /root/ros2_ws/install/bcr_bot/share/bcr_bot//models/aws_robomaker_warehouse_WallB_01/meshes/aws_robomaker_warehouse_WallB_01_collision.DAE\n'}
[0.245895] (bcr_bot) StdoutLine: {'line': b'-- Up-to-date: /root/ros2_ws/install/bcr_bot/share/bcr_bot//models/aws_robomaker_warehouse_WallB_01/meshes/aws_robomaker_warehouse_WallB_01_visual.DAE\n'}
[0.246704] (bcr_bot) StdoutLine: {'line': b'-- Up-to-date: /root/ros2_ws/install/bcr_bot/share/bcr_bot//models/aws_robomaker_warehouse_WallB_01/model.config\n'}
[0.247487] (bcr_bot) StdoutLine: {'line': b'-- Up-to-date: /root/ros2_ws/install/bcr_bot/share/bcr_bot//models/aws_robomaker_warehouse_WallB_01/model.sdf\n'}
[0.248052] (bcr_bot) StdoutLine: {'line': b'-- Up-to-date: /root/ros2_ws/install/bcr_bot/share/bcr_bot//urdf\n'}
[0.248994] (bcr_bot) StdoutLine: {'line': b'-- Up-to-date: /root/ros2_ws/install/bcr_bot/share/bcr_bot//urdf/bcr_bot.xacro\n'}
[0.249680] (bcr_bot) StdoutLine: {'line': b'-- Up-to-date: /root/ros2_ws/install/bcr_bot/share/bcr_bot//urdf/gazebo.xacro\n'}
[0.250395] (bcr_bot) StdoutLine: {'line': b'-- Up-to-date: /root/ros2_ws/install/bcr_bot/share/bcr_bot//urdf/gz.xacro\n'}
[0.251084] (bcr_bot) StdoutLine: {'line': b'-- Up-to-date: /root/ros2_ws/install/bcr_bot/share/bcr_bot//urdf/ign.xacro\n'}
[0.251781] (bcr_bot) StdoutLine: {'line': b'-- Up-to-date: /root/ros2_ws/install/bcr_bot/share/bcr_bot//urdf/macros.xacro\n'}
[0.252509] (bcr_bot) StdoutLine: {'line': b'-- Up-to-date: /root/ros2_ws/install/bcr_bot/share/bcr_bot//urdf/materials.xacro\n'}
[0.253081] (bcr_bot) StdoutLine: {'line': b'-- Up-to-date: /root/ros2_ws/install/bcr_bot/share/bcr_bot//worlds\n'}
[0.254035] (bcr_bot) StdoutLine: {'line': b'-- Up-to-date: /root/ros2_ws/install/bcr_bot/share/bcr_bot//worlds/empty.sdf\n'}
[0.254725] (bcr_bot) StdoutLine: {'line': b'-- Up-to-date: /root/ros2_ws/install/bcr_bot/share/bcr_bot//worlds/small_warehouse.sdf\n'}
[0.255254] (bcr_bot) StdoutLine: {'line': b'-- Up-to-date: /root/ros2_ws/install/bcr_bot/share/bcr_bot//rviz\n'}
[0.256192] (bcr_bot) StdoutLine: {'line': b'-- Up-to-date: /root/ros2_ws/install/bcr_bot/share/bcr_bot//rviz/entire_setup.rviz\n'}
[0.256895] (bcr_bot) StdoutLine: {'line': b'-- Up-to-date: /root/ros2_ws/install/bcr_bot/share/bcr_bot//rviz/map.rviz\n'}
[0.257491] (bcr_bot) StdoutLine: {'line': b'-- Up-to-date: /root/ros2_ws/install/bcr_bot/share/bcr_bot/config\n'}
[0.258511] (bcr_bot) StdoutLine: {'line': b'-- Up-to-date: /root/ros2_ws/install/bcr_bot/share/bcr_bot/config/bcr_map.pgm\n'}
[0.259606] (bcr_bot) StdoutLine: {'line': b'-- Up-to-date: /root/ros2_ws/install/bcr_bot/share/bcr_bot/config/bcr_map.yaml\n'}
[0.260271] (bcr_bot) StdoutLine: {'line': b'-- Up-to-date: /root/ros2_ws/install/bcr_bot/share/bcr_bot/config/mapper_params_online_async.yaml\n'}
[0.260915] (bcr_bot) StdoutLine: {'line': b'-- Installing: /root/ros2_ws/install/bcr_bot/share/bcr_bot/config/nav2_params.yaml\n'}
[0.263919] (bcr_bot) StdoutLine: {'line': b'-- Up-to-date: /root/ros2_ws/install/bcr_bot/lib/bcr_bot/remapper.py\n'}
[0.265271] (bcr_bot) StdoutLine: {'line': b'-- Up-to-date: /root/ros2_ws/install/bcr_bot/share/ament_index/resource_index/package_run_dependencies/bcr_bot\n'}
[0.266521] (bcr_bot) StdoutLine: {'line': b'-- Up-to-date: /root/ros2_ws/install/bcr_bot/share/ament_index/resource_index/parent_prefix_path/bcr_bot\n'}
[0.267113] (bcr_bot) StdoutLine: {'line': b'-- Up-to-date: /root/ros2_ws/install/bcr_bot/share/bcr_bot/environment/ament_prefix_path.sh\n'}
[0.268094] (bcr_bot) StdoutLine: {'line': b'-- Up-to-date: /root/ros2_ws/install/bcr_bot/share/bcr_bot/environment/ament_prefix_path.dsv\n'}
[0.268652] (bcr_bot) StdoutLine: {'line': b'-- Up-to-date: /root/ros2_ws/install/bcr_bot/share/bcr_bot/environment/path.sh\n'}
[0.269530] (bcr_bot) StdoutLine: {'line': b'-- Up-to-date: /root/ros2_ws/install/bcr_bot/share/bcr_bot/environment/path.dsv\n'}
[0.270307] (bcr_bot) StdoutLine: {'line': b'-- Up-to-date: /root/ros2_ws/install/bcr_bot/share/bcr_bot/local_setup.bash\n'}
[0.271061] (bcr_bot) StdoutLine: {'line': b'-- Up-to-date: /root/ros2_ws/install/bcr_bot/share/bcr_bot/local_setup.sh\n'}
[0.271836] (bcr_bot) StdoutLine: {'line': b'-- Up-to-date: /root/ros2_ws/install/bcr_bot/share/bcr_bot/local_setup.zsh\n'}
[0.272599] (bcr_bot) StdoutLine: {'line': b'-- Up-to-date: /root/ros2_ws/install/bcr_bot/share/bcr_bot/local_setup.dsv\n'}
[0.273424] (bcr_bot) StdoutLine: {'line': b'-- Up-to-date: /root/ros2_ws/install/bcr_bot/share/bcr_bot/package.dsv\n'}
[0.274568] (bcr_bot) StdoutLine: {'line': b'-- Up-to-date: /root/ros2_ws/install/bcr_bot/share/ament_index/resource_index/packages/bcr_bot\n'}
[0.275718] (bcr_bot) StdoutLine: {'line': b'-- Up-to-date: /root/ros2_ws/install/bcr_bot/share/bcr_bot/cmake/bcr_botConfig.cmake\n'}
[0.276516] (bcr_bot) StdoutLine: {'line': b'-- Up-to-date: /root/ros2_ws/install/bcr_bot/share/bcr_bot/cmake/bcr_botConfig-version.cmake\n'}
[0.277265] (bcr_bot) StdoutLine: {'line': b'-- Up-to-date: /root/ros2_ws/install/bcr_bot/share/bcr_bot/package.xml\n'}
[0.279521] (bcr_bot) CommandEnded: {'returncode': 0}
[0.299485] (-) TimerEvent: {}
[0.324459] (bcr_bot) JobEnded: {'identifier': 'bcr_bot', 'rc': 0}
[0.327337] (-) EventReactorShutdown: {}
