[0.020s] Invoking command in '/root/ros2_ws/build/bcr_bot': CMAKE_PREFIX_PATH=/opt/ros/humble /usr/bin/cmake /root/ros2_ws/src/bcr_bot -DCMAKE_INSTALL_PREFIX=/root/ros2_ws/install/bcr_bot
[0.127s] -- The C compiler identification is GNU 11.4.0
[0.229s] -- The CXX compiler identification is GNU 11.4.0
[0.248s] -- Detecting C compiler ABI info
[0.365s] -- Detecting C compiler ABI info - done
[0.373s] -- Check for working C compiler: /usr/bin/cc - skipped
[0.374s] -- Detecting C compile features
[0.374s] -- Detecting C compile features - done
[0.381s] -- Detecting CXX compiler ABI info
[0.512s] -- Detecting CXX compiler ABI info - done
[0.532s] -- Check for working CXX compiler: /usr/bin/c++ - skipped
[0.533s] -- Detecting CXX compile features
[0.533s] -- Detecting CXX compile features - done
[0.549s] -- Found ament_cmake: 1.3.11 (/opt/ros/humble/share/ament_cmake/cmake)
[0.713s] -- Found Python3: /usr/bin/python3 (found version "3.10.12") found components: Interpreter 
[0.921s] -- Configuring done
[0.964s] -- Generating done
[0.985s] -- Build files have been written to: /root/ros2_ws/build/bcr_bot
[0.991s] Invoked command in '/root/ros2_ws/build/bcr_bot' returned '0': CMAKE_PREFIX_PATH=/opt/ros/humble /usr/bin/cmake /root/ros2_ws/src/bcr_bot -DCMAKE_INSTALL_PREFIX=/root/ros2_ws/install/bcr_bot
[0.994s] Invoking command in '/root/ros2_ws/build/bcr_bot': CMAKE_PREFIX_PATH=/opt/ros/humble /usr/bin/cmake --build /root/ros2_ws/build/bcr_bot -- -j4 -l4
[1.035s] Invoked command in '/root/ros2_ws/build/bcr_bot' returned '0': CMAKE_PREFIX_PATH=/opt/ros/humble /usr/bin/cmake --build /root/ros2_ws/build/bcr_bot -- -j4 -l4
[1.045s] Invoking command in '/root/ros2_ws/build/bcr_bot': CMAKE_PREFIX_PATH=/opt/ros/humble /usr/bin/cmake --install /root/ros2_ws/build/bcr_bot
[1.052s] -- Install configuration: ""
[1.052s] -- Installing: /root/ros2_ws/install/bcr_bot/share/bcr_bot//launch
[1.054s] -- Installing: /root/ros2_ws/install/bcr_bot/share/bcr_bot//launch/bcr_bot_gazebo_spawn.launch.py
[1.058s] -- Installing: /root/ros2_ws/install/bcr_bot/share/bcr_bot//launch/bcr_bot_gz_spawn.launch.py
[1.061s] -- Installing: /root/ros2_ws/install/bcr_bot/share/bcr_bot//launch/bcr_bot_ign_spawn.launch.py
[1.065s] -- Installing: /root/ros2_ws/install/bcr_bot/share/bcr_bot//launch/gazebo.launch.py
[1.068s] -- Installing: /root/ros2_ws/install/bcr_bot/share/bcr_bot//launch/gz.launch.py
[1.072s] -- Installing: /root/ros2_ws/install/bcr_bot/share/bcr_bot//launch/ign.launch.py
[1.076s] -- Installing: /root/ros2_ws/install/bcr_bot/share/bcr_bot//launch/mapping.launch.py
[1.081s] -- Installing: /root/ros2_ws/install/bcr_bot/share/bcr_bot//launch/nav2.launch.py
[1.085s] -- Installing: /root/ros2_ws/install/bcr_bot/share/bcr_bot//launch/rviz.launch.py
[1.089s] -- Installing: /root/ros2_ws/install/bcr_bot/share/bcr_bot//meshes
[1.090s] -- Installing: /root/ros2_ws/install/bcr_bot/share/bcr_bot//meshes/bcr_bot_mesh.dae
[1.116s] -- Installing: /root/ros2_ws/install/bcr_bot/share/bcr_bot//meshes/kinect
[1.118s] -- Installing: /root/ros2_ws/install/bcr_bot/share/bcr_bot//meshes/kinect/d415.dae
[1.125s] -- Installing: /root/ros2_ws/install/bcr_bot/share/bcr_bot//meshes/kinect/kinect.dae
[1.139s] -- Installing: /root/ros2_ws/install/bcr_bot/share/bcr_bot//meshes/kinect/kinect.jpg
[1.143s] -- Installing: /root/ros2_ws/install/bcr_bot/share/bcr_bot//meshes/kinect/kinect.tga
[1.147s] -- Installing: /root/ros2_ws/install/bcr_bot/share/bcr_bot//meshes/logo.png
[1.151s] -- Installing: /root/ros2_ws/install/bcr_bot/share/bcr_bot//meshes/realsense_texture.png
[1.154s] -- Installing: /root/ros2_ws/install/bcr_bot/share/bcr_bot//models
[1.155s] -- Installing: /root/ros2_ws/install/bcr_bot/share/bcr_bot//models/aws_robomaker_warehouse_Bucket_01
[1.157s] -- Installing: /root/ros2_ws/install/bcr_bot/share/bcr_bot//models/aws_robomaker_warehouse_Bucket_01/.DS_Store
[1.161s] -- Installing: /root/ros2_ws/install/bcr_bot/share/bcr_bot//models/aws_robomaker_warehouse_Bucket_01/materials
[1.164s] -- Installing: /root/ros2_ws/install/bcr_bot/share/bcr_bot//models/aws_robomaker_warehouse_Bucket_01/materials/.DS_Store
[1.168s] -- Installing: /root/ros2_ws/install/bcr_bot/share/bcr_bot//models/aws_robomaker_warehouse_Bucket_01/materials/textures
[1.170s] -- Installing: /root/ros2_ws/install/bcr_bot/share/bcr_bot//models/aws_robomaker_warehouse_Bucket_01/materials/textures/aws_robomaker_warehouse_Bucket_01.png
[1.178s] -- Installing: /root/ros2_ws/install/bcr_bot/share/bcr_bot//models/aws_robomaker_warehouse_Bucket_01/meshes
[1.180s] -- Installing: /root/ros2_ws/install/bcr_bot/share/bcr_bot//models/aws_robomaker_warehouse_Bucket_01/meshes/aws_robomaker_warehouse_Bucket_01_collision.DAE
[1.184s] -- Installing: /root/ros2_ws/install/bcr_bot/share/bcr_bot//models/aws_robomaker_warehouse_Bucket_01/meshes/aws_robomaker_warehouse_Bucket_01_visual.DAE
[1.189s] -- Installing: /root/ros2_ws/install/bcr_bot/share/bcr_bot//models/aws_robomaker_warehouse_Bucket_01/model.config
[1.193s] -- Installing: /root/ros2_ws/install/bcr_bot/share/bcr_bot//models/aws_robomaker_warehouse_Bucket_01/model.sdf
[1.197s] -- Installing: /root/ros2_ws/install/bcr_bot/share/bcr_bot//models/aws_robomaker_warehouse_ClutteringA_01
[1.198s] -- Installing: /root/ros2_ws/install/bcr_bot/share/bcr_bot//models/aws_robomaker_warehouse_ClutteringA_01/.DS_Store
[1.202s] -- Installing: /root/ros2_ws/install/bcr_bot/share/bcr_bot//models/aws_robomaker_warehouse_ClutteringA_01/materials
[1.205s] -- Installing: /root/ros2_ws/install/bcr_bot/share/bcr_bot//models/aws_robomaker_warehouse_ClutteringA_01/materials/.DS_Store
[1.208s] -- Installing: /root/ros2_ws/install/bcr_bot/share/bcr_bot//models/aws_robomaker_warehouse_ClutteringA_01/materials/textures
[1.210s] -- Installing: /root/ros2_ws/install/bcr_bot/share/bcr_bot//models/aws_robomaker_warehouse_ClutteringA_01/materials/textures/.DS_Store
[1.213s] -- Installing: /root/ros2_ws/install/bcr_bot/share/bcr_bot//models/aws_robomaker_warehouse_ClutteringA_01/materials/textures/aws_robomaker_warehouse_ClutteringA_01.png
[1.219s] -- Installing: /root/ros2_ws/install/bcr_bot/share/bcr_bot//models/aws_robomaker_warehouse_ClutteringA_01/materials/textures/aws_robomaker_warehouse_ClutteringA_02.png
[1.224s] -- Installing: /root/ros2_ws/install/bcr_bot/share/bcr_bot//models/aws_robomaker_warehouse_ClutteringA_01/materials/textures/aws_robomaker_warehouse_ClutteringA_03.png
[1.231s] -- Installing: /root/ros2_ws/install/bcr_bot/share/bcr_bot//models/aws_robomaker_warehouse_ClutteringA_01/meshes
[1.232s] -- Installing: /root/ros2_ws/install/bcr_bot/share/bcr_bot//models/aws_robomaker_warehouse_ClutteringA_01/meshes/aws_robomaker_warehouse_ClutteringA_01_collision.DAE
[1.235s] -- Installing: /root/ros2_ws/install/bcr_bot/share/bcr_bot//models/aws_robomaker_warehouse_ClutteringA_01/meshes/aws_robomaker_warehouse_ClutteringA_01_visual.DAE
[1.239s] -- Installing: /root/ros2_ws/install/bcr_bot/share/bcr_bot//models/aws_robomaker_warehouse_ClutteringA_01/model.config
[1.243s] -- Installing: /root/ros2_ws/install/bcr_bot/share/bcr_bot//models/aws_robomaker_warehouse_ClutteringA_01/model.sdf
[1.246s] -- Installing: /root/ros2_ws/install/bcr_bot/share/bcr_bot//models/aws_robomaker_warehouse_ClutteringC_01
[1.248s] -- Installing: /root/ros2_ws/install/bcr_bot/share/bcr_bot//models/aws_robomaker_warehouse_ClutteringC_01/materials
[1.250s] -- Installing: /root/ros2_ws/install/bcr_bot/share/bcr_bot//models/aws_robomaker_warehouse_ClutteringC_01/materials/textures
[1.252s] -- Installing: /root/ros2_ws/install/bcr_bot/share/bcr_bot//models/aws_robomaker_warehouse_ClutteringC_01/materials/textures/aws_robomaker_warehouse_ClutteringC_01.png
[1.260s] -- Installing: /root/ros2_ws/install/bcr_bot/share/bcr_bot//models/aws_robomaker_warehouse_ClutteringC_01/materials/textures/aws_robomaker_warehouse_ClutteringC_02.png
[1.267s] -- Installing: /root/ros2_ws/install/bcr_bot/share/bcr_bot//models/aws_robomaker_warehouse_ClutteringC_01/meshes
[1.269s] -- Installing: /root/ros2_ws/install/bcr_bot/share/bcr_bot//models/aws_robomaker_warehouse_ClutteringC_01/meshes/aws_robomaker_warehouse_ClutteringC_01_collision.DAE
[1.273s] -- Installing: /root/ros2_ws/install/bcr_bot/share/bcr_bot//models/aws_robomaker_warehouse_ClutteringC_01/meshes/aws_robomaker_warehouse_ClutteringC_01_visual.DAE
[1.278s] -- Installing: /root/ros2_ws/install/bcr_bot/share/bcr_bot//models/aws_robomaker_warehouse_ClutteringC_01/model.config
[1.282s] -- Installing: /root/ros2_ws/install/bcr_bot/share/bcr_bot//models/aws_robomaker_warehouse_ClutteringC_01/model.sdf
[1.286s] -- Installing: /root/ros2_ws/install/bcr_bot/share/bcr_bot//models/aws_robomaker_warehouse_ClutteringD_01
[1.287s] -- Installing: /root/ros2_ws/install/bcr_bot/share/bcr_bot//models/aws_robomaker_warehouse_ClutteringD_01/materials
[1.289s] -- Installing: /root/ros2_ws/install/bcr_bot/share/bcr_bot//models/aws_robomaker_warehouse_ClutteringD_01/materials/textures
[1.292s] -- Installing: /root/ros2_ws/install/bcr_bot/share/bcr_bot//models/aws_robomaker_warehouse_ClutteringD_01/materials/textures/aws_robomaker_warehouse_ClutteringD_01.png
[1.299s] -- Installing: /root/ros2_ws/install/bcr_bot/share/bcr_bot//models/aws_robomaker_warehouse_ClutteringD_01/materials/textures/aws_robomaker_warehouse_ClutteringD_02.png
[1.306s] -- Installing: /root/ros2_ws/install/bcr_bot/share/bcr_bot//models/aws_robomaker_warehouse_ClutteringD_01/meshes
[1.309s] -- Installing: /root/ros2_ws/install/bcr_bot/share/bcr_bot//models/aws_robomaker_warehouse_ClutteringD_01/meshes/aws_robomaker_warehouse_ClutteringD_01_collision.DAE
[1.314s] -- Installing: /root/ros2_ws/install/bcr_bot/share/bcr_bot//models/aws_robomaker_warehouse_ClutteringD_01/meshes/aws_robomaker_warehouse_ClutteringD_01_visual.DAE
[1.320s] -- Installing: /root/ros2_ws/install/bcr_bot/share/bcr_bot//models/aws_robomaker_warehouse_ClutteringD_01/model.config
[1.325s] -- Installing: /root/ros2_ws/install/bcr_bot/share/bcr_bot//models/aws_robomaker_warehouse_ClutteringD_01/model.sdf
[1.329s] -- Installing: /root/ros2_ws/install/bcr_bot/share/bcr_bot//models/aws_robomaker_warehouse_DeskC_01
[1.330s] -- Installing: /root/ros2_ws/install/bcr_bot/share/bcr_bot//models/aws_robomaker_warehouse_DeskC_01/materials
[1.332s] -- Installing: /root/ros2_ws/install/bcr_bot/share/bcr_bot//models/aws_robomaker_warehouse_DeskC_01/materials/.DS_Store
[1.336s] -- Installing: /root/ros2_ws/install/bcr_bot/share/bcr_bot//models/aws_robomaker_warehouse_DeskC_01/materials/textures
[1.338s] -- Installing: /root/ros2_ws/install/bcr_bot/share/bcr_bot//models/aws_robomaker_warehouse_DeskC_01/materials/textures/aws_robomaker_warehouse_DeskC_01.png
[1.353s] -- Installing: /root/ros2_ws/install/bcr_bot/share/bcr_bot//models/aws_robomaker_warehouse_DeskC_01/materials/textures/aws_robomaker_warehouse_DeskC_02.png
[1.361s] -- Installing: /root/ros2_ws/install/bcr_bot/share/bcr_bot//models/aws_robomaker_warehouse_DeskC_01/materials/textures/aws_robomaker_warehouse_DeskC_03.png
[1.370s] -- Installing: /root/ros2_ws/install/bcr_bot/share/bcr_bot//models/aws_robomaker_warehouse_DeskC_01/materials/textures/aws_robomaker_warehouse_DeskC_03.psd
[1.407s] -- Installing: /root/ros2_ws/install/bcr_bot/share/bcr_bot//models/aws_robomaker_warehouse_DeskC_01/materials/textures/aws_robomaker_warehouse_DeskC_04.png
[1.412s] -- Installing: /root/ros2_ws/install/bcr_bot/share/bcr_bot//models/aws_robomaker_warehouse_DeskC_01/meshes
[1.414s] -- Installing: /root/ros2_ws/install/bcr_bot/share/bcr_bot//models/aws_robomaker_warehouse_DeskC_01/meshes/aws_robomaker_warehouse_DeskC_01_collision.DAE
[1.418s] -- Installing: /root/ros2_ws/install/bcr_bot/share/bcr_bot//models/aws_robomaker_warehouse_DeskC_01/meshes/aws_robomaker_warehouse_DeskC_01_visual.DAE
[1.425s] -- Installing: /root/ros2_ws/install/bcr_bot/share/bcr_bot//models/aws_robomaker_warehouse_DeskC_01/model.config
[1.429s] -- Installing: /root/ros2_ws/install/bcr_bot/share/bcr_bot//models/aws_robomaker_warehouse_DeskC_01/model.sdf
[1.433s] -- Installing: /root/ros2_ws/install/bcr_bot/share/bcr_bot//models/aws_robomaker_warehouse_GroundB_01
[1.435s] -- Installing: /root/ros2_ws/install/bcr_bot/share/bcr_bot//models/aws_robomaker_warehouse_GroundB_01/materials
[1.437s] -- Installing: /root/ros2_ws/install/bcr_bot/share/bcr_bot//models/aws_robomaker_warehouse_GroundB_01/materials/textures
[1.439s] -- Installing: /root/ros2_ws/install/bcr_bot/share/bcr_bot//models/aws_robomaker_warehouse_GroundB_01/materials/textures/aws_robomaker_warehouse_GroundB_01.png
[1.469s] -- Installing: /root/ros2_ws/install/bcr_bot/share/bcr_bot//models/aws_robomaker_warehouse_GroundB_01/materials/textures/aws_robomaker_warehouse_GroundB_02.png
[1.476s] -- Installing: /root/ros2_ws/install/bcr_bot/share/bcr_bot//models/aws_robomaker_warehouse_GroundB_01/meshes
[1.479s] -- Installing: /root/ros2_ws/install/bcr_bot/share/bcr_bot//models/aws_robomaker_warehouse_GroundB_01/meshes/aws_robomaker_warehouse_GroundB_01_collision.DAE
[1.485s] -- Installing: /root/ros2_ws/install/bcr_bot/share/bcr_bot//models/aws_robomaker_warehouse_GroundB_01/meshes/aws_robomaker_warehouse_GroundB_01_visual.DAE
[1.492s] -- Installing: /root/ros2_ws/install/bcr_bot/share/bcr_bot//models/aws_robomaker_warehouse_GroundB_01/model.config
[1.497s] -- Installing: /root/ros2_ws/install/bcr_bot/share/bcr_bot//models/aws_robomaker_warehouse_GroundB_01/model.sdf
[1.502s] -- Installing: /root/ros2_ws/install/bcr_bot/share/bcr_bot//models/aws_robomaker_warehouse_Lamp_01
[1.504s] -- Installing: /root/ros2_ws/install/bcr_bot/share/bcr_bot//models/aws_robomaker_warehouse_Lamp_01/materials
[1.507s] -- Installing: /root/ros2_ws/install/bcr_bot/share/bcr_bot//models/aws_robomaker_warehouse_Lamp_01/materials/textures
[1.510s] -- Installing: /root/ros2_ws/install/bcr_bot/share/bcr_bot//models/aws_robomaker_warehouse_Lamp_01/materials/textures/aws_robomaker_warehouse_Lamp_01.png
[1.516s] -- Installing: /root/ros2_ws/install/bcr_bot/share/bcr_bot//models/aws_robomaker_warehouse_Lamp_01/meshes
[1.519s] -- Installing: /root/ros2_ws/install/bcr_bot/share/bcr_bot//models/aws_robomaker_warehouse_Lamp_01/meshes/aws_robomaker_warehouse_Lamp_01_collision.DAE
[1.525s] -- Installing: /root/ros2_ws/install/bcr_bot/share/bcr_bot//models/aws_robomaker_warehouse_Lamp_01/meshes/aws_robomaker_warehouse_Lamp_01_visual.DAE
[1.532s] -- Installing: /root/ros2_ws/install/bcr_bot/share/bcr_bot//models/aws_robomaker_warehouse_Lamp_01/model.config
[1.536s] -- Installing: /root/ros2_ws/install/bcr_bot/share/bcr_bot//models/aws_robomaker_warehouse_Lamp_01/model.sdf
[1.540s] -- Installing: /root/ros2_ws/install/bcr_bot/share/bcr_bot//models/aws_robomaker_warehouse_PalletJackB_01
[1.541s] -- Installing: /root/ros2_ws/install/bcr_bot/share/bcr_bot//models/aws_robomaker_warehouse_PalletJackB_01/.DS_Store
[1.545s] -- Installing: /root/ros2_ws/install/bcr_bot/share/bcr_bot//models/aws_robomaker_warehouse_PalletJackB_01/materials
[1.547s] -- Installing: /root/ros2_ws/install/bcr_bot/share/bcr_bot//models/aws_robomaker_warehouse_PalletJackB_01/materials/.DS_Store
[1.551s] -- Installing: /root/ros2_ws/install/bcr_bot/share/bcr_bot//models/aws_robomaker_warehouse_PalletJackB_01/materials/textures
[1.553s] -- Installing: /root/ros2_ws/install/bcr_bot/share/bcr_bot//models/aws_robomaker_warehouse_PalletJackB_01/materials/textures/aws_robomaker_warehouse_PalletJackB_01.png
[1.565s] -- Installing: /root/ros2_ws/install/bcr_bot/share/bcr_bot//models/aws_robomaker_warehouse_PalletJackB_01/materials/textures/aws_robomaker_warehouse_PalletJackB_02.png
[1.569s] -- Installing: /root/ros2_ws/install/bcr_bot/share/bcr_bot//models/aws_robomaker_warehouse_PalletJackB_01/meshes
[1.572s] -- Installing: /root/ros2_ws/install/bcr_bot/share/bcr_bot//models/aws_robomaker_warehouse_PalletJackB_01/meshes/aws_robomaker_warehouse_PalletJackB_01_collision.DAE
[1.577s] -- Installing: /root/ros2_ws/install/bcr_bot/share/bcr_bot//models/aws_robomaker_warehouse_PalletJackB_01/meshes/aws_robomaker_warehouse_PalletJackB_01_visual.DAE
[1.587s] -- Installing: /root/ros2_ws/install/bcr_bot/share/bcr_bot//models/aws_robomaker_warehouse_PalletJackB_01/model.config
[1.590s] -- Installing: /root/ros2_ws/install/bcr_bot/share/bcr_bot//models/aws_robomaker_warehouse_PalletJackB_01/model.sdf
[1.595s] -- Installing: /root/ros2_ws/install/bcr_bot/share/bcr_bot//models/aws_robomaker_warehouse_RoofB_01
[1.597s] -- Installing: /root/ros2_ws/install/bcr_bot/share/bcr_bot//models/aws_robomaker_warehouse_RoofB_01/materials
[1.599s] -- Installing: /root/ros2_ws/install/bcr_bot/share/bcr_bot//models/aws_robomaker_warehouse_RoofB_01/materials/textures
[1.601s] -- Installing: /root/ros2_ws/install/bcr_bot/share/bcr_bot//models/aws_robomaker_warehouse_RoofB_01/materials/textures/aws_robomaker_warehouse_RoofB_01.png
[1.607s] -- Installing: /root/ros2_ws/install/bcr_bot/share/bcr_bot//models/aws_robomaker_warehouse_RoofB_01/meshes
[1.609s] -- Installing: /root/ros2_ws/install/bcr_bot/share/bcr_bot//models/aws_robomaker_warehouse_RoofB_01/meshes/aws_robomaker_warehouse_RoofB_01_collision.DAE
[1.614s] -- Installing: /root/ros2_ws/install/bcr_bot/share/bcr_bot//models/aws_robomaker_warehouse_RoofB_01/meshes/aws_robomaker_warehouse_RoofB_01_visual.DAE
[1.621s] -- Installing: /root/ros2_ws/install/bcr_bot/share/bcr_bot//models/aws_robomaker_warehouse_RoofB_01/model.config
[1.624s] -- Installing: /root/ros2_ws/install/bcr_bot/share/bcr_bot//models/aws_robomaker_warehouse_RoofB_01/model.sdf
[1.627s] -- Installing: /root/ros2_ws/install/bcr_bot/share/bcr_bot//models/aws_robomaker_warehouse_ShelfD_01
[1.629s] -- Installing: /root/ros2_ws/install/bcr_bot/share/bcr_bot//models/aws_robomaker_warehouse_ShelfD_01/materials
[1.631s] -- Installing: /root/ros2_ws/install/bcr_bot/share/bcr_bot//models/aws_robomaker_warehouse_ShelfD_01/materials/textures
[1.633s] -- Installing: /root/ros2_ws/install/bcr_bot/share/bcr_bot//models/aws_robomaker_warehouse_ShelfD_01/materials/textures/aws_robomaker_warehouse_ShelfD_01.png
[1.637s] -- Installing: /root/ros2_ws/install/bcr_bot/share/bcr_bot//models/aws_robomaker_warehouse_ShelfD_01/materials/textures/aws_robomaker_warehouse_ShelfD_02.png
[1.644s] -- Installing: /root/ros2_ws/install/bcr_bot/share/bcr_bot//models/aws_robomaker_warehouse_ShelfD_01/materials/textures/aws_robomaker_warehouse_ShelfD_03.png
[1.655s] -- Installing: /root/ros2_ws/install/bcr_bot/share/bcr_bot//models/aws_robomaker_warehouse_ShelfD_01/materials/textures/aws_robomaker_warehouse_ShelfD_04.png
[1.667s] -- Installing: /root/ros2_ws/install/bcr_bot/share/bcr_bot//models/aws_robomaker_warehouse_ShelfD_01/meshes
[1.670s] -- Installing: /root/ros2_ws/install/bcr_bot/share/bcr_bot//models/aws_robomaker_warehouse_ShelfD_01/meshes/aws_robomaker_warehouse_ShelfD_01_collision.DAE
[1.677s] -- Installing: /root/ros2_ws/install/bcr_bot/share/bcr_bot//models/aws_robomaker_warehouse_ShelfD_01/meshes/aws_robomaker_warehouse_ShelfD_01_visual.DAE
[1.685s] -- Installing: /root/ros2_ws/install/bcr_bot/share/bcr_bot//models/aws_robomaker_warehouse_ShelfD_01/model.config
[1.690s] -- Installing: /root/ros2_ws/install/bcr_bot/share/bcr_bot//models/aws_robomaker_warehouse_ShelfD_01/model.sdf
[1.696s] -- Installing: /root/ros2_ws/install/bcr_bot/share/bcr_bot//models/aws_robomaker_warehouse_ShelfE_01
[1.698s] -- Installing: /root/ros2_ws/install/bcr_bot/share/bcr_bot//models/aws_robomaker_warehouse_ShelfE_01/.DS_Store
[1.703s] -- Installing: /root/ros2_ws/install/bcr_bot/share/bcr_bot//models/aws_robomaker_warehouse_ShelfE_01/materials
[1.706s] -- Installing: /root/ros2_ws/install/bcr_bot/share/bcr_bot//models/aws_robomaker_warehouse_ShelfE_01/materials/.DS_Store
[1.712s] -- Installing: /root/ros2_ws/install/bcr_bot/share/bcr_bot//models/aws_robomaker_warehouse_ShelfE_01/materials/textures
[1.715s] -- Installing: /root/ros2_ws/install/bcr_bot/share/bcr_bot//models/aws_robomaker_warehouse_ShelfE_01/materials/textures/aws_robomaker_warehouse_ShelfE_01.png
[1.722s] -- Installing: /root/ros2_ws/install/bcr_bot/share/bcr_bot//models/aws_robomaker_warehouse_ShelfE_01/materials/textures/aws_robomaker_warehouse_ShelfE_02.png
[1.732s] -- Installing: /root/ros2_ws/install/bcr_bot/share/bcr_bot//models/aws_robomaker_warehouse_ShelfE_01/materials/textures/aws_robomaker_warehouse_ShelfE_03.png
[1.742s] -- Installing: /root/ros2_ws/install/bcr_bot/share/bcr_bot//models/aws_robomaker_warehouse_ShelfE_01/materials/textures/aws_robomaker_warehouse_ShelfE_04.png
[1.754s] -- Installing: /root/ros2_ws/install/bcr_bot/share/bcr_bot//models/aws_robomaker_warehouse_ShelfE_01/meshes
[1.757s] -- Installing: /root/ros2_ws/install/bcr_bot/share/bcr_bot//models/aws_robomaker_warehouse_ShelfE_01/meshes/aws_robomaker_warehouse_ShelfE_01_collision.DAE
[1.763s] -- Installing: /root/ros2_ws/install/bcr_bot/share/bcr_bot//models/aws_robomaker_warehouse_ShelfE_01/meshes/aws_robomaker_warehouse_ShelfE_01_visual.DAE
[1.771s] -- Installing: /root/ros2_ws/install/bcr_bot/share/bcr_bot//models/aws_robomaker_warehouse_ShelfE_01/model.config
[1.776s] -- Installing: /root/ros2_ws/install/bcr_bot/share/bcr_bot//models/aws_robomaker_warehouse_ShelfE_01/model.sdf
[1.781s] -- Installing: /root/ros2_ws/install/bcr_bot/share/bcr_bot//models/aws_robomaker_warehouse_ShelfF_01
[1.783s] -- Installing: /root/ros2_ws/install/bcr_bot/share/bcr_bot//models/aws_robomaker_warehouse_ShelfF_01/materials
[1.785s] -- Installing: /root/ros2_ws/install/bcr_bot/share/bcr_bot//models/aws_robomaker_warehouse_ShelfF_01/materials/textures
[1.788s] -- Installing: /root/ros2_ws/install/bcr_bot/share/bcr_bot//models/aws_robomaker_warehouse_ShelfF_01/materials/textures/aws_robomaker_warehouse_ShelfF_01.png
[1.793s] -- Installing: /root/ros2_ws/install/bcr_bot/share/bcr_bot//models/aws_robomaker_warehouse_ShelfF_01/materials/textures/aws_robomaker_warehouse_ShelfF_02.png
[1.800s] -- Installing: /root/ros2_ws/install/bcr_bot/share/bcr_bot//models/aws_robomaker_warehouse_ShelfF_01/materials/textures/aws_robomaker_warehouse_ShelfF_03.png
[1.808s] -- Installing: /root/ros2_ws/install/bcr_bot/share/bcr_bot//models/aws_robomaker_warehouse_ShelfF_01/meshes
[1.811s] -- Installing: /root/ros2_ws/install/bcr_bot/share/bcr_bot//models/aws_robomaker_warehouse_ShelfF_01/meshes/aws_robomaker_warehouse_ShelfF_01_collision.DAE
[1.817s] -- Installing: /root/ros2_ws/install/bcr_bot/share/bcr_bot//models/aws_robomaker_warehouse_ShelfF_01/meshes/aws_robomaker_warehouse_ShelfF_01_visual.DAE
[1.829s] -- Installing: /root/ros2_ws/install/bcr_bot/share/bcr_bot//models/aws_robomaker_warehouse_ShelfF_01/model.config
[1.833s] -- Installing: /root/ros2_ws/install/bcr_bot/share/bcr_bot//models/aws_robomaker_warehouse_ShelfF_01/model.sdf
[1.836s] -- Installing: /root/ros2_ws/install/bcr_bot/share/bcr_bot//models/aws_robomaker_warehouse_TrashCanC_01
[1.837s] -- Installing: /root/ros2_ws/install/bcr_bot/share/bcr_bot//models/aws_robomaker_warehouse_TrashCanC_01/materials
[1.839s] -- Installing: /root/ros2_ws/install/bcr_bot/share/bcr_bot//models/aws_robomaker_warehouse_TrashCanC_01/materials/textures
[1.841s] -- Installing: /root/ros2_ws/install/bcr_bot/share/bcr_bot//models/aws_robomaker_warehouse_TrashCanC_01/materials/textures/aws_robomaker_warehouse_TrashCanC_01.png
[1.847s] -- Installing: /root/ros2_ws/install/bcr_bot/share/bcr_bot//models/aws_robomaker_warehouse_TrashCanC_01/meshes
[1.849s] -- Installing: /root/ros2_ws/install/bcr_bot/share/bcr_bot//models/aws_robomaker_warehouse_TrashCanC_01/meshes/aws_robomaker_warehouse_TrashCanC_01_collision.DAE
[1.853s] -- Installing: /root/ros2_ws/install/bcr_bot/share/bcr_bot//models/aws_robomaker_warehouse_TrashCanC_01/meshes/aws_robomaker_warehouse_TrashCanC_01_visual.DAE
[1.858s] -- Installing: /root/ros2_ws/install/bcr_bot/share/bcr_bot//models/aws_robomaker_warehouse_TrashCanC_01/model.config
[1.862s] -- Installing: /root/ros2_ws/install/bcr_bot/share/bcr_bot//models/aws_robomaker_warehouse_TrashCanC_01/model.sdf
[1.865s] -- Installing: /root/ros2_ws/install/bcr_bot/share/bcr_bot//models/aws_robomaker_warehouse_WallB_01
[1.867s] -- Installing: /root/ros2_ws/install/bcr_bot/share/bcr_bot//models/aws_robomaker_warehouse_WallB_01/materials
[1.869s] -- Installing: /root/ros2_ws/install/bcr_bot/share/bcr_bot//models/aws_robomaker_warehouse_WallB_01/materials/textures
[1.871s] -- Installing: /root/ros2_ws/install/bcr_bot/share/bcr_bot//models/aws_robomaker_warehouse_WallB_01/materials/textures/aws_robomaker_warehouse_WallB_01.png
[1.880s] -- Installing: /root/ros2_ws/install/bcr_bot/share/bcr_bot//models/aws_robomaker_warehouse_WallB_01/meshes
[1.882s] -- Installing: /root/ros2_ws/install/bcr_bot/share/bcr_bot//models/aws_robomaker_warehouse_WallB_01/meshes/aws_robomaker_warehouse_WallB_01_collision.DAE
[1.886s] -- Installing: /root/ros2_ws/install/bcr_bot/share/bcr_bot//models/aws_robomaker_warehouse_WallB_01/meshes/aws_robomaker_warehouse_WallB_01_visual.DAE
[1.891s] -- Installing: /root/ros2_ws/install/bcr_bot/share/bcr_bot//models/aws_robomaker_warehouse_WallB_01/model.config
[1.895s] -- Installing: /root/ros2_ws/install/bcr_bot/share/bcr_bot//models/aws_robomaker_warehouse_WallB_01/model.sdf
[1.898s] -- Installing: /root/ros2_ws/install/bcr_bot/share/bcr_bot//urdf
[1.900s] -- Installing: /root/ros2_ws/install/bcr_bot/share/bcr_bot//urdf/bcr_bot.xacro
[1.903s] -- Installing: /root/ros2_ws/install/bcr_bot/share/bcr_bot//urdf/gazebo.xacro
[1.907s] -- Installing: /root/ros2_ws/install/bcr_bot/share/bcr_bot//urdf/gz.xacro
[1.910s] -- Installing: /root/ros2_ws/install/bcr_bot/share/bcr_bot//urdf/ign.xacro
[1.913s] -- Installing: /root/ros2_ws/install/bcr_bot/share/bcr_bot//urdf/macros.xacro
[1.916s] -- Installing: /root/ros2_ws/install/bcr_bot/share/bcr_bot//urdf/materials.xacro
[1.919s] -- Installing: /root/ros2_ws/install/bcr_bot/share/bcr_bot//worlds
[1.921s] -- Installing: /root/ros2_ws/install/bcr_bot/share/bcr_bot//worlds/empty.sdf
[1.924s] -- Installing: /root/ros2_ws/install/bcr_bot/share/bcr_bot//worlds/small_warehouse.sdf
[1.927s] -- Installing: /root/ros2_ws/install/bcr_bot/share/bcr_bot//rviz
[1.928s] -- Installing: /root/ros2_ws/install/bcr_bot/share/bcr_bot//rviz/entire_setup.rviz
[1.932s] -- Installing: /root/ros2_ws/install/bcr_bot/share/bcr_bot//rviz/map.rviz
[1.935s] -- Installing: /root/ros2_ws/install/bcr_bot/share/bcr_bot/config
[1.936s] -- Installing: /root/ros2_ws/install/bcr_bot/share/bcr_bot/config/bcr_map.pgm
[1.944s] -- Installing: /root/ros2_ws/install/bcr_bot/share/bcr_bot/config/bcr_map.yaml
[1.947s] -- Installing: /root/ros2_ws/install/bcr_bot/share/bcr_bot/config/mapper_params_online_async.yaml
[1.950s] -- Installing: /root/ros2_ws/install/bcr_bot/share/bcr_bot/config/nav2_params.yaml
[1.954s] -- Installing: /root/ros2_ws/install/bcr_bot/lib/bcr_bot/remapper.py
[1.959s] -- Installing: /root/ros2_ws/install/bcr_bot/share/ament_index/resource_index/package_run_dependencies/bcr_bot
[1.964s] -- Installing: /root/ros2_ws/install/bcr_bot/share/ament_index/resource_index/parent_prefix_path/bcr_bot
[1.970s] -- Installing: /root/ros2_ws/install/bcr_bot/share/bcr_bot/environment/ament_prefix_path.sh
[1.974s] -- Installing: /root/ros2_ws/install/bcr_bot/share/bcr_bot/environment/ament_prefix_path.dsv
[1.977s] -- Installing: /root/ros2_ws/install/bcr_bot/share/bcr_bot/environment/path.sh
[1.980s] -- Installing: /root/ros2_ws/install/bcr_bot/share/bcr_bot/environment/path.dsv
[1.983s] -- Installing: /root/ros2_ws/install/bcr_bot/share/bcr_bot/local_setup.bash
[1.986s] -- Installing: /root/ros2_ws/install/bcr_bot/share/bcr_bot/local_setup.sh
[1.990s] -- Installing: /root/ros2_ws/install/bcr_bot/share/bcr_bot/local_setup.zsh
[1.994s] -- Installing: /root/ros2_ws/install/bcr_bot/share/bcr_bot/local_setup.dsv
[1.999s] -- Installing: /root/ros2_ws/install/bcr_bot/share/bcr_bot/package.dsv
[2.005s] -- Installing: /root/ros2_ws/install/bcr_bot/share/ament_index/resource_index/packages/bcr_bot
[2.010s] -- Installing: /root/ros2_ws/install/bcr_bot/share/bcr_bot/cmake/bcr_botConfig.cmake
[2.013s] -- Installing: /root/ros2_ws/install/bcr_bot/share/bcr_bot/cmake/bcr_botConfig-version.cmake
[2.016s] -- Installing: /root/ros2_ws/install/bcr_bot/share/bcr_bot/package.xml
[2.021s] Invoked command in '/root/ros2_ws/build/bcr_bot' returned '0': CMAKE_PREFIX_PATH=/opt/ros/humble /usr/bin/cmake --install /root/ros2_ws/build/bcr_bot
