[0.000000] (-) TimerEvent: {}
[0.000380] (bcr_bot) JobQueued: {'identifier': 'bcr_bot', 'dependencies': OrderedDict()}
[0.000609] (bcr_bot) JobStarted: {'identifier': 'bcr_bot'}
[0.012719] (bcr_bot) JobProgress: {'identifier': 'bcr_bot', 'progress': 'cmake'}
[0.014090] (bcr_bot) JobProgress: {'identifier': 'bcr_bot', 'progress': 'build'}
[0.014850] (bcr_bot) Command: {'cmd': ['/usr/bin/cmake', '--build', '/root/ros2_ws/build/bcr_bot', '--', '-j4', '-l4'], 'cwd': '/root/ros2_ws/build/bcr_bot', 'env': OrderedDict([('HOSTNAME', 'kira9k-IdeaPad-3-15ARE05'), ('SHLVL', '1'), ('LD_LIBRARY_PATH', '/usr/lib/x86_64-linux-gnu/gazebo-11/plugins:/opt/ros/humble/opt/rviz_ogre_vendor/lib:/opt/ros/humble/lib/x86_64-linux-gnu:/opt/ros/humble/lib'), ('HOME', '/root'), ('ROS_PYTHON_VERSION', '3'), ('WORKSPACE', '/root/ros2_ws'), ('COLCON_PREFIX_PATH', '/root/ros2_ws/install'), ('ROS_DISTRO', 'humble'), ('_', '/usr/bin/colcon'), ('ROS_VERSION', '2'), ('TERM', 'xterm'), ('ROS_LOCALHOST_ONLY', '0'), ('PATH', '/opt/ros/humble/bin:/usr/local/sbin:/usr/local/bin:/usr/sbin:/usr/bin:/sbin:/bin'), ('XDG_RUNTIME_DIR', '/tmp/runtime-root'), ('DISPLAY', ':0'), ('LANG', 'C.UTF-8'), ('AMENT_PREFIX_PATH', '/root/ros2_ws/install/bcr_bot:/opt/ros/humble'), ('PWD', '/root/ros2_ws/build/bcr_bot'), ('LC_ALL', 'C.UTF-8'), ('PYTHONPATH', '/opt/ros/humble/lib/python3.10/site-packages:/opt/ros/humble/local/lib/python3.10/dist-packages'), ('COLCON', '1'), ('CMAKE_PREFIX_PATH', '/root/ros2_ws/install/bcr_bot:/opt/ros/humble')]), 'shell': False}
[0.057401] (bcr_bot) CommandEnded: {'returncode': 0}
[0.058488] (bcr_bot) JobProgress: {'identifier': 'bcr_bot', 'progress': 'install'}
[0.066148] (bcr_bot) Command: {'cmd': ['/usr/bin/cmake', '--install', '/root/ros2_ws/build/bcr_bot'], 'cwd': '/root/ros2_ws/build/bcr_bot', 'env': OrderedDict([('HOSTNAME', 'kira9k-IdeaPad-3-15ARE05'), ('SHLVL', '1'), ('LD_LIBRARY_PATH', '/usr/lib/x86_64-linux-gnu/gazebo-11/plugins:/opt/ros/humble/opt/rviz_ogre_vendor/lib:/opt/ros/humble/lib/x86_64-linux-gnu:/opt/ros/humble/lib'), ('HOME', '/root'), ('ROS_PYTHON_VERSION', '3'), ('WORKSPACE', '/root/ros2_ws'), ('COLCON_PREFIX_PATH', '/root/ros2_ws/install'), ('ROS_DISTRO', 'humble'), ('_', '/usr/bin/colcon'), ('ROS_VERSION', '2'), ('TERM', 'xterm'), ('ROS_LOCALHOST_ONLY', '0'), ('PATH', '/opt/ros/humble/bin:/usr/local/sbin:/usr/local/bin:/usr/sbin:/usr/bin:/sbin:/bin'), ('XDG_RUNTIME_DIR', '/tmp/runtime-root'), ('DISPLAY', ':0'), ('LANG', 'C.UTF-8'), ('AMENT_PREFIX_PATH', '/root/ros2_ws/install/bcr_bot:/opt/ros/humble'), ('PWD', '/root/ros2_ws/build/bcr_bot'), ('LC_ALL', 'C.UTF-8'), ('PYTHONPATH', '/opt/ros/humble/lib/python3.10/site-packages:/opt/ros/humble/local/lib/python3.10/dist-packages'), ('COLCON', '1'), ('CMAKE_PREFIX_PATH', '/root/ros2_ws/install/bcr_bot:/opt/ros/humble')]), 'shell': False}
[0.073899] (bcr_bot) StdoutLine: {'line': b'-- Install configuration: ""\n'}
[0.074957] (bcr_bot) StdoutLine: {'line': b'-- Up-to-date: /root/ros2_ws/install/bcr_bot/share/bcr_bot//launch\n'}
[0.079388] (bcr_bot) StdoutLine: {'line': b'-- Up-to-date: /root/ros2_ws/install/bcr_bot/share/bcr_bot//launch/bcr_bot_gazebo_spawn.launch.py\n'}
[0.080139] (bcr_bot) StdoutLine: {'line': b'-- Up-to-date: /root/ros2_ws/install/bcr_bot/share/bcr_bot//launch/bcr_bot_gz_spawn.launch.py\n'}
[0.080850] (bcr_bot) StdoutLine: {'line': b'-- Up-to-date: /root/ros2_ws/install/bcr_bot/share/bcr_bot//launch/bcr_bot_ign_spawn.launch.py\n'}
[0.081744] (bcr_bot) StdoutLine: {'line': b'-- Up-to-date: /root/ros2_ws/install/bcr_bot/share/bcr_bot//launch/gazebo.launch.py\n'}
[0.082421] (bcr_bot) StdoutLine: {'line': b'-- Up-to-date: /root/ros2_ws/install/bcr_bot/share/bcr_bot//launch/gz.launch.py\n'}
[0.083108] (bcr_bot) StdoutLine: {'line': b'-- Up-to-date: /root/ros2_ws/install/bcr_bot/share/bcr_bot//launch/ign.launch.py\n'}
[0.083760] (bcr_bot) StdoutLine: {'line': b'-- Up-to-date: /root/ros2_ws/install/bcr_bot/share/bcr_bot//launch/mapping.launch.py\n'}
[0.084457] (bcr_bot) StdoutLine: {'line': b'-- Up-to-date: /root/ros2_ws/install/bcr_bot/share/bcr_bot//launch/nav2.launch.py\n'}
[0.085137] (bcr_bot) StdoutLine: {'line': b'-- Up-to-date: /root/ros2_ws/install/bcr_bot/share/bcr_bot//launch/rviz.launch.py\n'}
[0.085718] (bcr_bot) StdoutLine: {'line': b'-- Up-to-date: /root/ros2_ws/install/bcr_bot/share/bcr_bot//meshes\n'}
[0.086755] (bcr_bot) StdoutLine: {'line': b'-- Up-to-date: /root/ros2_ws/install/bcr_bot/share/bcr_bot//meshes/bcr_bot_mesh.dae\n'}
[0.087360] (bcr_bot) StdoutLine: {'line': b'-- Up-to-date: /root/ros2_ws/install/bcr_bot/share/bcr_bot//meshes/kinect\n'}
[0.088442] (bcr_bot) StdoutLine: {'line': b'-- Up-to-date: /root/ros2_ws/install/bcr_bot/share/bcr_bot//meshes/kinect/d415.dae\n'}
[0.089260] (bcr_bot) StdoutLine: {'line': b'-- Up-to-date: /root/ros2_ws/install/bcr_bot/share/bcr_bot//meshes/kinect/kinect.dae\n'}
[0.090064] (bcr_bot) StdoutLine: {'line': b'-- Up-to-date: /root/ros2_ws/install/bcr_bot/share/bcr_bot//meshes/kinect/kinect.jpg\n'}
[0.091105] (bcr_bot) StdoutLine: {'line': b'-- Up-to-date: /root/ros2_ws/install/bcr_bot/share/bcr_bot//meshes/kinect/kinect.tga\n'}
[0.092055] (bcr_bot) StdoutLine: {'line': b'-- Up-to-date: /root/ros2_ws/install/bcr_bot/share/bcr_bot//meshes/logo.png\n'}
[0.092983] (bcr_bot) StdoutLine: {'line': b'-- Up-to-date: /root/ros2_ws/install/bcr_bot/share/bcr_bot//meshes/realsense_texture.png\n'}
[0.093672] (bcr_bot) StdoutLine: {'line': b'-- Up-to-date: /root/ros2_ws/install/bcr_bot/share/bcr_bot//models\n'}
[0.094820] (bcr_bot) StdoutLine: {'line': b'-- Up-to-date: /root/ros2_ws/install/bcr_bot/share/bcr_bot//models/aws_robomaker_warehouse_Bucket_01\n'}
[0.096279] (bcr_bot) StdoutLine: {'line': b'-- Up-to-date: /root/ros2_ws/install/bcr_bot/share/bcr_bot//models/aws_robomaker_warehouse_Bucket_01/.DS_Store\n'}
[0.097153] (bcr_bot) StdoutLine: {'line': b'-- Up-to-date: /root/ros2_ws/install/bcr_bot/share/bcr_bot//models/aws_robomaker_warehouse_Bucket_01/materials\n'}
[0.098782] (bcr_bot) StdoutLine: {'line': b'-- Up-to-date: /root/ros2_ws/install/bcr_bot/share/bcr_bot//models/aws_robomaker_warehouse_Bucket_01/materials/.DS_Store\n'}
[0.099198] (-) TimerEvent: {}
[0.099858] (bcr_bot) StdoutLine: {'line': b'-- Up-to-date: /root/ros2_ws/install/bcr_bot/share/bcr_bot//models/aws_robomaker_warehouse_Bucket_01/materials/textures\n'}
[0.101388] (bcr_bot) StdoutLine: {'line': b'-- Up-to-date: /root/ros2_ws/install/bcr_bot/share/bcr_bot//models/aws_robomaker_warehouse_Bucket_01/materials/textures/aws_robomaker_warehouse_Bucket_01.png\n'}
[0.102053] (bcr_bot) StdoutLine: {'line': b'-- Up-to-date: /root/ros2_ws/install/bcr_bot/share/bcr_bot//models/aws_robomaker_warehouse_Bucket_01/meshes\n'}
[0.103311] (bcr_bot) StdoutLine: {'line': b'-- Up-to-date: /root/ros2_ws/install/bcr_bot/share/bcr_bot//models/aws_robomaker_warehouse_Bucket_01/meshes/aws_robomaker_warehouse_Bucket_01_collision.DAE\n'}
[0.104209] (bcr_bot) StdoutLine: {'line': b'-- Up-to-date: /root/ros2_ws/install/bcr_bot/share/bcr_bot//models/aws_robomaker_warehouse_Bucket_01/meshes/aws_robomaker_warehouse_Bucket_01_visual.DAE\n'}
[0.105014] (bcr_bot) StdoutLine: {'line': b'-- Up-to-date: /root/ros2_ws/install/bcr_bot/share/bcr_bot//models/aws_robomaker_warehouse_Bucket_01/model.config\n'}
[0.105800] (bcr_bot) StdoutLine: {'line': b'-- Up-to-date: /root/ros2_ws/install/bcr_bot/share/bcr_bot//models/aws_robomaker_warehouse_Bucket_01/model.sdf\n'}
[0.106385] (bcr_bot) StdoutLine: {'line': b'-- Up-to-date: /root/ros2_ws/install/bcr_bot/share/bcr_bot//models/aws_robomaker_warehouse_ClutteringA_01\n'}
[0.107442] (bcr_bot) StdoutLine: {'line': b'-- Up-to-date: /root/ros2_ws/install/bcr_bot/share/bcr_bot//models/aws_robomaker_warehouse_ClutteringA_01/.DS_Store\n'}
[0.108073] (bcr_bot) StdoutLine: {'line': b'-- Up-to-date: /root/ros2_ws/install/bcr_bot/share/bcr_bot//models/aws_robomaker_warehouse_ClutteringA_01/materials\n'}
[0.109276] (bcr_bot) StdoutLine: {'line': b'-- Up-to-date: /root/ros2_ws/install/bcr_bot/share/bcr_bot//models/aws_robomaker_warehouse_ClutteringA_01/materials/.DS_Store\n'}
[0.109993] (bcr_bot) StdoutLine: {'line': b'-- Up-to-date: /root/ros2_ws/install/bcr_bot/share/bcr_bot//models/aws_robomaker_warehouse_ClutteringA_01/materials/textures\n'}
[0.111617] (bcr_bot) StdoutLine: {'line': b'-- Up-to-date: /root/ros2_ws/install/bcr_bot/share/bcr_bot//models/aws_robomaker_warehouse_ClutteringA_01/materials/textures/.DS_Store\n'}
[0.113194] (bcr_bot) StdoutLine: {'line': b'-- Up-to-date: /root/ros2_ws/install/bcr_bot/share/bcr_bot//models/aws_robomaker_warehouse_ClutteringA_01/materials/textures/aws_robomaker_warehouse_ClutteringA_01.png\n'}
[0.114225] (bcr_bot) StdoutLine: {'line': b'-- Up-to-date: /root/ros2_ws/install/bcr_bot/share/bcr_bot//models/aws_robomaker_warehouse_ClutteringA_01/materials/textures/aws_robomaker_warehouse_ClutteringA_02.png\n'}
[0.115815] (bcr_bot) StdoutLine: {'line': b'-- Up-to-date: /root/ros2_ws/install/bcr_bot/share/bcr_bot//models/aws_robomaker_warehouse_ClutteringA_01/materials/textures/aws_robomaker_warehouse_ClutteringA_03.png\n'}
[0.116662] (bcr_bot) StdoutLine: {'line': b'-- Up-to-date: /root/ros2_ws/install/bcr_bot/share/bcr_bot//models/aws_robomaker_warehouse_ClutteringA_01/meshes\n'}
[0.117986] (bcr_bot) StdoutLine: {'line': b'-- Up-to-date: /root/ros2_ws/install/bcr_bot/share/bcr_bot//models/aws_robomaker_warehouse_ClutteringA_01/meshes/aws_robomaker_warehouse_ClutteringA_01_collision.DAE\n'}
[0.119032] (bcr_bot) StdoutLine: {'line': b'-- Up-to-date: /root/ros2_ws/install/bcr_bot/share/bcr_bot//models/aws_robomaker_warehouse_ClutteringA_01/meshes/aws_robomaker_warehouse_ClutteringA_01_visual.DAE\n'}
[0.120108] (bcr_bot) StdoutLine: {'line': b'-- Up-to-date: /root/ros2_ws/install/bcr_bot/share/bcr_bot//models/aws_robomaker_warehouse_ClutteringA_01/model.config\n'}
[0.121175] (bcr_bot) StdoutLine: {'line': b'-- Up-to-date: /root/ros2_ws/install/bcr_bot/share/bcr_bot//models/aws_robomaker_warehouse_ClutteringA_01/model.sdf\n'}
[0.121765] (bcr_bot) StdoutLine: {'line': b'-- Up-to-date: /root/ros2_ws/install/bcr_bot/share/bcr_bot//models/aws_robomaker_warehouse_ClutteringC_01\n'}
[0.122871] (bcr_bot) StdoutLine: {'line': b'-- Up-to-date: /root/ros2_ws/install/bcr_bot/share/bcr_bot//models/aws_robomaker_warehouse_ClutteringC_01/materials\n'}
[0.124412] (bcr_bot) StdoutLine: {'line': b'-- Up-to-date: /root/ros2_ws/install/bcr_bot/share/bcr_bot//models/aws_robomaker_warehouse_ClutteringC_01/materials/textures\n'}
[0.126056] (bcr_bot) StdoutLine: {'line': b'-- Up-to-date: /root/ros2_ws/install/bcr_bot/share/bcr_bot//models/aws_robomaker_warehouse_ClutteringC_01/materials/textures/aws_robomaker_warehouse_ClutteringC_01.png\n'}
[0.127137] (bcr_bot) StdoutLine: {'line': b'-- Up-to-date: /root/ros2_ws/install/bcr_bot/share/bcr_bot//models/aws_robomaker_warehouse_ClutteringC_01/materials/textures/aws_robomaker_warehouse_ClutteringC_02.png\n'}
[0.127854] (bcr_bot) StdoutLine: {'line': b'-- Up-to-date: /root/ros2_ws/install/bcr_bot/share/bcr_bot//models/aws_robomaker_warehouse_ClutteringC_01/meshes\n'}
[0.129137] (bcr_bot) StdoutLine: {'line': b'-- Up-to-date: /root/ros2_ws/install/bcr_bot/share/bcr_bot//models/aws_robomaker_warehouse_ClutteringC_01/meshes/aws_robomaker_warehouse_ClutteringC_01_collision.DAE\n'}
[0.130030] (bcr_bot) StdoutLine: {'line': b'-- Up-to-date: /root/ros2_ws/install/bcr_bot/share/bcr_bot//models/aws_robomaker_warehouse_ClutteringC_01/meshes/aws_robomaker_warehouse_ClutteringC_01_visual.DAE\n'}
[0.130842] (bcr_bot) StdoutLine: {'line': b'-- Up-to-date: /root/ros2_ws/install/bcr_bot/share/bcr_bot//models/aws_robomaker_warehouse_ClutteringC_01/model.config\n'}
[0.131634] (bcr_bot) StdoutLine: {'line': b'-- Up-to-date: /root/ros2_ws/install/bcr_bot/share/bcr_bot//models/aws_robomaker_warehouse_ClutteringC_01/model.sdf\n'}
[0.132335] (bcr_bot) StdoutLine: {'line': b'-- Up-to-date: /root/ros2_ws/install/bcr_bot/share/bcr_bot//models/aws_robomaker_warehouse_ClutteringD_01\n'}
[0.133470] (bcr_bot) StdoutLine: {'line': b'-- Up-to-date: /root/ros2_ws/install/bcr_bot/share/bcr_bot//models/aws_robomaker_warehouse_ClutteringD_01/materials\n'}
[0.134779] (bcr_bot) StdoutLine: {'line': b'-- Up-to-date: /root/ros2_ws/install/bcr_bot/share/bcr_bot//models/aws_robomaker_warehouse_ClutteringD_01/materials/textures\n'}
[0.136804] (bcr_bot) StdoutLine: {'line': b'-- Up-to-date: /root/ros2_ws/install/bcr_bot/share/bcr_bot//models/aws_robomaker_warehouse_ClutteringD_01/materials/textures/aws_robomaker_warehouse_ClutteringD_01.png\n'}
[0.138210] (bcr_bot) StdoutLine: {'line': b'-- Up-to-date: /root/ros2_ws/install/bcr_bot/share/bcr_bot//models/aws_robomaker_warehouse_ClutteringD_01/materials/textures/aws_robomaker_warehouse_ClutteringD_02.png\n'}
[0.139361] (bcr_bot) StdoutLine: {'line': b'-- Up-to-date: /root/ros2_ws/install/bcr_bot/share/bcr_bot//models/aws_robomaker_warehouse_ClutteringD_01/meshes\n'}
[0.141193] (bcr_bot) StdoutLine: {'line': b'-- Up-to-date: /root/ros2_ws/install/bcr_bot/share/bcr_bot//models/aws_robomaker_warehouse_ClutteringD_01/meshes/aws_robomaker_warehouse_ClutteringD_01_collision.DAE\n'}
[0.142451] (bcr_bot) StdoutLine: {'line': b'-- Up-to-date: /root/ros2_ws/install/bcr_bot/share/bcr_bot//models/aws_robomaker_warehouse_ClutteringD_01/meshes/aws_robomaker_warehouse_ClutteringD_01_visual.DAE\n'}
[0.143528] (bcr_bot) StdoutLine: {'line': b'-- Up-to-date: /root/ros2_ws/install/bcr_bot/share/bcr_bot//models/aws_robomaker_warehouse_ClutteringD_01/model.config\n'}
[0.144580] (bcr_bot) StdoutLine: {'line': b'-- Up-to-date: /root/ros2_ws/install/bcr_bot/share/bcr_bot//models/aws_robomaker_warehouse_ClutteringD_01/model.sdf\n'}
[0.145391] (bcr_bot) StdoutLine: {'line': b'-- Up-to-date: /root/ros2_ws/install/bcr_bot/share/bcr_bot//models/aws_robomaker_warehouse_DeskC_01\n'}
[0.146610] (bcr_bot) StdoutLine: {'line': b'-- Up-to-date: /root/ros2_ws/install/bcr_bot/share/bcr_bot//models/aws_robomaker_warehouse_DeskC_01/materials\n'}
[0.148214] (bcr_bot) StdoutLine: {'line': b'-- Up-to-date: /root/ros2_ws/install/bcr_bot/share/bcr_bot//models/aws_robomaker_warehouse_DeskC_01/materials/.DS_Store\n'}
[0.149200] (bcr_bot) StdoutLine: {'line': b'-- Up-to-date: /root/ros2_ws/install/bcr_bot/share/bcr_bot//models/aws_robomaker_warehouse_DeskC_01/materials/textures\n'}
[0.151027] (bcr_bot) StdoutLine: {'line': b'-- Up-to-date: /root/ros2_ws/install/bcr_bot/share/bcr_bot//models/aws_robomaker_warehouse_DeskC_01/materials/textures/aws_robomaker_warehouse_DeskC_01.png\n'}
[0.152465] (bcr_bot) StdoutLine: {'line': b'-- Up-to-date: /root/ros2_ws/install/bcr_bot/share/bcr_bot//models/aws_robomaker_warehouse_DeskC_01/materials/textures/aws_robomaker_warehouse_DeskC_02.png\n'}
[0.153823] (bcr_bot) StdoutLine: {'line': b'-- Up-to-date: /root/ros2_ws/install/bcr_bot/share/bcr_bot//models/aws_robomaker_warehouse_DeskC_01/materials/textures/aws_robomaker_warehouse_DeskC_03.png\n'}
[0.155194] (bcr_bot) StdoutLine: {'line': b'-- Up-to-date: /root/ros2_ws/install/bcr_bot/share/bcr_bot//models/aws_robomaker_warehouse_DeskC_01/materials/textures/aws_robomaker_warehouse_DeskC_03.psd\n'}
[0.156552] (bcr_bot) StdoutLine: {'line': b'-- Up-to-date: /root/ros2_ws/install/bcr_bot/share/bcr_bot//models/aws_robomaker_warehouse_DeskC_01/materials/textures/aws_robomaker_warehouse_DeskC_04.png\n'}
[0.157493] (bcr_bot) StdoutLine: {'line': b'-- Up-to-date: /root/ros2_ws/install/bcr_bot/share/bcr_bot//models/aws_robomaker_warehouse_DeskC_01/meshes\n'}
[0.159133] (bcr_bot) StdoutLine: {'line': b'-- Up-to-date: /root/ros2_ws/install/bcr_bot/share/bcr_bot//models/aws_robomaker_warehouse_DeskC_01/meshes/aws_robomaker_warehouse_DeskC_01_collision.DAE\n'}
[0.160349] (bcr_bot) StdoutLine: {'line': b'-- Up-to-date: /root/ros2_ws/install/bcr_bot/share/bcr_bot//models/aws_robomaker_warehouse_DeskC_01/meshes/aws_robomaker_warehouse_DeskC_01_visual.DAE\n'}
[0.161458] (bcr_bot) StdoutLine: {'line': b'-- Up-to-date: /root/ros2_ws/install/bcr_bot/share/bcr_bot//models/aws_robomaker_warehouse_DeskC_01/model.config\n'}
[0.162503] (bcr_bot) StdoutLine: {'line': b'-- Up-to-date: /root/ros2_ws/install/bcr_bot/share/bcr_bot//models/aws_robomaker_warehouse_DeskC_01/model.sdf\n'}
[0.163313] (bcr_bot) StdoutLine: {'line': b'-- Up-to-date: /root/ros2_ws/install/bcr_bot/share/bcr_bot//models/aws_robomaker_warehouse_GroundB_01\n'}
[0.164551] (bcr_bot) StdoutLine: {'line': b'-- Up-to-date: /root/ros2_ws/install/bcr_bot/share/bcr_bot//models/aws_robomaker_warehouse_GroundB_01/materials\n'}
[0.165968] (bcr_bot) StdoutLine: {'line': b'-- Up-to-date: /root/ros2_ws/install/bcr_bot/share/bcr_bot//models/aws_robomaker_warehouse_GroundB_01/materials/textures\n'}
[0.167816] (bcr_bot) StdoutLine: {'line': b'-- Up-to-date: /root/ros2_ws/install/bcr_bot/share/bcr_bot//models/aws_robomaker_warehouse_GroundB_01/materials/textures/aws_robomaker_warehouse_GroundB_01.png\n'}
[0.169138] (bcr_bot) StdoutLine: {'line': b'-- Up-to-date: /root/ros2_ws/install/bcr_bot/share/bcr_bot//models/aws_robomaker_warehouse_GroundB_01/materials/textures/aws_robomaker_warehouse_GroundB_02.png\n'}
[0.170006] (bcr_bot) StdoutLine: {'line': b'-- Up-to-date: /root/ros2_ws/install/bcr_bot/share/bcr_bot//models/aws_robomaker_warehouse_GroundB_01/meshes\n'}
[0.171626] (bcr_bot) StdoutLine: {'line': b'-- Up-to-date: /root/ros2_ws/install/bcr_bot/share/bcr_bot//models/aws_robomaker_warehouse_GroundB_01/meshes/aws_robomaker_warehouse_GroundB_01_collision.DAE\n'}
[0.172830] (bcr_bot) StdoutLine: {'line': b'-- Up-to-date: /root/ros2_ws/install/bcr_bot/share/bcr_bot//models/aws_robomaker_warehouse_GroundB_01/meshes/aws_robomaker_warehouse_GroundB_01_visual.DAE\n'}
[0.173914] (bcr_bot) StdoutLine: {'line': b'-- Up-to-date: /root/ros2_ws/install/bcr_bot/share/bcr_bot//models/aws_robomaker_warehouse_GroundB_01/model.config\n'}
[0.174961] (bcr_bot) StdoutLine: {'line': b'-- Up-to-date: /root/ros2_ws/install/bcr_bot/share/bcr_bot//models/aws_robomaker_warehouse_GroundB_01/model.sdf\n'}
[0.175758] (bcr_bot) StdoutLine: {'line': b'-- Up-to-date: /root/ros2_ws/install/bcr_bot/share/bcr_bot//models/aws_robomaker_warehouse_Lamp_01\n'}
[0.177011] (bcr_bot) StdoutLine: {'line': b'-- Up-to-date: /root/ros2_ws/install/bcr_bot/share/bcr_bot//models/aws_robomaker_warehouse_Lamp_01/materials\n'}
[0.178434] (bcr_bot) StdoutLine: {'line': b'-- Up-to-date: /root/ros2_ws/install/bcr_bot/share/bcr_bot//models/aws_robomaker_warehouse_Lamp_01/materials/textures\n'}
[0.180251] (bcr_bot) StdoutLine: {'line': b'-- Up-to-date: /root/ros2_ws/install/bcr_bot/share/bcr_bot//models/aws_robomaker_warehouse_Lamp_01/materials/textures/aws_robomaker_warehouse_Lamp_01.png\n'}
[0.181172] (bcr_bot) StdoutLine: {'line': b'-- Up-to-date: /root/ros2_ws/install/bcr_bot/share/bcr_bot//models/aws_robomaker_warehouse_Lamp_01/meshes\n'}
[0.182798] (bcr_bot) StdoutLine: {'line': b'-- Up-to-date: /root/ros2_ws/install/bcr_bot/share/bcr_bot//models/aws_robomaker_warehouse_Lamp_01/meshes/aws_robomaker_warehouse_Lamp_01_collision.DAE\n'}
[0.184054] (bcr_bot) StdoutLine: {'line': b'-- Up-to-date: /root/ros2_ws/install/bcr_bot/share/bcr_bot//models/aws_robomaker_warehouse_Lamp_01/meshes/aws_robomaker_warehouse_Lamp_01_visual.DAE\n'}
[0.185132] (bcr_bot) StdoutLine: {'line': b'-- Up-to-date: /root/ros2_ws/install/bcr_bot/share/bcr_bot//models/aws_robomaker_warehouse_Lamp_01/model.config\n'}
[0.186179] (bcr_bot) StdoutLine: {'line': b'-- Up-to-date: /root/ros2_ws/install/bcr_bot/share/bcr_bot//models/aws_robomaker_warehouse_Lamp_01/model.sdf\n'}
[0.186966] (bcr_bot) StdoutLine: {'line': b'-- Up-to-date: /root/ros2_ws/install/bcr_bot/share/bcr_bot//models/aws_robomaker_warehouse_PalletJackB_01\n'}
[0.188393] (bcr_bot) StdoutLine: {'line': b'-- Up-to-date: /root/ros2_ws/install/bcr_bot/share/bcr_bot//models/aws_robomaker_warehouse_PalletJackB_01/.DS_Store\n'}
[0.189270] (bcr_bot) StdoutLine: {'line': b'-- Up-to-date: /root/ros2_ws/install/bcr_bot/share/bcr_bot//models/aws_robomaker_warehouse_PalletJackB_01/materials\n'}
[0.190869] (bcr_bot) StdoutLine: {'line': b'-- Up-to-date: /root/ros2_ws/install/bcr_bot/share/bcr_bot//models/aws_robomaker_warehouse_PalletJackB_01/materials/.DS_Store\n'}
[0.192163] (bcr_bot) StdoutLine: {'line': b'-- Up-to-date: /root/ros2_ws/install/bcr_bot/share/bcr_bot//models/aws_robomaker_warehouse_PalletJackB_01/materials/textures\n'}
[0.193654] (bcr_bot) StdoutLine: {'line': b'-- Up-to-date: /root/ros2_ws/install/bcr_bot/share/bcr_bot//models/aws_robomaker_warehouse_PalletJackB_01/materials/textures/aws_robomaker_warehouse_PalletJackB_01.png\n'}
[0.194653] (bcr_bot) StdoutLine: {'line': b'-- Up-to-date: /root/ros2_ws/install/bcr_bot/share/bcr_bot//models/aws_robomaker_warehouse_PalletJackB_01/materials/textures/aws_robomaker_warehouse_PalletJackB_02.png\n'}
[0.195357] (bcr_bot) StdoutLine: {'line': b'-- Up-to-date: /root/ros2_ws/install/bcr_bot/share/bcr_bot//models/aws_robomaker_warehouse_PalletJackB_01/meshes\n'}
[0.196508] (bcr_bot) StdoutLine: {'line': b'-- Up-to-date: /root/ros2_ws/install/bcr_bot/share/bcr_bot//models/aws_robomaker_warehouse_PalletJackB_01/meshes/aws_robomaker_warehouse_PalletJackB_01_collision.DAE\n'}
[0.197438] (bcr_bot) StdoutLine: {'line': b'-- Up-to-date: /root/ros2_ws/install/bcr_bot/share/bcr_bot//models/aws_robomaker_warehouse_PalletJackB_01/meshes/aws_robomaker_warehouse_PalletJackB_01_visual.DAE\n'}
[0.198239] (bcr_bot) StdoutLine: {'line': b'-- Up-to-date: /root/ros2_ws/install/bcr_bot/share/bcr_bot//models/aws_robomaker_warehouse_PalletJackB_01/model.config\n'}
[0.199010] (bcr_bot) StdoutLine: {'line': b'-- Up-to-date: /root/ros2_ws/install/bcr_bot/share/bcr_bot//models/aws_robomaker_warehouse_PalletJackB_01/model.sdf\n'}
[0.199257] (-) TimerEvent: {}
[0.199746] (bcr_bot) StdoutLine: {'line': b'-- Up-to-date: /root/ros2_ws/install/bcr_bot/share/bcr_bot//models/aws_robomaker_warehouse_RoofB_01\n'}
[0.200923] (bcr_bot) StdoutLine: {'line': b'-- Up-to-date: /root/ros2_ws/install/bcr_bot/share/bcr_bot//models/aws_robomaker_warehouse_RoofB_01/materials\n'}
[0.202623] (bcr_bot) StdoutLine: {'line': b'-- Up-to-date: /root/ros2_ws/install/bcr_bot/share/bcr_bot//models/aws_robomaker_warehouse_RoofB_01/materials/textures\n'}
[0.204560] (bcr_bot) StdoutLine: {'line': b'-- Up-to-date: /root/ros2_ws/install/bcr_bot/share/bcr_bot//models/aws_robomaker_warehouse_RoofB_01/materials/textures/aws_robomaker_warehouse_RoofB_01.png\n'}
[0.205424] (bcr_bot) StdoutLine: {'line': b'-- Up-to-date: /root/ros2_ws/install/bcr_bot/share/bcr_bot//models/aws_robomaker_warehouse_RoofB_01/meshes\n'}
[0.206703] (bcr_bot) StdoutLine: {'line': b'-- Up-to-date: /root/ros2_ws/install/bcr_bot/share/bcr_bot//models/aws_robomaker_warehouse_RoofB_01/meshes/aws_robomaker_warehouse_RoofB_01_collision.DAE\n'}
[0.207588] (bcr_bot) StdoutLine: {'line': b'-- Up-to-date: /root/ros2_ws/install/bcr_bot/share/bcr_bot//models/aws_robomaker_warehouse_RoofB_01/meshes/aws_robomaker_warehouse_RoofB_01_visual.DAE\n'}
[0.208362] (bcr_bot) StdoutLine: {'line': b'-- Up-to-date: /root/ros2_ws/install/bcr_bot/share/bcr_bot//models/aws_robomaker_warehouse_RoofB_01/model.config\n'}
[0.209172] (bcr_bot) StdoutLine: {'line': b'-- Up-to-date: /root/ros2_ws/install/bcr_bot/share/bcr_bot//models/aws_robomaker_warehouse_RoofB_01/model.sdf\n'}
[0.209752] (bcr_bot) StdoutLine: {'line': b'-- Up-to-date: /root/ros2_ws/install/bcr_bot/share/bcr_bot//models/aws_robomaker_warehouse_ShelfD_01\n'}
[0.210788] (bcr_bot) StdoutLine: {'line': b'-- Up-to-date: /root/ros2_ws/install/bcr_bot/share/bcr_bot//models/aws_robomaker_warehouse_ShelfD_01/materials\n'}
[0.211808] (bcr_bot) StdoutLine: {'line': b'-- Up-to-date: /root/ros2_ws/install/bcr_bot/share/bcr_bot//models/aws_robomaker_warehouse_ShelfD_01/materials/textures\n'}
[0.213128] (bcr_bot) StdoutLine: {'line': b'-- Up-to-date: /root/ros2_ws/install/bcr_bot/share/bcr_bot//models/aws_robomaker_warehouse_ShelfD_01/materials/textures/aws_robomaker_warehouse_ShelfD_01.png\n'}
[0.214125] (bcr_bot) StdoutLine: {'line': b'-- Up-to-date: /root/ros2_ws/install/bcr_bot/share/bcr_bot//models/aws_robomaker_warehouse_ShelfD_01/materials/textures/aws_robomaker_warehouse_ShelfD_02.png\n'}
[0.215174] (bcr_bot) StdoutLine: {'line': b'-- Up-to-date: /root/ros2_ws/install/bcr_bot/share/bcr_bot//models/aws_robomaker_warehouse_ShelfD_01/materials/textures/aws_robomaker_warehouse_ShelfD_03.png\n'}
[0.216159] (bcr_bot) StdoutLine: {'line': b'-- Up-to-date: /root/ros2_ws/install/bcr_bot/share/bcr_bot//models/aws_robomaker_warehouse_ShelfD_01/materials/textures/aws_robomaker_warehouse_ShelfD_04.png\n'}
[0.216853] (bcr_bot) StdoutLine: {'line': b'-- Up-to-date: /root/ros2_ws/install/bcr_bot/share/bcr_bot//models/aws_robomaker_warehouse_ShelfD_01/meshes\n'}
[0.218055] (bcr_bot) StdoutLine: {'line': b'-- Up-to-date: /root/ros2_ws/install/bcr_bot/share/bcr_bot//models/aws_robomaker_warehouse_ShelfD_01/meshes/aws_robomaker_warehouse_ShelfD_01_collision.DAE\n'}
[0.218956] (bcr_bot) StdoutLine: {'line': b'-- Up-to-date: /root/ros2_ws/install/bcr_bot/share/bcr_bot//models/aws_robomaker_warehouse_ShelfD_01/meshes/aws_robomaker_warehouse_ShelfD_01_visual.DAE\n'}
[0.219751] (bcr_bot) StdoutLine: {'line': b'-- Up-to-date: /root/ros2_ws/install/bcr_bot/share/bcr_bot//models/aws_robomaker_warehouse_ShelfD_01/model.config\n'}
[0.220526] (bcr_bot) StdoutLine: {'line': b'-- Up-to-date: /root/ros2_ws/install/bcr_bot/share/bcr_bot//models/aws_robomaker_warehouse_ShelfD_01/model.sdf\n'}
[0.221103] (bcr_bot) StdoutLine: {'line': b'-- Up-to-date: /root/ros2_ws/install/bcr_bot/share/bcr_bot//models/aws_robomaker_warehouse_ShelfE_01\n'}
[0.222163] (bcr_bot) StdoutLine: {'line': b'-- Up-to-date: /root/ros2_ws/install/bcr_bot/share/bcr_bot//models/aws_robomaker_warehouse_ShelfE_01/.DS_Store\n'}
[0.222807] (bcr_bot) StdoutLine: {'line': b'-- Up-to-date: /root/ros2_ws/install/bcr_bot/share/bcr_bot//models/aws_robomaker_warehouse_ShelfE_01/materials\n'}
[0.224006] (bcr_bot) StdoutLine: {'line': b'-- Up-to-date: /root/ros2_ws/install/bcr_bot/share/bcr_bot//models/aws_robomaker_warehouse_ShelfE_01/materials/.DS_Store\n'}
[0.224722] (bcr_bot) StdoutLine: {'line': b'-- Up-to-date: /root/ros2_ws/install/bcr_bot/share/bcr_bot//models/aws_robomaker_warehouse_ShelfE_01/materials/textures\n'}
[0.226111] (bcr_bot) StdoutLine: {'line': b'-- Up-to-date: /root/ros2_ws/install/bcr_bot/share/bcr_bot//models/aws_robomaker_warehouse_ShelfE_01/materials/textures/aws_robomaker_warehouse_ShelfE_01.png\n'}
[0.227143] (bcr_bot) StdoutLine: {'line': b'-- Up-to-date: /root/ros2_ws/install/bcr_bot/share/bcr_bot//models/aws_robomaker_warehouse_ShelfE_01/materials/textures/aws_robomaker_warehouse_ShelfE_02.png\n'}
[0.228391] (bcr_bot) StdoutLine: {'line': b'-- Up-to-date: /root/ros2_ws/install/bcr_bot/share/bcr_bot//models/aws_robomaker_warehouse_ShelfE_01/materials/textures/aws_robomaker_warehouse_ShelfE_03.png\n'}
[0.229701] (bcr_bot) StdoutLine: {'line': b'-- Up-to-date: /root/ros2_ws/install/bcr_bot/share/bcr_bot//models/aws_robomaker_warehouse_ShelfE_01/materials/textures/aws_robomaker_warehouse_ShelfE_04.png\n'}
[0.230561] (bcr_bot) StdoutLine: {'line': b'-- Up-to-date: /root/ros2_ws/install/bcr_bot/share/bcr_bot//models/aws_robomaker_warehouse_ShelfE_01/meshes\n'}
[0.232301] (bcr_bot) StdoutLine: {'line': b'-- Up-to-date: /root/ros2_ws/install/bcr_bot/share/bcr_bot//models/aws_robomaker_warehouse_ShelfE_01/meshes/aws_robomaker_warehouse_ShelfE_01_collision.DAE\n'}
[0.233358] (bcr_bot) StdoutLine: {'line': b'-- Up-to-date: /root/ros2_ws/install/bcr_bot/share/bcr_bot//models/aws_robomaker_warehouse_ShelfE_01/meshes/aws_robomaker_warehouse_ShelfE_01_visual.DAE\n'}
[0.234354] (bcr_bot) StdoutLine: {'line': b'-- Up-to-date: /root/ros2_ws/install/bcr_bot/share/bcr_bot//models/aws_robomaker_warehouse_ShelfE_01/model.config\n'}
[0.235407] (bcr_bot) StdoutLine: {'line': b'-- Up-to-date: /root/ros2_ws/install/bcr_bot/share/bcr_bot//models/aws_robomaker_warehouse_ShelfE_01/model.sdf\n'}
[0.236268] (bcr_bot) StdoutLine: {'line': b'-- Up-to-date: /root/ros2_ws/install/bcr_bot/share/bcr_bot//models/aws_robomaker_warehouse_ShelfF_01\n'}
[0.237531] (bcr_bot) StdoutLine: {'line': b'-- Up-to-date: /root/ros2_ws/install/bcr_bot/share/bcr_bot//models/aws_robomaker_warehouse_ShelfF_01/materials\n'}
[0.238804] (bcr_bot) StdoutLine: {'line': b'-- Up-to-date: /root/ros2_ws/install/bcr_bot/share/bcr_bot//models/aws_robomaker_warehouse_ShelfF_01/materials/textures\n'}
[0.240609] (bcr_bot) StdoutLine: {'line': b'-- Up-to-date: /root/ros2_ws/install/bcr_bot/share/bcr_bot//models/aws_robomaker_warehouse_ShelfF_01/materials/textures/aws_robomaker_warehouse_ShelfF_01.png\n'}
[0.241989] (bcr_bot) StdoutLine: {'line': b'-- Up-to-date: /root/ros2_ws/install/bcr_bot/share/bcr_bot//models/aws_robomaker_warehouse_ShelfF_01/materials/textures/aws_robomaker_warehouse_ShelfF_02.png\n'}
[0.243385] (bcr_bot) StdoutLine: {'line': b'-- Up-to-date: /root/ros2_ws/install/bcr_bot/share/bcr_bot//models/aws_robomaker_warehouse_ShelfF_01/materials/textures/aws_robomaker_warehouse_ShelfF_03.png\n'}
[0.244303] (bcr_bot) StdoutLine: {'line': b'-- Up-to-date: /root/ros2_ws/install/bcr_bot/share/bcr_bot//models/aws_robomaker_warehouse_ShelfF_01/meshes\n'}
[0.246070] (bcr_bot) StdoutLine: {'line': b'-- Up-to-date: /root/ros2_ws/install/bcr_bot/share/bcr_bot//models/aws_robomaker_warehouse_ShelfF_01/meshes/aws_robomaker_warehouse_ShelfF_01_collision.DAE\n'}
[0.247332] (bcr_bot) StdoutLine: {'line': b'-- Up-to-date: /root/ros2_ws/install/bcr_bot/share/bcr_bot//models/aws_robomaker_warehouse_ShelfF_01/meshes/aws_robomaker_warehouse_ShelfF_01_visual.DAE\n'}
[0.248510] (bcr_bot) StdoutLine: {'line': b'-- Up-to-date: /root/ros2_ws/install/bcr_bot/share/bcr_bot//models/aws_robomaker_warehouse_ShelfF_01/model.config\n'}
[0.249803] (bcr_bot) StdoutLine: {'line': b'-- Up-to-date: /root/ros2_ws/install/bcr_bot/share/bcr_bot//models/aws_robomaker_warehouse_ShelfF_01/model.sdf\n'}
[0.250629] (bcr_bot) StdoutLine: {'line': b'-- Up-to-date: /root/ros2_ws/install/bcr_bot/share/bcr_bot//models/aws_robomaker_warehouse_TrashCanC_01\n'}
[0.251910] (bcr_bot) StdoutLine: {'line': b'-- Up-to-date: /root/ros2_ws/install/bcr_bot/share/bcr_bot//models/aws_robomaker_warehouse_TrashCanC_01/materials\n'}
[0.253313] (bcr_bot) StdoutLine: {'line': b'-- Up-to-date: /root/ros2_ws/install/bcr_bot/share/bcr_bot//models/aws_robomaker_warehouse_TrashCanC_01/materials/textures\n'}
[0.255209] (bcr_bot) StdoutLine: {'line': b'-- Up-to-date: /root/ros2_ws/install/bcr_bot/share/bcr_bot//models/aws_robomaker_warehouse_TrashCanC_01/materials/textures/aws_robomaker_warehouse_TrashCanC_01.png\n'}
[0.256422] (bcr_bot) StdoutLine: {'line': b'-- Up-to-date: /root/ros2_ws/install/bcr_bot/share/bcr_bot//models/aws_robomaker_warehouse_TrashCanC_01/meshes\n'}
[0.257975] (bcr_bot) StdoutLine: {'line': b'-- Up-to-date: /root/ros2_ws/install/bcr_bot/share/bcr_bot//models/aws_robomaker_warehouse_TrashCanC_01/meshes/aws_robomaker_warehouse_TrashCanC_01_collision.DAE\n'}
[0.259226] (bcr_bot) StdoutLine: {'line': b'-- Up-to-date: /root/ros2_ws/install/bcr_bot/share/bcr_bot//models/aws_robomaker_warehouse_TrashCanC_01/meshes/aws_robomaker_warehouse_TrashCanC_01_visual.DAE\n'}
[0.260372] (bcr_bot) StdoutLine: {'line': b'-- Up-to-date: /root/ros2_ws/install/bcr_bot/share/bcr_bot//models/aws_robomaker_warehouse_TrashCanC_01/model.config\n'}
[0.261438] (bcr_bot) StdoutLine: {'line': b'-- Up-to-date: /root/ros2_ws/install/bcr_bot/share/bcr_bot//models/aws_robomaker_warehouse_TrashCanC_01/model.sdf\n'}
[0.262233] (bcr_bot) StdoutLine: {'line': b'-- Up-to-date: /root/ros2_ws/install/bcr_bot/share/bcr_bot//models/aws_robomaker_warehouse_WallB_01\n'}
[0.263486] (bcr_bot) StdoutLine: {'line': b'-- Up-to-date: /root/ros2_ws/install/bcr_bot/share/bcr_bot//models/aws_robomaker_warehouse_WallB_01/materials\n'}
[0.264910] (bcr_bot) StdoutLine: {'line': b'-- Up-to-date: /root/ros2_ws/install/bcr_bot/share/bcr_bot//models/aws_robomaker_warehouse_WallB_01/materials/textures\n'}
[0.266769] (bcr_bot) StdoutLine: {'line': b'-- Up-to-date: /root/ros2_ws/install/bcr_bot/share/bcr_bot//models/aws_robomaker_warehouse_WallB_01/materials/textures/aws_robomaker_warehouse_WallB_01.png\n'}
[0.267739] (bcr_bot) StdoutLine: {'line': b'-- Up-to-date: /root/ros2_ws/install/bcr_bot/share/bcr_bot//models/aws_robomaker_warehouse_WallB_01/meshes\n'}
[0.269423] (bcr_bot) StdoutLine: {'line': b'-- Up-to-date: /root/ros2_ws/install/bcr_bot/share/bcr_bot//models/aws_robomaker_warehouse_WallB_01/meshes/aws_robomaker_warehouse_WallB_01_collision.DAE\n'}
[0.270635] (bcr_bot) StdoutLine: {'line': b'-- Up-to-date: /root/ros2_ws/install/bcr_bot/share/bcr_bot//models/aws_robomaker_warehouse_WallB_01/meshes/aws_robomaker_warehouse_WallB_01_visual.DAE\n'}
[0.271747] (bcr_bot) StdoutLine: {'line': b'-- Up-to-date: /root/ros2_ws/install/bcr_bot/share/bcr_bot//models/aws_robomaker_warehouse_WallB_01/model.config\n'}
[0.272830] (bcr_bot) StdoutLine: {'line': b'-- Up-to-date: /root/ros2_ws/install/bcr_bot/share/bcr_bot//models/aws_robomaker_warehouse_WallB_01/model.sdf\n'}
[0.273563] (bcr_bot) StdoutLine: {'line': b'-- Up-to-date: /root/ros2_ws/install/bcr_bot/share/bcr_bot//urdf\n'}
[0.274823] (bcr_bot) StdoutLine: {'line': b'-- Up-to-date: /root/ros2_ws/install/bcr_bot/share/bcr_bot//urdf/bcr_bot.xacro\n'}
[0.275769] (bcr_bot) StdoutLine: {'line': b'-- Up-to-date: /root/ros2_ws/install/bcr_bot/share/bcr_bot//urdf/gazebo.xacro\n'}
[0.276651] (bcr_bot) StdoutLine: {'line': b'-- Up-to-date: /root/ros2_ws/install/bcr_bot/share/bcr_bot//urdf/gz.xacro\n'}
[0.277522] (bcr_bot) StdoutLine: {'line': b'-- Up-to-date: /root/ros2_ws/install/bcr_bot/share/bcr_bot//urdf/ign.xacro\n'}
[0.278438] (bcr_bot) StdoutLine: {'line': b'-- Up-to-date: /root/ros2_ws/install/bcr_bot/share/bcr_bot//urdf/macros.xacro\n'}
[0.279529] (bcr_bot) StdoutLine: {'line': b'-- Up-to-date: /root/ros2_ws/install/bcr_bot/share/bcr_bot//urdf/materials.xacro\n'}
[0.280364] (bcr_bot) StdoutLine: {'line': b'-- Up-to-date: /root/ros2_ws/install/bcr_bot/share/bcr_bot//worlds\n'}
[0.281524] (bcr_bot) StdoutLine: {'line': b'-- Up-to-date: /root/ros2_ws/install/bcr_bot/share/bcr_bot//worlds/empty.sdf\n'}
[0.282694] (bcr_bot) StdoutLine: {'line': b'-- Up-to-date: /root/ros2_ws/install/bcr_bot/share/bcr_bot//worlds/small_warehouse.sdf\n'}
[0.283474] (bcr_bot) StdoutLine: {'line': b'-- Up-to-date: /root/ros2_ws/install/bcr_bot/share/bcr_bot//rviz\n'}
[0.284841] (bcr_bot) StdoutLine: {'line': b'-- Up-to-date: /root/ros2_ws/install/bcr_bot/share/bcr_bot//rviz/entire_setup.rviz\n'}
[0.285738] (bcr_bot) StdoutLine: {'line': b'-- Up-to-date: /root/ros2_ws/install/bcr_bot/share/bcr_bot//rviz/map.rviz\n'}
[0.286501] (bcr_bot) StdoutLine: {'line': b'-- Up-to-date: /root/ros2_ws/install/bcr_bot/share/bcr_bot/config\n'}
[0.288050] (bcr_bot) StdoutLine: {'line': b'-- Up-to-date: /root/ros2_ws/install/bcr_bot/share/bcr_bot/config/bcr_map.pgm\n'}
[0.290054] (bcr_bot) StdoutLine: {'line': b'-- Up-to-date: /root/ros2_ws/install/bcr_bot/share/bcr_bot/config/bcr_map.yaml\n'}
[0.291148] (bcr_bot) StdoutLine: {'line': b'-- Up-to-date: /root/ros2_ws/install/bcr_bot/share/bcr_bot/config/mapper_params_online_async.yaml\n'}
[0.292207] (bcr_bot) StdoutLine: {'line': b'-- Up-to-date: /root/ros2_ws/install/bcr_bot/share/bcr_bot/config/nav2_params.yaml\n'}
[0.293569] (bcr_bot) StdoutLine: {'line': b'-- Up-to-date: /root/ros2_ws/install/bcr_bot/lib/bcr_bot/remapper.py\n'}
[0.295552] (bcr_bot) StdoutLine: {'line': b'-- Up-to-date: /root/ros2_ws/install/bcr_bot/share/ament_index/resource_index/package_run_dependencies/bcr_bot\n'}
[0.297512] (bcr_bot) StdoutLine: {'line': b'-- Up-to-date: /root/ros2_ws/install/bcr_bot/share/ament_index/resource_index/parent_prefix_path/bcr_bot\n'}
[0.298581] (bcr_bot) StdoutLine: {'line': b'-- Up-to-date: /root/ros2_ws/install/bcr_bot/share/bcr_bot/environment/ament_prefix_path.sh\n'}
[0.299346] (-) TimerEvent: {}
[0.300351] (bcr_bot) StdoutLine: {'line': b'-- Up-to-date: /root/ros2_ws/install/bcr_bot/share/bcr_bot/environment/ament_prefix_path.dsv\n'}
[0.301440] (bcr_bot) StdoutLine: {'line': b'-- Up-to-date: /root/ros2_ws/install/bcr_bot/share/bcr_bot/environment/path.sh\n'}
[0.302994] (bcr_bot) StdoutLine: {'line': b'-- Up-to-date: /root/ros2_ws/install/bcr_bot/share/bcr_bot/environment/path.dsv\n'}
[0.304411] (bcr_bot) StdoutLine: {'line': b'-- Up-to-date: /root/ros2_ws/install/bcr_bot/share/bcr_bot/local_setup.bash\n'}
[0.305842] (bcr_bot) StdoutLine: {'line': b'-- Up-to-date: /root/ros2_ws/install/bcr_bot/share/bcr_bot/local_setup.sh\n'}
[0.307316] (bcr_bot) StdoutLine: {'line': b'-- Up-to-date: /root/ros2_ws/install/bcr_bot/share/bcr_bot/local_setup.zsh\n'}
[0.308687] (bcr_bot) StdoutLine: {'line': b'-- Up-to-date: /root/ros2_ws/install/bcr_bot/share/bcr_bot/local_setup.dsv\n'}
[0.310120] (bcr_bot) StdoutLine: {'line': b'-- Installing: /root/ros2_ws/install/bcr_bot/share/bcr_bot/package.dsv\n'}
[0.315611] (bcr_bot) StdoutLine: {'line': b'-- Up-to-date: /root/ros2_ws/install/bcr_bot/share/ament_index/resource_index/packages/bcr_bot\n'}
[0.317438] (bcr_bot) StdoutLine: {'line': b'-- Up-to-date: /root/ros2_ws/install/bcr_bot/share/bcr_bot/cmake/bcr_botConfig.cmake\n'}
[0.318832] (bcr_bot) StdoutLine: {'line': b'-- Up-to-date: /root/ros2_ws/install/bcr_bot/share/bcr_bot/cmake/bcr_botConfig-version.cmake\n'}
[0.320305] (bcr_bot) StdoutLine: {'line': b'-- Up-to-date: /root/ros2_ws/install/bcr_bot/share/bcr_bot/package.xml\n'}
[0.324721] (bcr_bot) CommandEnded: {'returncode': 0}
[0.374266] (bcr_bot) JobEnded: {'identifier': 'bcr_bot', 'rc': 0}
[0.375651] (-) EventReactorShutdown: {}
